<?xml version="1.0" encoding="UTF-8"?>
<testsuite name="flexi.fegcentral.backend.integration.users.UserTest" tests="2" skipped="0" failures="0" errors="0" timestamp="2020-06-10T13:27:24" hostname="DESKTOP-8MV4NGR" time="2.302">
  <properties/>
  <testcase name="existing_username_on_creation_scenario" classname="flexi.fegcentral.backend.integration.users.UserTest" time="0.144"/>
  <testcase name="generate_and_delete_users_scenario" classname="flexi.fegcentral.backend.integration.users.UserTest" time="2.157"/>
  <system-out><![CDATA[]]></system-out>
  <system-err><![CDATA[]]></system-err>
</testsuite>
