<?xml version="1.0" encoding="UTF-8"?>
<testsuite name="flexi.fegcentral.backend.integration.data.modules.market.MarketTest" tests="1" skipped="0" failures="1" errors="0" timestamp="2020-06-10T13:27:12" hostname="DESKTOP-8MV4NGR" time="2.116">
  <properties/>
  <testcase name="mass_order_generation_scenario" classname="flexi.fegcentral.backend.integration.data.modules.market.MarketTest" time="2.116">
    <failure message="java.lang.AssertionError: Status expected:&lt;200&gt; but was:&lt;500&gt;" type="java.lang.AssertionError">java.lang.AssertionError: Status expected:&lt;200&gt; but was:&lt;500&gt;
	at org.springframework.test.util.AssertionErrors.fail(AssertionErrors.java:59)
	at org.springframework.test.util.AssertionErrors.assertEquals(AssertionErrors.java:98)
	at org.springframework.test.web.servlet.result.StatusResultMatchers.lambda$matcher$9(StatusResultMatchers.java:619)
	at org.springframework.test.web.servlet.MockMvc$1.andExpect(MockMvc.java:195)
	at flexi.fegcentral.backend.integration.data.modules.market.MarketTest.getActiveProducts(MarketTest.java:273)
	at flexi.fegcentral.backend.integration.data.modules.market.MarketTest.mass_order_generation_scenario(MarketTest.java:135)
	at java.base/jdk.internal.reflect.NativeMethodAccessorImpl.invoke0(Native Method)
	at java.base/jdk.internal.reflect.NativeMethodAccessorImpl.invoke(NativeMethodAccessorImpl.java:62)
	at java.base/jdk.internal.reflect.DelegatingMethodAccessorImpl.invoke(DelegatingMethodAccessorImpl.java:43)
	at java.base/java.lang.reflect.Method.invoke(Method.java:566)
	at org.junit.runners.model.FrameworkMethod$1.runReflectiveCall(FrameworkMethod.java:50)
	at org.junit.internal.runners.model.ReflectiveCallable.run(ReflectiveCallable.java:12)
	at org.junit.runners.model.FrameworkMethod.invokeExplosively(FrameworkMethod.java:47)
	at org.junit.internal.runners.statements.InvokeMethod.evaluate(InvokeMethod.java:17)
	at org.springframework.test.context.junit4.statements.RunBeforeTestExecutionCallbacks.evaluate(RunBeforeTestExecutionCallbacks.java:74)
	at org.springframework.test.context.junit4.statements.RunAfterTestExecutionCallbacks.evaluate(RunAfterTestExecutionCallbacks.java:84)
	at org.junit.internal.runners.statements.RunBefores.evaluate(RunBefores.java:26)
	at org.springframework.test.context.junit4.statements.RunBeforeTestMethodCallbacks.evaluate(RunBeforeTestMethodCallbacks.java:75)
	at org.springframework.test.context.junit4.statements.RunAfterTestMethodCallbacks.evaluate(RunAfterTestMethodCallbacks.java:86)
	at org.springframework.test.context.junit4.statements.SpringRepeat.evaluate(SpringRepeat.java:84)
	at org.junit.runners.ParentRunner.runLeaf(ParentRunner.java:325)
	at org.springframework.test.context.junit4.SpringJUnit4ClassRunner.runChild(SpringJUnit4ClassRunner.java:251)
	at org.springframework.test.context.junit4.SpringJUnit4ClassRunner.runChild(SpringJUnit4ClassRunner.java:97)
	at org.junit.runners.ParentRunner$3.run(ParentRunner.java:290)
	at org.junit.runners.ParentRunner$1.schedule(ParentRunner.java:71)
	at org.junit.runners.ParentRunner.runChildren(ParentRunner.java:288)
	at org.junit.runners.ParentRunner.access$000(ParentRunner.java:58)
	at org.junit.runners.ParentRunner$2.evaluate(ParentRunner.java:268)
	at org.springframework.test.context.junit4.statements.RunBeforeTestClassCallbacks.evaluate(RunBeforeTestClassCallbacks.java:61)
	at org.springframework.test.context.junit4.statements.RunAfterTestClassCallbacks.evaluate(RunAfterTestClassCallbacks.java:70)
	at org.junit.runners.ParentRunner.run(ParentRunner.java:363)
	at org.springframework.test.context.junit4.SpringJUnit4ClassRunner.run(SpringJUnit4ClassRunner.java:190)
	at org.gradle.api.internal.tasks.testing.junit.JUnitTestClassExecutor.runTestClass(JUnitTestClassExecutor.java:110)
	at org.gradle.api.internal.tasks.testing.junit.JUnitTestClassExecutor.execute(JUnitTestClassExecutor.java:58)
	at org.gradle.api.internal.tasks.testing.junit.JUnitTestClassExecutor.execute(JUnitTestClassExecutor.java:38)
	at org.gradle.api.internal.tasks.testing.junit.AbstractJUnitTestClassProcessor.processTestClass(AbstractJUnitTestClassProcessor.java:62)
	at org.gradle.api.internal.tasks.testing.SuiteTestClassProcessor.processTestClass(SuiteTestClassProcessor.java:51)
	at java.base/jdk.internal.reflect.NativeMethodAccessorImpl.invoke0(Native Method)
	at java.base/jdk.internal.reflect.NativeMethodAccessorImpl.invoke(NativeMethodAccessorImpl.java:62)
	at java.base/jdk.internal.reflect.DelegatingMethodAccessorImpl.invoke(DelegatingMethodAccessorImpl.java:43)
	at java.base/java.lang.reflect.Method.invoke(Method.java:566)
	at org.gradle.internal.dispatch.ReflectionDispatch.dispatch(ReflectionDispatch.java:35)
	at org.gradle.internal.dispatch.ReflectionDispatch.dispatch(ReflectionDispatch.java:24)
	at org.gradle.internal.dispatch.ContextClassLoaderDispatch.dispatch(ContextClassLoaderDispatch.java:32)
	at org.gradle.internal.dispatch.ProxyDispatchAdapter$DispatchingInvocationHandler.invoke(ProxyDispatchAdapter.java:93)
	at com.sun.proxy.$Proxy2.processTestClass(Unknown Source)
	at org.gradle.api.internal.tasks.testing.worker.TestWorker.processTestClass(TestWorker.java:118)
	at java.base/jdk.internal.reflect.NativeMethodAccessorImpl.invoke0(Native Method)
	at java.base/jdk.internal.reflect.NativeMethodAccessorImpl.invoke(NativeMethodAccessorImpl.java:62)
	at java.base/jdk.internal.reflect.DelegatingMethodAccessorImpl.invoke(DelegatingMethodAccessorImpl.java:43)
	at java.base/java.lang.reflect.Method.invoke(Method.java:566)
	at org.gradle.internal.dispatch.ReflectionDispatch.dispatch(ReflectionDispatch.java:35)
	at org.gradle.internal.dispatch.ReflectionDispatch.dispatch(ReflectionDispatch.java:24)
	at org.gradle.internal.remote.internal.hub.MessageHubBackedObjectConnection$DispatchWrapper.dispatch(MessageHubBackedObjectConnection.java:175)
	at org.gradle.internal.remote.internal.hub.MessageHubBackedObjectConnection$DispatchWrapper.dispatch(MessageHubBackedObjectConnection.java:157)
	at org.gradle.internal.remote.internal.hub.MessageHub$Handler.run(MessageHub.java:404)
	at org.gradle.internal.concurrent.ExecutorPolicy$CatchAndRecordFailures.onExecute(ExecutorPolicy.java:63)
	at org.gradle.internal.concurrent.ManagedExecutorImpl$1.run(ManagedExecutorImpl.java:46)
	at java.base/java.util.concurrent.ThreadPoolExecutor.runWorker(ThreadPoolExecutor.java:1128)
	at java.base/java.util.concurrent.ThreadPoolExecutor$Worker.run(ThreadPoolExecutor.java:628)
	at org.gradle.internal.concurrent.ThreadFactoryImpl$ManagedThreadRunnable.run(ThreadFactoryImpl.java:55)
	at java.base/java.lang.Thread.run(Thread.java:834)
</failure>
  </testcase>
  <system-out><![CDATA[16:27:12.533 [Test worker] INFO  f.f.b.s.d.m.m.TradingProcessInteractionService - open_product 2020-06-10T16:37:12.526532Z 2020-06-10T16:52:12.526532Z 110
16:27:12.533 [Test worker] INFO  f.f.b.s.d.m.m.TradingProcessInteractionService - OK
16:27:12.549 [Test worker] INFO  f.f.b.s.d.m.m.TradingProcessInteractionService - open_product 2020-06-10T19:28:12.543534600Z 2020-06-10T19:43:12.543534600Z 111
16:27:12.550 [Test worker] INFO  f.f.b.s.d.m.m.TradingProcessInteractionService - OK
16:27:12.568 [Test worker] INFO  f.f.b.s.d.m.m.TradingProcessInteractionService - open_product 2020-06-10T16:52:12.562534300Z 2020-06-10T17:07:12.562534300Z 112
16:27:12.568 [Test worker] INFO  f.f.b.s.d.m.m.TradingProcessInteractionService - OK
16:27:12.582 [Test worker] INFO  f.f.b.s.d.m.m.TradingProcessInteractionService - open_product 2020-06-10T18:44:12.575532200Z 2020-06-10T18:59:12.575532200Z 113
16:27:12.582 [Test worker] INFO  f.f.b.s.d.m.m.TradingProcessInteractionService - OK
16:27:12.596 [Test worker] INFO  f.f.b.s.d.m.m.TradingProcessInteractionService - open_product 2020-06-10T16:36:12.590532Z 2020-06-10T16:51:12.590532Z 114
16:27:12.597 [Test worker] INFO  f.f.b.s.d.m.m.TradingProcessInteractionService - OK
16:27:12.612 [Test worker] INFO  f.f.b.s.d.m.m.TradingProcessInteractionService - open_product 2020-06-10T16:53:12.605534Z 2020-06-10T17:08:12.605534Z 115
16:27:12.613 [Test worker] INFO  f.f.b.s.d.m.m.TradingProcessInteractionService - OK
16:27:12.637 [Test worker] INFO  f.f.b.s.d.m.m.TradingProcessInteractionService - open_product 2020-06-10T20:10:12.630531900Z 2020-06-10T20:25:12.630531900Z 116
16:27:12.637 [Test worker] INFO  f.f.b.s.d.m.m.TradingProcessInteractionService - OK
16:27:12.652 [Test worker] INFO  f.f.b.s.d.m.m.TradingProcessInteractionService - open_product 2020-06-10T22:10:12.646535200Z 2020-06-10T22:25:12.646535200Z 117
16:27:12.653 [Test worker] INFO  f.f.b.s.d.m.m.TradingProcessInteractionService - OK
16:27:12.707 [Test worker] INFO  f.f.b.s.d.m.m.TradingProcessInteractionService - open_product 2020-06-10T21:43:12.701533500Z 2020-06-10T21:58:12.701533500Z 118
16:27:12.708 [Test worker] INFO  f.f.b.s.d.m.m.TradingProcessInteractionService - OK
16:27:12.722 [Test worker] INFO  f.f.b.s.d.m.m.TradingProcessInteractionService - open_product 2020-06-10T20:04:12.716533100Z 2020-06-10T20:19:12.716533100Z 119
16:27:12.723 [Test worker] INFO  f.f.b.s.d.m.m.TradingProcessInteractionService - OK
16:27:12.737 [Test worker] INFO  f.f.b.s.d.m.m.TradingProcessInteractionService - open_product 2020-06-10T19:51:12.731533500Z 2020-06-10T20:06:12.731533500Z 120
16:27:12.738 [Test worker] INFO  f.f.b.s.d.m.m.TradingProcessInteractionService - OK
16:27:12.751 [Test worker] INFO  f.f.b.s.d.m.m.TradingProcessInteractionService - open_product 2020-06-10T20:39:12.745534300Z 2020-06-10T20:54:12.745534300Z 121
16:27:12.751 [Test worker] INFO  f.f.b.s.d.m.m.TradingProcessInteractionService - OK
16:27:12.766 [Test worker] INFO  f.f.b.s.d.m.m.TradingProcessInteractionService - open_product 2020-06-10T18:43:12.760534500Z 2020-06-10T18:58:12.760534500Z 122
16:27:12.766 [Test worker] INFO  f.f.b.s.d.m.m.TradingProcessInteractionService - OK
16:27:12.794 [Test worker] INFO  f.f.b.s.d.m.m.TradingProcessInteractionService - open_product 2020-06-10T21:57:12.788533500Z 2020-06-10T22:12:12.788533500Z 123
16:27:12.794 [Test worker] INFO  f.f.b.s.d.m.m.TradingProcessInteractionService - OK
16:27:12.809 [Test worker] INFO  f.f.b.s.d.m.m.TradingProcessInteractionService - open_product 2020-06-10T20:51:12.803532500Z 2020-06-10T21:06:12.803532500Z 124
16:27:12.810 [Test worker] INFO  f.f.b.s.d.m.m.TradingProcessInteractionService - OK
16:27:12.826 [Test worker] INFO  f.f.b.s.d.m.m.TradingProcessInteractionService - open_product 2020-06-10T17:54:12.820534200Z 2020-06-10T18:09:12.820534200Z 125
16:27:12.826 [Test worker] INFO  f.f.b.s.d.m.m.TradingProcessInteractionService - OK
16:27:12.841 [Test worker] INFO  f.f.b.s.d.m.m.TradingProcessInteractionService - open_product 2020-06-10T20:43:12.835532600Z 2020-06-10T20:58:12.835532600Z 126
16:27:12.841 [Test worker] INFO  f.f.b.s.d.m.m.TradingProcessInteractionService - OK
16:27:12.854 [Test worker] INFO  f.f.b.s.d.m.m.TradingProcessInteractionService - open_product 2020-06-10T18:00:12.849534200Z 2020-06-10T18:15:12.849534200Z 127
16:27:12.855 [Test worker] INFO  f.f.b.s.d.m.m.TradingProcessInteractionService - OK
16:27:12.880 [Test worker] INFO  f.f.b.s.d.m.m.TradingProcessInteractionService - open_product 2020-06-10T19:23:12.874532300Z 2020-06-10T19:38:12.874532300Z 128
16:27:12.880 [Test worker] INFO  f.f.b.s.d.m.m.TradingProcessInteractionService - OK
16:27:12.892 [Test worker] INFO  f.f.b.s.d.m.m.TradingProcessInteractionService - open_product 2020-06-10T16:35:12.886534Z 2020-06-10T16:50:12.886534Z 129
16:27:12.892 [Test worker] INFO  f.f.b.s.d.m.m.TradingProcessInteractionService - OK
16:27:12.906 [Test worker] INFO  f.f.b.s.d.m.m.TradingProcessInteractionService - open_product 2020-06-10T16:34:12.900533200Z 2020-06-10T16:49:12.900533200Z 130
16:27:12.906 [Test worker] INFO  f.f.b.s.d.m.m.TradingProcessInteractionService - OK
16:27:12.918 [Test worker] INFO  f.f.b.s.d.m.m.TradingProcessInteractionService - open_product 2020-06-10T21:18:12.912533Z 2020-06-10T21:33:12.912533Z 131
16:27:12.919 [Test worker] INFO  f.f.b.s.d.m.m.TradingProcessInteractionService - OK
16:27:12.933 [Test worker] INFO  f.f.b.s.d.m.m.TradingProcessInteractionService - open_product 2020-06-10T19:16:12.926531600Z 2020-06-10T19:31:12.926531600Z 132
16:27:12.933 [Test worker] INFO  f.f.b.s.d.m.m.TradingProcessInteractionService - OK
16:27:12.945 [Test worker] INFO  f.f.b.s.d.m.m.TradingProcessInteractionService - open_product 2020-06-10T19:32:12.939532500Z 2020-06-10T19:47:12.939532500Z 133
16:27:12.946 [Test worker] INFO  f.f.b.s.d.m.m.TradingProcessInteractionService - OK
16:27:12.959 [Test worker] INFO  f.f.b.s.d.m.m.TradingProcessInteractionService - open_product 2020-06-10T19:39:12.954535100Z 2020-06-10T19:54:12.954535100Z 134
16:27:12.959 [Test worker] INFO  f.f.b.s.d.m.m.TradingProcessInteractionService - OK
16:27:12.974 [Test worker] INFO  f.f.b.s.d.m.m.TradingProcessInteractionService - open_product 2020-06-10T19:37:12.968534700Z 2020-06-10T19:52:12.968534700Z 135
16:27:12.974 [Test worker] INFO  f.f.b.s.d.m.m.TradingProcessInteractionService - OK
16:27:12.993 [Test worker] INFO  f.f.b.s.d.m.m.TradingProcessInteractionService - open_product 2020-06-10T21:03:12.987534100Z 2020-06-10T21:18:12.987534100Z 136
16:27:12.994 [Test worker] INFO  f.f.b.s.d.m.m.TradingProcessInteractionService - OK
16:27:13.006 [Test worker] INFO  f.f.b.s.d.m.m.TradingProcessInteractionService - open_product 2020-06-10T22:22:13.001534300Z 2020-06-10T22:37:13.001534300Z 137
16:27:13.007 [Test worker] INFO  f.f.b.s.d.m.m.TradingProcessInteractionService - OK
16:27:13.018 [Test worker] INFO  f.f.b.s.d.m.m.TradingProcessInteractionService - open_product 2020-06-10T20:58:13.013534100Z 2020-06-10T21:13:13.013534100Z 138
16:27:13.018 [Test worker] INFO  f.f.b.s.d.m.m.TradingProcessInteractionService - OK
16:27:13.032 [Test worker] INFO  f.f.b.s.d.m.m.TradingProcessInteractionService - open_product 2020-06-10T21:07:13.026533800Z 2020-06-10T21:22:13.026533800Z 139
16:27:13.032 [Test worker] INFO  f.f.b.s.d.m.m.TradingProcessInteractionService - OK
16:27:13.059 [Test worker] INFO  f.f.b.s.d.m.m.TradingProcessInteractionService - open_product 2020-06-10T22:11:13.054533800Z 2020-06-10T22:26:13.054533800Z 140
16:27:13.059 [Test worker] INFO  f.f.b.s.d.m.m.TradingProcessInteractionService - OK
16:27:13.071 [Test worker] INFO  f.f.b.s.d.m.m.TradingProcessInteractionService - open_product 2020-06-10T20:12:13.066532200Z 2020-06-10T20:27:13.066532200Z 141
16:27:13.072 [Test worker] INFO  f.f.b.s.d.m.m.TradingProcessInteractionService - OK
16:27:13.084 [Test worker] INFO  f.f.b.s.d.m.m.TradingProcessInteractionService - open_product 2020-06-10T16:30:13.079532800Z 2020-06-10T16:45:13.079532800Z 142
16:27:13.084 [Test worker] INFO  f.f.b.s.d.m.m.TradingProcessInteractionService - OK
16:27:13.097 [Test worker] INFO  f.f.b.s.d.m.m.TradingProcessInteractionService - open_product 2020-06-10T20:03:13.092541600Z 2020-06-10T20:18:13.092541600Z 143
16:27:13.097 [Test worker] INFO  f.f.b.s.d.m.m.TradingProcessInteractionService - OK
16:27:13.108 [Test worker] INFO  f.f.b.s.d.m.m.TradingProcessInteractionService - open_product 2020-06-10T19:41:13.104532400Z 2020-06-10T19:56:13.104532400Z 144
16:27:13.108 [Test worker] INFO  f.f.b.s.d.m.m.TradingProcessInteractionService - OK
16:27:13.119 [Test worker] INFO  f.f.b.s.d.m.m.TradingProcessInteractionService - open_product 2020-06-10T21:39:13.115532900Z 2020-06-10T21:54:13.115532900Z 145
16:27:13.120 [Test worker] INFO  f.f.b.s.d.m.m.TradingProcessInteractionService - OK
16:27:13.130 [Test worker] INFO  f.f.b.s.d.m.m.TradingProcessInteractionService - open_product 2020-06-10T20:31:13.125533400Z 2020-06-10T20:46:13.125533400Z 146
16:27:13.130 [Test worker] INFO  f.f.b.s.d.m.m.TradingProcessInteractionService - OK
16:27:13.142 [Test worker] INFO  f.f.b.s.d.m.m.TradingProcessInteractionService - open_product 2020-06-10T17:45:13.136531800Z 2020-06-10T18:00:13.136531800Z 147
16:27:13.142 [Test worker] INFO  f.f.b.s.d.m.m.TradingProcessInteractionService - OK
16:27:13.154 [Test worker] INFO  f.f.b.s.d.m.m.TradingProcessInteractionService - open_product 2020-06-10T18:04:13.149535700Z 2020-06-10T18:19:13.149535700Z 148
16:27:13.155 [Test worker] INFO  f.f.b.s.d.m.m.TradingProcessInteractionService - OK
16:27:13.166 [Test worker] INFO  f.f.b.s.d.m.m.TradingProcessInteractionService - open_product 2020-06-10T17:25:13.160534700Z 2020-06-10T17:40:13.160534700Z 149
16:27:13.167 [Test worker] INFO  f.f.b.s.d.m.m.TradingProcessInteractionService - OK
16:27:13.178 [Test worker] INFO  f.f.b.s.d.m.m.TradingProcessInteractionService - open_product 2020-06-10T22:02:13.173534100Z 2020-06-10T22:17:13.173534100Z 150
16:27:13.179 [Test worker] INFO  f.f.b.s.d.m.m.TradingProcessInteractionService - OK
16:27:13.191 [Test worker] INFO  f.f.b.s.d.m.m.TradingProcessInteractionService - open_product 2020-06-10T17:15:13.185534900Z 2020-06-10T17:30:13.185534900Z 151
16:27:13.192 [Test worker] INFO  f.f.b.s.d.m.m.TradingProcessInteractionService - OK
16:27:13.205 [Test worker] INFO  f.f.b.s.d.m.m.TradingProcessInteractionService - open_product 2020-06-10T19:25:13.199532600Z 2020-06-10T19:40:13.199532600Z 152
16:27:13.205 [Test worker] INFO  f.f.b.s.d.m.m.TradingProcessInteractionService - OK
16:27:13.219 [Test worker] INFO  f.f.b.s.d.m.m.TradingProcessInteractionService - open_product 2020-06-10T17:18:13.214535400Z 2020-06-10T17:33:13.214535400Z 153
16:27:13.219 [Test worker] INFO  f.f.b.s.d.m.m.TradingProcessInteractionService - OK
16:27:13.232 [Test worker] INFO  f.f.b.s.d.m.m.TradingProcessInteractionService - open_product 2020-06-10T20:55:13.227532200Z 2020-06-10T21:10:13.227532200Z 154
16:27:13.233 [Test worker] INFO  f.f.b.s.d.m.m.TradingProcessInteractionService - OK
16:27:13.245 [Test worker] INFO  f.f.b.s.d.m.m.TradingProcessInteractionService - open_product 2020-06-10T20:55:13.239533Z 2020-06-10T21:10:13.239533Z 155
16:27:13.245 [Test worker] INFO  f.f.b.s.d.m.m.TradingProcessInteractionService - OK
16:27:13.276 [Test worker] INFO  f.f.b.s.d.m.m.TradingProcessInteractionService - open_product 2020-06-10T20:24:13.271532500Z 2020-06-10T20:39:13.271532500Z 156
16:27:13.277 [Test worker] INFO  f.f.b.s.d.m.m.TradingProcessInteractionService - OK
16:27:13.390 [Test worker] INFO  f.f.b.s.d.m.m.TradingProcessInteractionService - open_product 2020-06-10T16:57:13.385532600Z 2020-06-10T17:12:13.385532600Z 157
16:27:13.391 [Test worker] INFO  f.f.b.s.d.m.m.TradingProcessInteractionService - OK
16:27:13.467 [Test worker] INFO  f.f.b.s.d.m.m.TradingProcessInteractionService - open_product 2020-06-10T22:12:13.461532100Z 2020-06-10T22:27:13.461532100Z 158
16:27:13.467 [Test worker] INFO  f.f.b.s.d.m.m.TradingProcessInteractionService - OK
16:27:13.573 [Test worker] INFO  f.f.b.s.d.m.m.TradingProcessInteractionService - open_product 2020-06-10T21:01:13.568534800Z 2020-06-10T21:16:13.568534800Z 159
16:27:13.574 [Test worker] INFO  f.f.b.s.d.m.m.TradingProcessInteractionService - OK
16:27:13.587 [Test worker] INFO  f.f.b.s.d.m.m.TradingProcessInteractionService - open_product 2020-06-10T18:12:13.581534100Z 2020-06-10T18:27:13.581534100Z 160
16:27:13.588 [Test worker] INFO  f.f.b.s.d.m.m.TradingProcessInteractionService - OK
16:27:13.602 [Test worker] INFO  f.f.b.s.d.m.m.TradingProcessInteractionService - open_product 2020-06-10T21:38:13.596533900Z 2020-06-10T21:53:13.596533900Z 161
16:27:13.602 [Test worker] INFO  f.f.b.s.d.m.m.TradingProcessInteractionService - OK
16:27:13.617 [Test worker] INFO  f.f.b.s.d.m.m.TradingProcessInteractionService - open_product 2020-06-10T20:26:13.611534Z 2020-06-10T20:41:13.611534Z 162
16:27:13.617 [Test worker] INFO  f.f.b.s.d.m.m.TradingProcessInteractionService - OK
16:27:13.631 [Test worker] INFO  f.f.b.s.d.m.m.TradingProcessInteractionService - open_product 2020-06-10T17:47:13.625534400Z 2020-06-10T18:02:13.625534400Z 163
16:27:13.632 [Test worker] INFO  f.f.b.s.d.m.m.TradingProcessInteractionService - OK
16:27:13.647 [Test worker] INFO  f.f.b.s.d.m.m.TradingProcessInteractionService - open_product 2020-06-10T21:17:13.640536100Z 2020-06-10T21:32:13.640536100Z 164
16:27:13.647 [Test worker] INFO  f.f.b.s.d.m.m.TradingProcessInteractionService - OK
16:27:13.689 [Test worker] INFO  f.f.b.s.d.m.m.TradingProcessInteractionService - open_product 2020-06-10T20:09:13.683533300Z 2020-06-10T20:24:13.683533300Z 165
16:27:13.690 [Test worker] INFO  f.f.b.s.d.m.m.TradingProcessInteractionService - OK
16:27:13.714 [Test worker] INFO  f.f.b.s.d.m.m.TradingProcessInteractionService - open_product 2020-06-10T16:52:13.707534300Z 2020-06-10T17:07:13.707534300Z 166
16:27:13.714 [Test worker] INFO  f.f.b.s.d.m.m.TradingProcessInteractionService - OK
16:27:13.730 [Test worker] INFO  f.f.b.s.d.m.m.TradingProcessInteractionService - open_product 2020-06-10T16:31:13.724534800Z 2020-06-10T16:46:13.724534800Z 167
16:27:13.730 [Test worker] INFO  f.f.b.s.d.m.m.TradingProcessInteractionService - OK
16:27:13.749 [Test worker] INFO  f.f.b.s.d.m.m.TradingProcessInteractionService - open_product 2020-06-10T21:05:13.744532800Z 2020-06-10T21:20:13.744532800Z 168
16:27:13.750 [Test worker] INFO  f.f.b.s.d.m.m.TradingProcessInteractionService - OK
16:27:13.763 [Test worker] INFO  f.f.b.s.d.m.m.TradingProcessInteractionService - open_product 2020-06-10T17:41:13.757534800Z 2020-06-10T17:56:13.757534800Z 169
16:27:13.763 [Test worker] INFO  f.f.b.s.d.m.m.TradingProcessInteractionService - OK
16:27:13.778 [Test worker] INFO  f.f.b.s.d.m.m.TradingProcessInteractionService - open_product 2020-06-10T19:57:13.772533100Z 2020-06-10T20:12:13.772533100Z 170
16:27:13.778 [Test worker] INFO  f.f.b.s.d.m.m.TradingProcessInteractionService - OK
16:27:13.790 [Test worker] INFO  f.f.b.s.d.m.m.TradingProcessInteractionService - open_product 2020-06-10T18:46:13.785534700Z 2020-06-10T19:01:13.785534700Z 171
16:27:13.790 [Test worker] INFO  f.f.b.s.d.m.m.TradingProcessInteractionService - OK
16:27:13.805 [Test worker] INFO  f.f.b.s.d.m.m.TradingProcessInteractionService - open_product 2020-06-10T17:58:13.798533300Z 2020-06-10T18:13:13.798533300Z 172
16:27:13.805 [Test worker] INFO  f.f.b.s.d.m.m.TradingProcessInteractionService - OK
16:27:13.818 [Test worker] INFO  f.f.b.s.d.m.m.TradingProcessInteractionService - open_product 2020-06-10T21:13:13.812534300Z 2020-06-10T21:28:13.812534300Z 173
16:27:13.818 [Test worker] INFO  f.f.b.s.d.m.m.TradingProcessInteractionService - OK
16:27:13.842 [Test worker] INFO  f.f.b.s.d.m.m.TradingProcessInteractionService - open_product 2020-06-10T21:09:13.837533700Z 2020-06-10T21:24:13.837533700Z 174
16:27:13.843 [Test worker] INFO  f.f.b.s.d.m.m.TradingProcessInteractionService - OK
16:27:13.890 [Test worker] INFO  f.f.b.s.d.m.m.TradingProcessInteractionService - open_product 2020-06-10T16:37:13.884533500Z 2020-06-10T16:52:13.884533500Z 175
16:27:13.890 [Test worker] INFO  f.f.b.s.d.m.m.TradingProcessInteractionService - OK
16:27:13.902 [Test worker] INFO  f.f.b.s.d.m.m.TradingProcessInteractionService - open_product 2020-06-10T17:57:13.896532800Z 2020-06-10T18:12:13.896532800Z 176
16:27:13.902 [Test worker] INFO  f.f.b.s.d.m.m.TradingProcessInteractionService - OK
16:27:13.928 [Test worker] INFO  f.f.b.s.d.m.m.TradingProcessInteractionService - open_product 2020-06-10T17:28:13.923532900Z 2020-06-10T17:43:13.923532900Z 177
16:27:13.929 [Test worker] INFO  f.f.b.s.d.m.m.TradingProcessInteractionService - OK
16:27:13.941 [Test worker] INFO  f.f.b.s.d.m.m.TradingProcessInteractionService - open_product 2020-06-10T21:40:13.937534200Z 2020-06-10T21:55:13.937534200Z 178
16:27:13.942 [Test worker] INFO  f.f.b.s.d.m.m.TradingProcessInteractionService - OK
16:27:13.952 [Test worker] INFO  f.f.b.s.d.m.m.TradingProcessInteractionService - open_product 2020-06-10T22:18:13.947533500Z 2020-06-10T22:33:13.947533500Z 179
16:27:13.952 [Test worker] INFO  f.f.b.s.d.m.m.TradingProcessInteractionService - OK
16:27:13.979 [Test worker] INFO  f.f.b.s.d.m.m.TradingProcessInteractionService - open_product 2020-06-10T16:57:13.970532700Z 2020-06-10T17:12:13.970532700Z 180
16:27:13.979 [Test worker] INFO  f.f.b.s.d.m.m.TradingProcessInteractionService - OK
16:27:13.996 [Test worker] INFO  f.f.b.s.d.m.m.TradingProcessInteractionService - open_product 2020-06-10T20:11:13.987534100Z 2020-06-10T20:26:13.987534100Z 181
16:27:13.997 [Test worker] INFO  f.f.b.s.d.m.m.TradingProcessInteractionService - OK
16:27:14.011 [Test worker] INFO  f.f.b.s.d.m.m.TradingProcessInteractionService - open_product 2020-06-10T19:05:14.005535400Z 2020-06-10T19:20:14.005535400Z 182
16:27:14.011 [Test worker] INFO  f.f.b.s.d.m.m.TradingProcessInteractionService - OK
16:27:14.027 [Test worker] INFO  f.f.b.s.d.m.m.TradingProcessInteractionService - open_product 2020-06-10T16:29:14.021533Z 2020-06-10T16:44:14.021533Z 183
16:27:14.027 [Test worker] INFO  f.f.b.s.d.m.m.TradingProcessInteractionService - OK
16:27:14.049 [Test worker] INFO  f.f.b.s.d.m.m.TradingProcessInteractionService - open_product 2020-06-10T18:25:14.035533300Z 2020-06-10T18:40:14.035533300Z 184
16:27:14.050 [Test worker] INFO  f.f.b.s.d.m.m.TradingProcessInteractionService - OK
16:27:14.061 [Test worker] INFO  f.f.b.s.d.m.m.TradingProcessInteractionService - open_product 2020-06-10T19:10:14.056533400Z 2020-06-10T19:25:14.056533400Z 185
16:27:14.062 [Test worker] INFO  f.f.b.s.d.m.m.TradingProcessInteractionService - OK
16:27:14.102 [Test worker] INFO  f.f.b.s.d.m.m.TradingProcessInteractionService - open_product 2020-06-10T16:36:14.068533900Z 2020-06-10T16:51:14.068533900Z 186
16:27:14.102 [Test worker] INFO  f.f.b.s.d.m.m.TradingProcessInteractionService - OK
16:27:14.113 [Test worker] INFO  f.f.b.s.d.m.m.TradingProcessInteractionService - open_product 2020-06-10T21:06:14.107534Z 2020-06-10T21:21:14.107534Z 187
16:27:14.113 [Test worker] INFO  f.f.b.s.d.m.m.TradingProcessInteractionService - OK
16:27:14.125 [Test worker] INFO  f.f.b.s.d.m.m.TradingProcessInteractionService - open_product 2020-06-10T20:04:14.120534500Z 2020-06-10T20:19:14.120534500Z 188
16:27:14.126 [Test worker] INFO  f.f.b.s.d.m.m.TradingProcessInteractionService - OK
16:27:14.141 [Test worker] INFO  f.f.b.s.d.m.m.TradingProcessInteractionService - open_product 2020-06-10T17:28:14.135536600Z 2020-06-10T17:43:14.135536600Z 189
16:27:14.142 [Test worker] INFO  f.f.b.s.d.m.m.TradingProcessInteractionService - OK
16:27:14.155 [Test worker] INFO  f.f.b.s.d.m.m.TradingProcessInteractionService - open_product 2020-06-10T22:07:14.149533200Z 2020-06-10T22:22:14.149533200Z 190
16:27:14.155 [Test worker] INFO  f.f.b.s.d.m.m.TradingProcessInteractionService - OK
16:27:14.167 [Test worker] INFO  f.f.b.s.d.m.m.TradingProcessInteractionService - open_product 2020-06-10T19:57:14.162533700Z 2020-06-10T20:12:14.162533700Z 191
16:27:14.167 [Test worker] INFO  f.f.b.s.d.m.m.TradingProcessInteractionService - OK
16:27:14.182 [Test worker] INFO  f.f.b.s.d.m.m.TradingProcessInteractionService - open_product 2020-06-10T17:46:14.176534500Z 2020-06-10T18:01:14.176534500Z 192
16:27:14.183 [Test worker] INFO  f.f.b.s.d.m.m.TradingProcessInteractionService - OK
16:27:14.201 [Test worker] INFO  f.f.b.s.d.m.m.TradingProcessInteractionService - open_product 2020-06-10T19:33:14.195537200Z 2020-06-10T19:48:14.195537200Z 193
16:27:14.201 [Test worker] INFO  f.f.b.s.d.m.m.TradingProcessInteractionService - OK
16:27:14.212 [Test worker] INFO  f.f.b.s.d.m.m.TradingProcessInteractionService - open_product 2020-06-10T21:55:14.207534500Z 2020-06-10T22:10:14.207534500Z 194
16:27:14.212 [Test worker] INFO  f.f.b.s.d.m.m.TradingProcessInteractionService - OK
16:27:14.224 [Test worker] INFO  f.f.b.s.d.m.m.TradingProcessInteractionService - open_product 2020-06-10T20:59:14.219537200Z 2020-06-10T21:14:14.219537200Z 195
16:27:14.224 [Test worker] INFO  f.f.b.s.d.m.m.TradingProcessInteractionService - OK
16:27:14.234 [Test worker] INFO  f.f.b.s.d.m.m.TradingProcessInteractionService - open_product 2020-06-10T18:30:14.229532800Z 2020-06-10T18:45:14.229532800Z 196
16:27:14.235 [Test worker] INFO  f.f.b.s.d.m.m.TradingProcessInteractionService - OK
16:27:14.245 [Test worker] INFO  f.f.b.s.d.m.m.TradingProcessInteractionService - open_product 2020-06-10T18:00:14.240533500Z 2020-06-10T18:15:14.240533500Z 197
16:27:14.245 [Test worker] INFO  f.f.b.s.d.m.m.TradingProcessInteractionService - OK
16:27:14.262 [Test worker] INFO  f.f.b.s.d.m.m.TradingProcessInteractionService - open_product 2020-06-10T19:30:14.257533Z 2020-06-10T19:45:14.257533Z 198
16:27:14.262 [Test worker] INFO  f.f.b.s.d.m.m.TradingProcessInteractionService - OK
16:27:14.272 [Test worker] INFO  f.f.b.s.d.m.m.TradingProcessInteractionService - open_product 2020-06-10T20:49:14.267532Z 2020-06-10T21:04:14.267532Z 199
16:27:14.272 [Test worker] INFO  f.f.b.s.d.m.m.TradingProcessInteractionService - OK
16:27:14.282 [Test worker] INFO  f.f.b.s.d.m.m.TradingProcessInteractionService - open_product 2020-06-10T16:45:14.278537400Z 2020-06-10T17:00:14.278537400Z 200
16:27:14.282 [Test worker] INFO  f.f.b.s.d.m.m.TradingProcessInteractionService - OK
16:27:14.293 [Test worker] INFO  f.f.b.s.d.m.m.TradingProcessInteractionService - open_product 2020-06-10T17:14:14.289532500Z 2020-06-10T17:29:14.289532500Z 201
16:27:14.293 [Test worker] INFO  f.f.b.s.d.m.m.TradingProcessInteractionService - OK
16:27:14.306 [Test worker] INFO  f.f.b.s.d.m.m.TradingProcessInteractionService - open_product 2020-06-10T18:17:14.299536900Z 2020-06-10T18:32:14.299536900Z 202
16:27:14.306 [Test worker] INFO  f.f.b.s.d.m.m.TradingProcessInteractionService - OK
16:27:14.320 [Test worker] INFO  f.f.b.s.d.m.m.TradingProcessInteractionService - open_product 2020-06-10T20:21:14.313534200Z 2020-06-10T20:36:14.313534200Z 203
16:27:14.320 [Test worker] INFO  f.f.b.s.d.m.m.TradingProcessInteractionService - OK
16:27:14.343 [Test worker] INFO  f.f.b.s.d.m.m.TradingProcessInteractionService - open_product 2020-06-10T18:22:14.337533600Z 2020-06-10T18:37:14.337533600Z 204
16:27:14.343 [Test worker] INFO  f.f.b.s.d.m.m.TradingProcessInteractionService - OK
16:27:14.355 [Test worker] INFO  f.f.b.s.d.m.m.TradingProcessInteractionService - open_product 2020-06-10T21:27:14.350534900Z 2020-06-10T21:42:14.350534900Z 205
16:27:14.356 [Test worker] INFO  f.f.b.s.d.m.m.TradingProcessInteractionService - OK
16:27:14.370 [Test worker] INFO  f.f.b.s.d.m.m.TradingProcessInteractionService - open_product 2020-06-10T17:40:14.365533100Z 2020-06-10T17:55:14.365533100Z 206
16:27:14.371 [Test worker] INFO  f.f.b.s.d.m.m.TradingProcessInteractionService - OK
16:27:14.389 [Test worker] INFO  f.f.b.s.d.m.m.TradingProcessInteractionService - open_product 2020-06-10T22:11:14.383533800Z 2020-06-10T22:26:14.383533800Z 207
16:27:14.389 [Test worker] INFO  f.f.b.s.d.m.m.TradingProcessInteractionService - OK
16:27:14.406 [Test worker] INFO  f.f.b.s.d.m.m.TradingProcessInteractionService - open_product 2020-06-10T22:23:14.400534200Z 2020-06-10T22:38:14.400534200Z 208
16:27:14.406 [Test worker] INFO  f.f.b.s.d.m.m.TradingProcessInteractionService - OK
16:27:14.422 [Test worker] INFO  f.f.b.s.d.m.m.TradingProcessInteractionService - open_product 2020-06-10T20:29:14.417534600Z 2020-06-10T20:44:14.417534600Z 209
16:27:14.423 [Test worker] INFO  f.f.b.s.d.m.m.TradingProcessInteractionService - OK

MockHttpServletRequest:
      HTTP Method = POST
      Request URI = /users/auth/
       Parameters = {}
          Headers = [Content-Type:"application/json"]
             Body = <no character encoding set>
    Session Attrs = {}

Handler:
             Type = flexi.fegcentral.backend.controllers.users.UserController
           Method = public flexi.fegcentral.backend.dto.auth.JWTResponseDTO flexi.fegcentral.backend.controllers.users.UserController.authenticate(flexi.fegcentral.backend.dto.auth.LoginDTO)

Async:
    Async started = false
     Async result = null

Resolved Exception:
             Type = null

ModelAndView:
        View name = null
             View = null
            Model = null

FlashMap:
       Attributes = null

MockHttpServletResponse:
           Status = 200
    Error message = null
          Headers = [Content-Type:"application/json;charset=UTF-8"]
     Content type = application/json;charset=UTF-8
             Body = {"jwt":"eyJhbGciOiJIUzI1NiJ9.eyJqdGkiOiJiNjQyNTFiNi0zYTA0LTQyNGUtODdkZC1hNjE5MjU1ZGNlYWUiLCJpYXQiOjE1OTE3OTU2MzEsInN1YiI6ImFkbWluIiwiaXNzIjoiZmxleGl0cmFuc3RvcmUuZXUiLCJleHAiOjE1OTE4ODIwMzEsInVzZXJfaWQiOjIwMDB9.Yx4QBv8BiXQW6pt2oKCOMI7mWkY31TvmgwhSJdX_O0A","requires2FA":false}
    Forwarded URL = null
   Redirected URL = null
          Cookies = []

MockHttpServletRequest:
      HTTP Method = POST
      Request URI = /modules/market/products/
       Parameters = {}
          Headers = [Content-Type:"application/json", "application/json", Authorization:"Bearer eyJhbGciOiJIUzI1NiJ9.eyJqdGkiOiJiNjQyNTFiNi0zYTA0LTQyNGUtODdkZC1hNjE5MjU1ZGNlYWUiLCJpYXQiOjE1OTE3OTU2MzEsInN1YiI6ImFkbWluIiwiaXNzIjoiZmxleGl0cmFuc3RvcmUuZXUiLCJleHAiOjE1OTE4ODIwMzEsInVzZXJfaWQiOjIwMDB9.Yx4QBv8BiXQW6pt2oKCOMI7mWkY31TvmgwhSJdX_O0A"]
             Body = <no character encoding set>
    Session Attrs = {}

Handler:
             Type = flexi.fegcentral.backend.controllers.data.modules.market.ProductController
           Method = public flexi.fegcentral.backend.dto.data.modules.market.ProductDTO flexi.fegcentral.backend.controllers.data.modules.market.ProductController.create(flexi.fegcentral.backend.dto.data.modules.market.ProductDTO) throws java.lang.Exception

Async:
    Async started = false
     Async result = null

Resolved Exception:
             Type = null

ModelAndView:
        View name = null
             View = null
            Model = null

FlashMap:
       Attributes = null

MockHttpServletResponse:
           Status = 200
    Error message = null
          Headers = [Content-Type:"application/json;charset=UTF-8"]
     Content type = application/json;charset=UTF-8
             Body = {"id":108,"createdOn":"2020-06-10T13:27:11.196533800Z","createdBy":"","name":"0","deliveryTimeStart":"2020-06-10T15:27:11.156532300Z","deliveryTimeEnd":"2020-06-10T16:27:11.156532300Z","closesAt":"2020-06-10T14:27:11.156532300Z","period":"MINUTES60","productStatus":"OPEN","user":null,"latestSellOrder":null,"latestBuyOrder":null,"marketCode":"CY","hasOrders":false,"totalOrders":0}
    Forwarded URL = null
   Redirected URL = null
          Cookies = []

MockHttpServletRequest:
      HTTP Method = POST
      Request URI = /modules/market/orders/
       Parameters = {}
          Headers = [Content-Type:"application/json", "application/json", Authorization:"Bearer eyJhbGciOiJIUzI1NiJ9.eyJqdGkiOiJiNjQyNTFiNi0zYTA0LTQyNGUtODdkZC1hNjE5MjU1ZGNlYWUiLCJpYXQiOjE1OTE3OTU2MzEsInN1YiI6ImFkbWluIiwiaXNzIjoiZmxleGl0cmFuc3RvcmUuZXUiLCJleHAiOjE1OTE4ODIwMzEsInVzZXJfaWQiOjIwMDB9.Yx4QBv8BiXQW6pt2oKCOMI7mWkY31TvmgwhSJdX_O0A"]
             Body = <no character encoding set>
    Session Attrs = {}

Handler:
             Type = flexi.fegcentral.backend.controllers.data.modules.market.OrderController
           Method = public flexi.fegcentral.backend.dto.data.modules.market.SingleOrderDTO flexi.fegcentral.backend.controllers.data.modules.market.OrderController.create(flexi.fegcentral.backend.dto.data.modules.market.SingleOrderDTO) throws java.lang.Exception

Async:
    Async started = false
     Async result = null

Resolved Exception:
             Type = null

ModelAndView:
        View name = null
             View = null
            Model = null

FlashMap:
       Attributes = null

MockHttpServletResponse:
           Status = 200
    Error message = null
          Headers = [Content-Type:"application/json;charset=UTF-8"]
     Content type = application/json;charset=UTF-8
             Body = {"id":258,"createdOn":"2020-06-10T13:27:11.385533700Z","createdBy":"","product":{"id":108,"createdOn":"2020-06-10T13:27:11Z","createdBy":"","name":"0","deliveryTimeStart":"2020-06-10T15:27:11Z","deliveryTimeEnd":"2020-06-10T16:27:11Z","closesAt":"2020-06-10T14:27:11Z","period":"MINUTES60","productStatus":"OPEN","user":null,"latestSellOrder":null,"latestBuyOrder":null,"marketCode":"CY","hasOrders":false,"totalOrders":0},"bidTime":"2020-06-10T13:27:11.385533700Z","user":{"id":2000,"createdOn":null,"createdBy":null,"username":"admin","email":"user1@flexi.gr","password":null,"status":null,"country":null,"rolesFeg":null,"modulesFeg":null,"rolesMarket":null,"modulesMarket":null,"defaultMarket":null,"market":null,"landingPage":null},"price":22.0,"quantity":10.0,"current_price":22.0,"current_quantity":10.0,"orderStatus":"DRAFT","orderDirection":"SELL","orderType":"LIMIT","metadata":"","basket":null,"removedOn":null}
    Forwarded URL = null
   Redirected URL = null
          Cookies = []

MockHttpServletRequest:
      HTTP Method = POST
      Request URI = /modules/market/orders/
       Parameters = {}
          Headers = [Content-Type:"application/json", "application/json", Authorization:"Bearer eyJhbGciOiJIUzI1NiJ9.eyJqdGkiOiJiNjQyNTFiNi0zYTA0LTQyNGUtODdkZC1hNjE5MjU1ZGNlYWUiLCJpYXQiOjE1OTE3OTU2MzEsInN1YiI6ImFkbWluIiwiaXNzIjoiZmxleGl0cmFuc3RvcmUuZXUiLCJleHAiOjE1OTE4ODIwMzEsInVzZXJfaWQiOjIwMDB9.Yx4QBv8BiXQW6pt2oKCOMI7mWkY31TvmgwhSJdX_O0A"]
             Body = <no character encoding set>
    Session Attrs = {}

Handler:
             Type = flexi.fegcentral.backend.controllers.data.modules.market.OrderController
           Method = public flexi.fegcentral.backend.dto.data.modules.market.SingleOrderDTO flexi.fegcentral.backend.controllers.data.modules.market.OrderController.create(flexi.fegcentral.backend.dto.data.modules.market.SingleOrderDTO) throws java.lang.Exception

Async:
    Async started = false
     Async result = null

Resolved Exception:
             Type = null

ModelAndView:
        View name = null
             View = null
            Model = null

FlashMap:
       Attributes = null

MockHttpServletResponse:
           Status = 200
    Error message = null
          Headers = [Content-Type:"application/json;charset=UTF-8"]
     Content type = application/json;charset=UTF-8
             Body = {"id":259,"createdOn":"2020-06-10T13:27:11.469537600Z","createdBy":"","product":{"id":108,"createdOn":"2020-06-10T13:27:11Z","createdBy":"","name":"0","deliveryTimeStart":"2020-06-10T15:27:11Z","deliveryTimeEnd":"2020-06-10T16:27:11Z","closesAt":"2020-06-10T14:27:11Z","period":"MINUTES60","productStatus":"OPEN","user":null,"latestSellOrder":null,"latestBuyOrder":null,"marketCode":"CY","hasOrders":false,"totalOrders":0},"bidTime":"2020-06-10T13:27:11.469537600Z","user":{"id":2000,"createdOn":null,"createdBy":null,"username":"admin","email":"user1@flexi.gr","password":null,"status":null,"country":null,"rolesFeg":null,"modulesFeg":null,"rolesMarket":null,"modulesMarket":null,"defaultMarket":null,"market":null,"landingPage":null},"price":22.0,"quantity":5.0,"current_price":22.0,"current_quantity":5.0,"orderStatus":"DRAFT","orderDirection":"SELL","orderType":"LIMIT","metadata":"","basket":null,"removedOn":null}
    Forwarded URL = null
   Redirected URL = null
          Cookies = []

MockHttpServletRequest:
      HTTP Method = POST
      Request URI = /modules/market/orders/
       Parameters = {}
          Headers = [Content-Type:"application/json", "application/json", Authorization:"Bearer eyJhbGciOiJIUzI1NiJ9.eyJqdGkiOiJiNjQyNTFiNi0zYTA0LTQyNGUtODdkZC1hNjE5MjU1ZGNlYWUiLCJpYXQiOjE1OTE3OTU2MzEsInN1YiI6ImFkbWluIiwiaXNzIjoiZmxleGl0cmFuc3RvcmUuZXUiLCJleHAiOjE1OTE4ODIwMzEsInVzZXJfaWQiOjIwMDB9.Yx4QBv8BiXQW6pt2oKCOMI7mWkY31TvmgwhSJdX_O0A"]
             Body = <no character encoding set>
    Session Attrs = {}

Handler:
             Type = flexi.fegcentral.backend.controllers.data.modules.market.OrderController
           Method = public flexi.fegcentral.backend.dto.data.modules.market.SingleOrderDTO flexi.fegcentral.backend.controllers.data.modules.market.OrderController.create(flexi.fegcentral.backend.dto.data.modules.market.SingleOrderDTO) throws java.lang.Exception

Async:
    Async started = false
     Async result = null

Resolved Exception:
             Type = null

ModelAndView:
        View name = null
             View = null
            Model = null

FlashMap:
       Attributes = null

MockHttpServletResponse:
           Status = 200
    Error message = null
          Headers = [Content-Type:"application/json;charset=UTF-8"]
     Content type = application/json;charset=UTF-8
             Body = {"id":260,"createdOn":"2020-06-10T13:27:11.516534200Z","createdBy":"","product":{"id":108,"createdOn":"2020-06-10T13:27:11Z","createdBy":"","name":"0","deliveryTimeStart":"2020-06-10T15:27:11Z","deliveryTimeEnd":"2020-06-10T16:27:11Z","closesAt":"2020-06-10T14:27:11Z","period":"MINUTES60","productStatus":"OPEN","user":null,"latestSellOrder":null,"latestBuyOrder":null,"marketCode":"CY","hasOrders":false,"totalOrders":0},"bidTime":"2020-06-10T13:27:11.515537300Z","user":{"id":2000,"createdOn":null,"createdBy":null,"username":"admin","email":"user1@flexi.gr","password":null,"status":null,"country":null,"rolesFeg":null,"modulesFeg":null,"rolesMarket":null,"modulesMarket":null,"defaultMarket":null,"market":null,"landingPage":null},"price":18.0,"quantity":20.0,"current_price":18.0,"current_quantity":20.0,"orderStatus":"DRAFT","orderDirection":"BUY","orderType":"LIMIT","metadata":"","basket":null,"removedOn":null}
    Forwarded URL = null
   Redirected URL = null
          Cookies = []

MockHttpServletRequest:
      HTTP Method = POST
      Request URI = /users/auth/
       Parameters = {}
          Headers = [Content-Type:"application/json"]
             Body = <no character encoding set>
    Session Attrs = {}

Handler:
             Type = flexi.fegcentral.backend.controllers.users.UserController
           Method = public flexi.fegcentral.backend.dto.auth.JWTResponseDTO flexi.fegcentral.backend.controllers.users.UserController.authenticate(flexi.fegcentral.backend.dto.auth.LoginDTO)

Async:
    Async started = false
     Async result = null

Resolved Exception:
             Type = null

ModelAndView:
        View name = null
             View = null
            Model = null

FlashMap:
       Attributes = null

MockHttpServletResponse:
           Status = 200
    Error message = null
          Headers = [Content-Type:"application/json;charset=UTF-8"]
     Content type = application/json;charset=UTF-8
             Body = {"jwt":"eyJhbGciOiJIUzI1NiJ9.eyJqdGkiOiI3ZTExOWYzZi0yODU0LTRiNTQtYTIzZC0wYzIzZGIzYmYzZmUiLCJpYXQiOjE1OTE3OTU2MzEsInN1YiI6ImFkbWluIiwiaXNzIjoiZmxleGl0cmFuc3RvcmUuZXUiLCJleHAiOjE1OTE4ODIwMzEsInVzZXJfaWQiOjIwMDB9.WtS0GcMRE2EcdaqbKfXuzGT_vWBuezOvjOPknSJodLg","requires2FA":false}
    Forwarded URL = null
   Redirected URL = null
          Cookies = []

MockHttpServletRequest:
      HTTP Method = POST
      Request URI = /modules/market/products/
       Parameters = {}
          Headers = [Content-Type:"application/json", "application/json", Authorization:"Bearer eyJhbGciOiJIUzI1NiJ9.eyJqdGkiOiI3ZTExOWYzZi0yODU0LTRiNTQtYTIzZC0wYzIzZGIzYmYzZmUiLCJpYXQiOjE1OTE3OTU2MzEsInN1YiI6ImFkbWluIiwiaXNzIjoiZmxleGl0cmFuc3RvcmUuZXUiLCJleHAiOjE1OTE4ODIwMzEsInVzZXJfaWQiOjIwMDB9.WtS0GcMRE2EcdaqbKfXuzGT_vWBuezOvjOPknSJodLg"]
             Body = <no character encoding set>
    Session Attrs = {}

Handler:
             Type = flexi.fegcentral.backend.controllers.data.modules.market.ProductController
           Method = public flexi.fegcentral.backend.dto.data.modules.market.ProductDTO flexi.fegcentral.backend.controllers.data.modules.market.ProductController.create(flexi.fegcentral.backend.dto.data.modules.market.ProductDTO) throws java.lang.Exception

Async:
    Async started = false
     Async result = null

Resolved Exception:
             Type = null

ModelAndView:
        View name = null
             View = null
            Model = null

FlashMap:
       Attributes = null

MockHttpServletResponse:
           Status = 200
    Error message = null
          Headers = [Content-Type:"application/json;charset=UTF-8"]
     Content type = application/json;charset=UTF-8
             Body = {"id":109,"createdOn":"2020-06-10T13:27:11.737532900Z","createdBy":"","name":"0","deliveryTimeStart":"2020-06-10T15:27:11.731534300Z","deliveryTimeEnd":"2020-06-10T16:27:11.731534300Z","closesAt":"2020-06-10T14:27:11.731534300Z","period":"MINUTES60","productStatus":"OPEN","user":null,"latestSellOrder":null,"latestBuyOrder":null,"marketCode":"CY","hasOrders":false,"totalOrders":0}
    Forwarded URL = null
   Redirected URL = null
          Cookies = []

MockHttpServletRequest:
      HTTP Method = POST
      Request URI = /modules/market/orders/
       Parameters = {}
          Headers = [Content-Type:"application/json", "application/json", Authorization:"Bearer eyJhbGciOiJIUzI1NiJ9.eyJqdGkiOiI3ZTExOWYzZi0yODU0LTRiNTQtYTIzZC0wYzIzZGIzYmYzZmUiLCJpYXQiOjE1OTE3OTU2MzEsInN1YiI6ImFkbWluIiwiaXNzIjoiZmxleGl0cmFuc3RvcmUuZXUiLCJleHAiOjE1OTE4ODIwMzEsInVzZXJfaWQiOjIwMDB9.WtS0GcMRE2EcdaqbKfXuzGT_vWBuezOvjOPknSJodLg"]
             Body = <no character encoding set>
    Session Attrs = {}

Handler:
             Type = flexi.fegcentral.backend.controllers.data.modules.market.OrderController
           Method = public flexi.fegcentral.backend.dto.data.modules.market.SingleOrderDTO flexi.fegcentral.backend.controllers.data.modules.market.OrderController.create(flexi.fegcentral.backend.dto.data.modules.market.SingleOrderDTO) throws java.lang.Exception

Async:
    Async started = false
     Async result = null

Resolved Exception:
             Type = null

ModelAndView:
        View name = null
             View = null
            Model = null

FlashMap:
       Attributes = null

MockHttpServletResponse:
           Status = 200
    Error message = null
          Headers = [Content-Type:"application/json;charset=UTF-8"]
     Content type = application/json;charset=UTF-8
             Body = {"id":261,"createdOn":"2020-06-10T13:27:11.810532800Z","createdBy":"","product":{"id":109,"createdOn":"2020-06-10T13:27:12Z","createdBy":"","name":"0","deliveryTimeStart":"2020-06-10T15:27:12Z","deliveryTimeEnd":"2020-06-10T16:27:12Z","closesAt":"2020-06-10T14:27:12Z","period":"MINUTES60","productStatus":"OPEN","user":null,"latestSellOrder":null,"latestBuyOrder":null,"marketCode":"CY","hasOrders":false,"totalOrders":0},"bidTime":"2020-06-10T13:27:11.810532800Z","user":{"id":2000,"createdOn":null,"createdBy":null,"username":"admin","email":"user1@flexi.gr","password":null,"status":null,"country":null,"rolesFeg":null,"modulesFeg":null,"rolesMarket":null,"modulesMarket":null,"defaultMarket":null,"market":null,"landingPage":null},"price":22.0,"quantity":10.0,"current_price":22.0,"current_quantity":10.0,"orderStatus":"DRAFT","orderDirection":"BUY","orderType":"ICEBERG","metadata":"{\"icebergQuantity\":\"100.0\",\"icebergPriceDelta\":\"1.0\"}","basket":null,"removedOn":null}
    Forwarded URL = null
   Redirected URL = null
          Cookies = []

MockHttpServletRequest:
      HTTP Method = POST
      Request URI = /modules/market/orders/
       Parameters = {}
          Headers = [Content-Type:"application/json", "application/json", Authorization:"Bearer eyJhbGciOiJIUzI1NiJ9.eyJqdGkiOiI3ZTExOWYzZi0yODU0LTRiNTQtYTIzZC0wYzIzZGIzYmYzZmUiLCJpYXQiOjE1OTE3OTU2MzEsInN1YiI6ImFkbWluIiwiaXNzIjoiZmxleGl0cmFuc3RvcmUuZXUiLCJleHAiOjE1OTE4ODIwMzEsInVzZXJfaWQiOjIwMDB9.WtS0GcMRE2EcdaqbKfXuzGT_vWBuezOvjOPknSJodLg"]
             Body = <no character encoding set>
    Session Attrs = {}

Handler:
             Type = flexi.fegcentral.backend.controllers.data.modules.market.OrderController
           Method = public flexi.fegcentral.backend.dto.data.modules.market.SingleOrderDTO flexi.fegcentral.backend.controllers.data.modules.market.OrderController.create(flexi.fegcentral.backend.dto.data.modules.market.SingleOrderDTO) throws java.lang.Exception

Async:
    Async started = false
     Async result = null

Resolved Exception:
             Type = null

ModelAndView:
        View name = null
             View = null
            Model = null

FlashMap:
       Attributes = null

MockHttpServletResponse:
           Status = 200
    Error message = null
          Headers = [Content-Type:"application/json;charset=UTF-8"]
     Content type = application/json;charset=UTF-8
             Body = {"id":262,"createdOn":"2020-06-10T13:27:11.873533400Z","createdBy":"","product":{"id":109,"createdOn":"2020-06-10T13:27:12Z","createdBy":"","name":"0","deliveryTimeStart":"2020-06-10T15:27:12Z","deliveryTimeEnd":"2020-06-10T16:27:12Z","closesAt":"2020-06-10T14:27:12Z","period":"MINUTES60","productStatus":"OPEN","user":null,"latestSellOrder":null,"latestBuyOrder":null,"marketCode":"CY","hasOrders":false,"totalOrders":0},"bidTime":"2020-06-10T13:27:11.873533400Z","user":{"id":2000,"createdOn":null,"createdBy":null,"username":"admin","email":"user1@flexi.gr","password":null,"status":null,"country":null,"rolesFeg":null,"modulesFeg":null,"rolesMarket":null,"modulesMarket":null,"defaultMarket":null,"market":null,"landingPage":null},"price":22.0,"quantity":10.0,"current_price":22.0,"current_quantity":10.0,"orderStatus":"DRAFT","orderDirection":"SELL","orderType":"LIMIT","metadata":"","basket":null,"removedOn":null}
    Forwarded URL = null
   Redirected URL = null
          Cookies = []

MockHttpServletRequest:
      HTTP Method = GET
      Request URI = /modules/market/products/matched-orders
       Parameters = {product-id=[109]}
          Headers = [Content-Type:"application/json", "application/json", Authorization:"Bearer eyJhbGciOiJIUzI1NiJ9.eyJqdGkiOiI3ZTExOWYzZi0yODU0LTRiNTQtYTIzZC0wYzIzZGIzYmYzZmUiLCJpYXQiOjE1OTE3OTU2MzEsInN1YiI6ImFkbWluIiwiaXNzIjoiZmxleGl0cmFuc3RvcmUuZXUiLCJleHAiOjE1OTE4ODIwMzEsInVzZXJfaWQiOjIwMDB9.WtS0GcMRE2EcdaqbKfXuzGT_vWBuezOvjOPknSJodLg"]
             Body = <no character encoding set>
    Session Attrs = {}

Handler:
             Type = flexi.fegcentral.backend.controllers.data.modules.market.ProductController
           Method = public java.util.List<flexi.fegcentral.backend.dto.data.modules.market.trades.TradeDTO> flexi.fegcentral.backend.controllers.data.modules.market.ProductController.getMatchedOrders(java.lang.Long)

Async:
    Async started = false
     Async result = null

Resolved Exception:
             Type = null

ModelAndView:
        View name = null
             View = null
            Model = null

FlashMap:
       Attributes = null

MockHttpServletResponse:
           Status = 200
    Error message = null
          Headers = [Content-Type:"application/json;charset=UTF-8"]
     Content type = application/json;charset=UTF-8
             Body = [{"id":132,"createdOn":"2020-06-10T13:27:12Z","createdBy":"","timestamp":"2020-06-10T13:27:12Z","productName":"0","price":22.0,"quantity":10.0,"metadata":null,"buyer":{"id":null,"createdOn":null,"createdBy":null,"username":"admin","email":null,"password":null,"status":null,"country":null,"rolesFeg":null,"modulesFeg":null,"rolesMarket":null,"modulesMarket":null,"defaultMarket":null,"market":null,"landingPage":null},"seller":{"id":null,"createdOn":null,"createdBy":null,"username":"admin","email":null,"password":null,"status":null,"country":null,"rolesFeg":null,"modulesFeg":null,"rolesMarket":null,"modulesMarket":null,"defaultMarket":null,"market":null,"landingPage":null},"singleOrder1":{"id":261,"createdOn":"2020-06-10T13:27:12Z","createdBy":"","product":{"id":109,"createdOn":"2020-06-10T13:27:12Z","createdBy":"","name":"0","deliveryTimeStart":"2020-06-10T15:27:12Z","deliveryTimeEnd":"2020-06-10T16:27:12Z","closesAt":null,"period":"MINUTES60","productStatus":"OPEN","user":null,"latestSellOrder":null,"latestBuyOrder":null,"marketCode":"CY","hasOrders":false,"totalOrders":0},"bidTime":"2020-06-10T13:27:12Z","user":null,"price":22.0,"quantity":10.0,"current_price":23.0,"current_quantity":10.0,"orderStatus":"ACTIVE","orderDirection":"BUY","orderType":"ICEBERG","metadata":"{\"icebergQuantity\":\"100.0\",\"icebergPriceDelta\":\"1.0\"}","basket":null,"removedOn":null},"singleOrder2":{"id":262,"createdOn":"2020-06-10T13:27:12Z","createdBy":"","product":{"id":109,"createdOn":"2020-06-10T13:27:12Z","createdBy":"","name":"0","deliveryTimeStart":"2020-06-10T15:27:12Z","deliveryTimeEnd":"2020-06-10T16:27:12Z","closesAt":null,"period":"MINUTES60","productStatus":"OPEN","user":null,"latestSellOrder":null,"latestBuyOrder":null,"marketCode":"CY","hasOrders":false,"totalOrders":0},"bidTime":"2020-06-10T13:27:12Z","user":null,"price":22.0,"quantity":10.0,"current_price":22.0,"current_quantity":0.0,"orderStatus":"MATCHED","orderDirection":"SELL","orderType":"LIMIT","metadata":"","basket":null,"removedOn":null},"order1_price":23.0,"order1_quantity":10.0,"order2_price":22.0,"order2_quantity":0.0},{"id":132,"createdOn":"2020-06-10T13:27:12Z","createdBy":"","timestamp":"2020-06-10T13:27:12Z","productName":"0","price":22.0,"quantity":10.0,"metadata":null,"buyer":{"id":null,"createdOn":null,"createdBy":null,"username":"admin","email":null,"password":null,"status":null,"country":null,"rolesFeg":null,"modulesFeg":null,"rolesMarket":null,"modulesMarket":null,"defaultMarket":null,"market":null,"landingPage":null},"seller":{"id":null,"createdOn":null,"createdBy":null,"username":"admin","email":null,"password":null,"status":null,"country":null,"rolesFeg":null,"modulesFeg":null,"rolesMarket":null,"modulesMarket":null,"defaultMarket":null,"market":null,"landingPage":null},"singleOrder1":{"id":262,"createdOn":"2020-06-10T13:27:12Z","createdBy":"","product":{"id":109,"createdOn":"2020-06-10T13:27:12Z","createdBy":"","name":"0","deliveryTimeStart":"2020-06-10T15:27:12Z","deliveryTimeEnd":"2020-06-10T16:27:12Z","closesAt":null,"period":"MINUTES60","productStatus":"OPEN","user":null,"latestSellOrder":null,"latestBuyOrder":null,"marketCode":"CY","hasOrders":false,"totalOrders":0},"bidTime":"2020-06-10T13:27:12Z","user":null,"price":22.0,"quantity":10.0,"current_price":22.0,"current_quantity":0.0,"orderStatus":"MATCHED","orderDirection":"SELL","orderType":"LIMIT","metadata":"","basket":null,"removedOn":null},"singleOrder2":{"id":261,"createdOn":"2020-06-10T13:27:12Z","createdBy":"","product":{"id":109,"createdOn":"2020-06-10T13:27:12Z","createdBy":"","name":"0","deliveryTimeStart":"2020-06-10T15:27:12Z","deliveryTimeEnd":"2020-06-10T16:27:12Z","closesAt":null,"period":"MINUTES60","productStatus":"OPEN","user":null,"latestSellOrder":null,"latestBuyOrder":null,"marketCode":"CY","hasOrders":false,"totalOrders":0},"bidTime":"2020-06-10T13:27:12Z","user":null,"price":22.0,"quantity":10.0,"current_price":23.0,"current_quantity":10.0,"orderStatus":"ACTIVE","orderDirection":"BUY","orderType":"ICEBERG","metadata":"{\"icebergQuantity\":\"100.0\",\"icebergPriceDelta\":\"1.0\"}","basket":null,"removedOn":null},"order1_price":22.0,"order1_quantity":0.0,"order2_price":23.0,"order2_quantity":10.0}]
    Forwarded URL = null
   Redirected URL = null
          Cookies = []

MockHttpServletRequest:
      HTTP Method = POST
      Request URI = /modules/market/orders/
       Parameters = {}
          Headers = [Content-Type:"application/json", "application/json", Authorization:"Bearer eyJhbGciOiJIUzI1NiJ9.eyJqdGkiOiI3ZTExOWYzZi0yODU0LTRiNTQtYTIzZC0wYzIzZGIzYmYzZmUiLCJpYXQiOjE1OTE3OTU2MzEsInN1YiI6ImFkbWluIiwiaXNzIjoiZmxleGl0cmFuc3RvcmUuZXUiLCJleHAiOjE1OTE4ODIwMzEsInVzZXJfaWQiOjIwMDB9.WtS0GcMRE2EcdaqbKfXuzGT_vWBuezOvjOPknSJodLg"]
             Body = <no character encoding set>
    Session Attrs = {}

Handler:
             Type = flexi.fegcentral.backend.controllers.data.modules.market.OrderController
           Method = public flexi.fegcentral.backend.dto.data.modules.market.SingleOrderDTO flexi.fegcentral.backend.controllers.data.modules.market.OrderController.create(flexi.fegcentral.backend.dto.data.modules.market.SingleOrderDTO) throws java.lang.Exception

Async:
    Async started = false
     Async result = null

Resolved Exception:
             Type = null

ModelAndView:
        View name = null
             View = null
            Model = null

FlashMap:
       Attributes = null

MockHttpServletResponse:
           Status = 200
    Error message = null
          Headers = [Content-Type:"application/json;charset=UTF-8"]
     Content type = application/json;charset=UTF-8
             Body = {"id":263,"createdOn":"2020-06-10T13:27:12.052535300Z","createdBy":"","product":{"id":109,"createdOn":"2020-06-10T13:27:12Z","createdBy":"","name":"0","deliveryTimeStart":"2020-06-10T15:27:12Z","deliveryTimeEnd":"2020-06-10T16:27:12Z","closesAt":"2020-06-10T14:27:12Z","period":"MINUTES60","productStatus":"OPEN","user":null,"latestSellOrder":null,"latestBuyOrder":null,"marketCode":"CY","hasOrders":false,"totalOrders":0},"bidTime":"2020-06-10T13:27:12.051533700Z","user":{"id":2000,"createdOn":null,"createdBy":null,"username":"admin","email":"user1@flexi.gr","password":null,"status":null,"country":null,"rolesFeg":null,"modulesFeg":null,"rolesMarket":null,"modulesMarket":null,"defaultMarket":null,"market":null,"landingPage":null},"price":22.0,"quantity":5.0,"current_price":22.0,"current_quantity":5.0,"orderStatus":"DRAFT","orderDirection":"SELL","orderType":"LIMIT","metadata":"","basket":null,"removedOn":null}
    Forwarded URL = null
   Redirected URL = null
          Cookies = []

MockHttpServletRequest:
      HTTP Method = GET
      Request URI = /modules/market/products/matched-orders
       Parameters = {product-id=[109]}
          Headers = [Content-Type:"application/json", "application/json", Authorization:"Bearer eyJhbGciOiJIUzI1NiJ9.eyJqdGkiOiI3ZTExOWYzZi0yODU0LTRiNTQtYTIzZC0wYzIzZGIzYmYzZmUiLCJpYXQiOjE1OTE3OTU2MzEsInN1YiI6ImFkbWluIiwiaXNzIjoiZmxleGl0cmFuc3RvcmUuZXUiLCJleHAiOjE1OTE4ODIwMzEsInVzZXJfaWQiOjIwMDB9.WtS0GcMRE2EcdaqbKfXuzGT_vWBuezOvjOPknSJodLg"]
             Body = <no character encoding set>
    Session Attrs = {}

Handler:
             Type = flexi.fegcentral.backend.controllers.data.modules.market.ProductController
           Method = public java.util.List<flexi.fegcentral.backend.dto.data.modules.market.trades.TradeDTO> flexi.fegcentral.backend.controllers.data.modules.market.ProductController.getMatchedOrders(java.lang.Long)

Async:
    Async started = false
     Async result = null

Resolved Exception:
             Type = null

ModelAndView:
        View name = null
             View = null
            Model = null

FlashMap:
       Attributes = null

MockHttpServletResponse:
           Status = 200
    Error message = null
          Headers = [Content-Type:"application/json;charset=UTF-8"]
     Content type = application/json;charset=UTF-8
             Body = [{"id":132,"createdOn":"2020-06-10T13:27:12Z","createdBy":"","timestamp":"2020-06-10T13:27:12Z","productName":"0","price":22.0,"quantity":10.0,"metadata":null,"buyer":{"id":null,"createdOn":null,"createdBy":null,"username":"admin","email":null,"password":null,"status":null,"country":null,"rolesFeg":null,"modulesFeg":null,"rolesMarket":null,"modulesMarket":null,"defaultMarket":null,"market":null,"landingPage":null},"seller":{"id":null,"createdOn":null,"createdBy":null,"username":"admin","email":null,"password":null,"status":null,"country":null,"rolesFeg":null,"modulesFeg":null,"rolesMarket":null,"modulesMarket":null,"defaultMarket":null,"market":null,"landingPage":null},"singleOrder1":{"id":262,"createdOn":"2020-06-10T13:27:12Z","createdBy":"","product":{"id":109,"createdOn":"2020-06-10T13:27:12Z","createdBy":"","name":"0","deliveryTimeStart":"2020-06-10T15:27:12Z","deliveryTimeEnd":"2020-06-10T16:27:12Z","closesAt":null,"period":"MINUTES60","productStatus":"OPEN","user":null,"latestSellOrder":null,"latestBuyOrder":null,"marketCode":"CY","hasOrders":false,"totalOrders":0},"bidTime":"2020-06-10T13:27:12Z","user":null,"price":22.0,"quantity":10.0,"current_price":22.0,"current_quantity":0.0,"orderStatus":"MATCHED","orderDirection":"SELL","orderType":"LIMIT","metadata":"","basket":null,"removedOn":null},"singleOrder2":{"id":261,"createdOn":"2020-06-10T13:27:12Z","createdBy":"","product":{"id":109,"createdOn":"2020-06-10T13:27:12Z","createdBy":"","name":"0","deliveryTimeStart":"2020-06-10T15:27:12Z","deliveryTimeEnd":"2020-06-10T16:27:12Z","closesAt":null,"period":"MINUTES60","productStatus":"OPEN","user":null,"latestSellOrder":null,"latestBuyOrder":null,"marketCode":"CY","hasOrders":false,"totalOrders":0},"bidTime":"2020-06-10T13:27:12Z","user":null,"price":22.0,"quantity":10.0,"current_price":23.0,"current_quantity":5.0,"orderStatus":"PARTLY_MATCHED","orderDirection":"BUY","orderType":"ICEBERG","metadata":"{\"icebergQuantity\":\"100.0\",\"icebergPriceDelta\":\"1.0\"}","basket":null,"removedOn":null},"order1_price":22.0,"order1_quantity":0.0,"order2_price":23.0,"order2_quantity":10.0},{"id":132,"createdOn":"2020-06-10T13:27:12Z","createdBy":"","timestamp":"2020-06-10T13:27:12Z","productName":"0","price":22.0,"quantity":10.0,"metadata":null,"buyer":{"id":null,"createdOn":null,"createdBy":null,"username":"admin","email":null,"password":null,"status":null,"country":null,"rolesFeg":null,"modulesFeg":null,"rolesMarket":null,"modulesMarket":null,"defaultMarket":null,"market":null,"landingPage":null},"seller":{"id":null,"createdOn":null,"createdBy":null,"username":"admin","email":null,"password":null,"status":null,"country":null,"rolesFeg":null,"modulesFeg":null,"rolesMarket":null,"modulesMarket":null,"defaultMarket":null,"market":null,"landingPage":null},"singleOrder1":{"id":261,"createdOn":"2020-06-10T13:27:12Z","createdBy":"","product":{"id":109,"createdOn":"2020-06-10T13:27:12Z","createdBy":"","name":"0","deliveryTimeStart":"2020-06-10T15:27:12Z","deliveryTimeEnd":"2020-06-10T16:27:12Z","closesAt":null,"period":"MINUTES60","productStatus":"OPEN","user":null,"latestSellOrder":null,"latestBuyOrder":null,"marketCode":"CY","hasOrders":false,"totalOrders":0},"bidTime":"2020-06-10T13:27:12Z","user":null,"price":22.0,"quantity":10.0,"current_price":23.0,"current_quantity":5.0,"orderStatus":"PARTLY_MATCHED","orderDirection":"BUY","orderType":"ICEBERG","metadata":"{\"icebergQuantity\":\"100.0\",\"icebergPriceDelta\":\"1.0\"}","basket":null,"removedOn":null},"singleOrder2":{"id":262,"createdOn":"2020-06-10T13:27:12Z","createdBy":"","product":{"id":109,"createdOn":"2020-06-10T13:27:12Z","createdBy":"","name":"0","deliveryTimeStart":"2020-06-10T15:27:12Z","deliveryTimeEnd":"2020-06-10T16:27:12Z","closesAt":null,"period":"MINUTES60","productStatus":"OPEN","user":null,"latestSellOrder":null,"latestBuyOrder":null,"marketCode":"CY","hasOrders":false,"totalOrders":0},"bidTime":"2020-06-10T13:27:12Z","user":null,"price":22.0,"quantity":10.0,"current_price":22.0,"current_quantity":0.0,"orderStatus":"MATCHED","orderDirection":"SELL","orderType":"LIMIT","metadata":"","basket":null,"removedOn":null},"order1_price":23.0,"order1_quantity":10.0,"order2_price":22.0,"order2_quantity":0.0},{"id":133,"createdOn":"2020-06-10T13:27:12Z","createdBy":"","timestamp":"2020-06-10T13:27:12Z","productName":"0","price":23.0,"quantity":5.0,"metadata":null,"buyer":{"id":null,"createdOn":null,"createdBy":null,"username":"admin","email":null,"password":null,"status":null,"country":null,"rolesFeg":null,"modulesFeg":null,"rolesMarket":null,"modulesMarket":null,"defaultMarket":null,"market":null,"landingPage":null},"seller":{"id":null,"createdOn":null,"createdBy":null,"username":"admin","email":null,"password":null,"status":null,"country":null,"rolesFeg":null,"modulesFeg":null,"rolesMarket":null,"modulesMarket":null,"defaultMarket":null,"market":null,"landingPage":null},"singleOrder1":{"id":261,"createdOn":"2020-06-10T13:27:12Z","createdBy":"","product":{"id":109,"createdOn":"2020-06-10T13:27:12Z","createdBy":"","name":"0","deliveryTimeStart":"2020-06-10T15:27:12Z","deliveryTimeEnd":"2020-06-10T16:27:12Z","closesAt":null,"period":"MINUTES60","productStatus":"OPEN","user":null,"latestSellOrder":null,"latestBuyOrder":null,"marketCode":"CY","hasOrders":false,"totalOrders":0},"bidTime":"2020-06-10T13:27:12Z","user":null,"price":22.0,"quantity":10.0,"current_price":23.0,"current_quantity":5.0,"orderStatus":"PARTLY_MATCHED","orderDirection":"BUY","orderType":"ICEBERG","metadata":"{\"icebergQuantity\":\"100.0\",\"icebergPriceDelta\":\"1.0\"}","basket":null,"removedOn":null},"singleOrder2":{"id":263,"createdOn":"2020-06-10T13:27:12Z","createdBy":"","product":{"id":109,"createdOn":"2020-06-10T13:27:12Z","createdBy":"","name":"0","deliveryTimeStart":"2020-06-10T15:27:12Z","deliveryTimeEnd":"2020-06-10T16:27:12Z","closesAt":null,"period":"MINUTES60","productStatus":"OPEN","user":null,"latestSellOrder":null,"latestBuyOrder":null,"marketCode":"CY","hasOrders":false,"totalOrders":0},"bidTime":"2020-06-10T13:27:12Z","user":null,"price":22.0,"quantity":5.0,"current_price":22.0,"current_quantity":0.0,"orderStatus":"MATCHED","orderDirection":"SELL","orderType":"LIMIT","metadata":"","basket":null,"removedOn":null},"order1_price":23.0,"order1_quantity":5.0,"order2_price":22.0,"order2_quantity":0.0},{"id":133,"createdOn":"2020-06-10T13:27:12Z","createdBy":"","timestamp":"2020-06-10T13:27:12Z","productName":"0","price":23.0,"quantity":5.0,"metadata":null,"buyer":{"id":null,"createdOn":null,"createdBy":null,"username":"admin","email":null,"password":null,"status":null,"country":null,"rolesFeg":null,"modulesFeg":null,"rolesMarket":null,"modulesMarket":null,"defaultMarket":null,"market":null,"landingPage":null},"seller":{"id":null,"createdOn":null,"createdBy":null,"username":"admin","email":null,"password":null,"status":null,"country":null,"rolesFeg":null,"modulesFeg":null,"rolesMarket":null,"modulesMarket":null,"defaultMarket":null,"market":null,"landingPage":null},"singleOrder1":{"id":263,"createdOn":"2020-06-10T13:27:12Z","createdBy":"","product":{"id":109,"createdOn":"2020-06-10T13:27:12Z","createdBy":"","name":"0","deliveryTimeStart":"2020-06-10T15:27:12Z","deliveryTimeEnd":"2020-06-10T16:27:12Z","closesAt":null,"period":"MINUTES60","productStatus":"OPEN","user":null,"latestSellOrder":null,"latestBuyOrder":null,"marketCode":"CY","hasOrders":false,"totalOrders":0},"bidTime":"2020-06-10T13:27:12Z","user":null,"price":22.0,"quantity":5.0,"current_price":22.0,"current_quantity":0.0,"orderStatus":"MATCHED","orderDirection":"SELL","orderType":"LIMIT","metadata":"","basket":null,"removedOn":null},"singleOrder2":{"id":261,"createdOn":"2020-06-10T13:27:12Z","createdBy":"","product":{"id":109,"createdOn":"2020-06-10T13:27:12Z","createdBy":"","name":"0","deliveryTimeStart":"2020-06-10T15:27:12Z","deliveryTimeEnd":"2020-06-10T16:27:12Z","closesAt":null,"period":"MINUTES60","productStatus":"OPEN","user":null,"latestSellOrder":null,"latestBuyOrder":null,"marketCode":"CY","hasOrders":false,"totalOrders":0},"bidTime":"2020-06-10T13:27:12Z","user":null,"price":22.0,"quantity":10.0,"current_price":23.0,"current_quantity":5.0,"orderStatus":"PARTLY_MATCHED","orderDirection":"BUY","orderType":"ICEBERG","metadata":"{\"icebergQuantity\":\"100.0\",\"icebergPriceDelta\":\"1.0\"}","basket":null,"removedOn":null},"order1_price":22.0,"order1_quantity":0.0,"order2_price":23.0,"order2_quantity":5.0}]
    Forwarded URL = null
   Redirected URL = null
          Cookies = []

MockHttpServletRequest:
      HTTP Method = POST
      Request URI = /modules/market/orders/
       Parameters = {}
          Headers = [Content-Type:"application/json", "application/json", Authorization:"Bearer eyJhbGciOiJIUzI1NiJ9.eyJqdGkiOiI3ZTExOWYzZi0yODU0LTRiNTQtYTIzZC0wYzIzZGIzYmYzZmUiLCJpYXQiOjE1OTE3OTU2MzEsInN1YiI6ImFkbWluIiwiaXNzIjoiZmxleGl0cmFuc3RvcmUuZXUiLCJleHAiOjE1OTE4ODIwMzEsInVzZXJfaWQiOjIwMDB9.WtS0GcMRE2EcdaqbKfXuzGT_vWBuezOvjOPknSJodLg"]
             Body = <no character encoding set>
    Session Attrs = {}

Handler:
             Type = flexi.fegcentral.backend.controllers.data.modules.market.OrderController
           Method = public flexi.fegcentral.backend.dto.data.modules.market.SingleOrderDTO flexi.fegcentral.backend.controllers.data.modules.market.OrderController.create(flexi.fegcentral.backend.dto.data.modules.market.SingleOrderDTO) throws java.lang.Exception

Async:
    Async started = false
     Async result = null

Resolved Exception:
             Type = null

ModelAndView:
        View name = null
             View = null
            Model = null

FlashMap:
       Attributes = null

MockHttpServletResponse:
           Status = 200
    Error message = null
          Headers = [Content-Type:"application/json;charset=UTF-8"]
     Content type = application/json;charset=UTF-8
             Body = {"id":264,"createdOn":"2020-06-10T13:27:12.153533100Z","createdBy":"","product":{"id":109,"createdOn":"2020-06-10T13:27:12Z","createdBy":"","name":"0","deliveryTimeStart":"2020-06-10T15:27:12Z","deliveryTimeEnd":"2020-06-10T16:27:12Z","closesAt":"2020-06-10T14:27:12Z","period":"MINUTES60","productStatus":"OPEN","user":null,"latestSellOrder":null,"latestBuyOrder":null,"marketCode":"CY","hasOrders":false,"totalOrders":0},"bidTime":"2020-06-10T13:27:12.152532600Z","user":{"id":2000,"createdOn":null,"createdBy":null,"username":"admin","email":"user1@flexi.gr","password":null,"status":null,"country":null,"rolesFeg":null,"modulesFeg":null,"rolesMarket":null,"modulesMarket":null,"defaultMarket":null,"market":null,"landingPage":null},"price":22.0,"quantity":85.0,"current_price":22.0,"current_quantity":85.0,"orderStatus":"DRAFT","orderDirection":"SELL","orderType":"LIMIT","metadata":"","basket":null,"removedOn":null}
    Forwarded URL = null
   Redirected URL = null
          Cookies = []

MockHttpServletRequest:
      HTTP Method = GET
      Request URI = /modules/market/products/matched-orders
       Parameters = {product-id=[109]}
          Headers = [Content-Type:"application/json", "application/json", Authorization:"Bearer eyJhbGciOiJIUzI1NiJ9.eyJqdGkiOiI3ZTExOWYzZi0yODU0LTRiNTQtYTIzZC0wYzIzZGIzYmYzZmUiLCJpYXQiOjE1OTE3OTU2MzEsInN1YiI6ImFkbWluIiwiaXNzIjoiZmxleGl0cmFuc3RvcmUuZXUiLCJleHAiOjE1OTE4ODIwMzEsInVzZXJfaWQiOjIwMDB9.WtS0GcMRE2EcdaqbKfXuzGT_vWBuezOvjOPknSJodLg"]
             Body = <no character encoding set>
    Session Attrs = {}

Handler:
             Type = flexi.fegcentral.backend.controllers.data.modules.market.ProductController
           Method = public java.util.List<flexi.fegcentral.backend.dto.data.modules.market.trades.TradeDTO> flexi.fegcentral.backend.controllers.data.modules.market.ProductController.getMatchedOrders(java.lang.Long)

Async:
    Async started = false
     Async result = null

Resolved Exception:
             Type = null

ModelAndView:
        View name = null
             View = null
            Model = null

FlashMap:
       Attributes = null

MockHttpServletResponse:
           Status = 200
    Error message = null
          Headers = [Content-Type:"application/json;charset=UTF-8"]
     Content type = application/json;charset=UTF-8
             Body = [{"id":133,"createdOn":"2020-06-10T13:27:12Z","createdBy":"","timestamp":"2020-06-10T13:27:12Z","productName":"0","price":23.0,"quantity":5.0,"metadata":null,"buyer":{"id":null,"createdOn":null,"createdBy":null,"username":"admin","email":null,"password":null,"status":null,"country":null,"rolesFeg":null,"modulesFeg":null,"rolesMarket":null,"modulesMarket":null,"defaultMarket":null,"market":null,"landingPage":null},"seller":{"id":null,"createdOn":null,"createdBy":null,"username":"admin","email":null,"password":null,"status":null,"country":null,"rolesFeg":null,"modulesFeg":null,"rolesMarket":null,"modulesMarket":null,"defaultMarket":null,"market":null,"landingPage":null},"singleOrder1":{"id":263,"createdOn":"2020-06-10T13:27:12Z","createdBy":"","product":{"id":109,"createdOn":"2020-06-10T13:27:12Z","createdBy":"","name":"0","deliveryTimeStart":"2020-06-10T15:27:12Z","deliveryTimeEnd":"2020-06-10T16:27:12Z","closesAt":null,"period":"MINUTES60","productStatus":"OPEN","user":null,"latestSellOrder":null,"latestBuyOrder":null,"marketCode":"CY","hasOrders":false,"totalOrders":0},"bidTime":"2020-06-10T13:27:12Z","user":null,"price":22.0,"quantity":5.0,"current_price":22.0,"current_quantity":0.0,"orderStatus":"MATCHED","orderDirection":"SELL","orderType":"LIMIT","metadata":"","basket":null,"removedOn":null},"singleOrder2":{"id":261,"createdOn":"2020-06-10T13:27:12Z","createdBy":"","product":{"id":109,"createdOn":"2020-06-10T13:27:12Z","createdBy":"","name":"0","deliveryTimeStart":"2020-06-10T15:27:12Z","deliveryTimeEnd":"2020-06-10T16:27:12Z","closesAt":null,"period":"MINUTES60","productStatus":"OPEN","user":null,"latestSellOrder":null,"latestBuyOrder":null,"marketCode":"CY","hasOrders":false,"totalOrders":0},"bidTime":"2020-06-10T13:27:12Z","user":null,"price":22.0,"quantity":10.0,"current_price":32.0,"current_quantity":0.0,"orderStatus":"MATCHED","orderDirection":"BUY","orderType":"ICEBERG","metadata":"{\"icebergQuantity\":\"100.0\",\"icebergPriceDelta\":\"1.0\"}","basket":null,"removedOn":null},"order1_price":22.0,"order1_quantity":0.0,"order2_price":23.0,"order2_quantity":5.0},{"id":133,"createdOn":"2020-06-10T13:27:12Z","createdBy":"","timestamp":"2020-06-10T13:27:12Z","productName":"0","price":23.0,"quantity":5.0,"metadata":null,"buyer":{"id":null,"createdOn":null,"createdBy":null,"username":"admin","email":null,"password":null,"status":null,"country":null,"rolesFeg":null,"modulesFeg":null,"rolesMarket":null,"modulesMarket":null,"defaultMarket":null,"market":null,"landingPage":null},"seller":{"id":null,"createdOn":null,"createdBy":null,"username":"admin","email":null,"password":null,"status":null,"country":null,"rolesFeg":null,"modulesFeg":null,"rolesMarket":null,"modulesMarket":null,"defaultMarket":null,"market":null,"landingPage":null},"singleOrder1":{"id":261,"createdOn":"2020-06-10T13:27:12Z","createdBy":"","product":{"id":109,"createdOn":"2020-06-10T13:27:12Z","createdBy":"","name":"0","deliveryTimeStart":"2020-06-10T15:27:12Z","deliveryTimeEnd":"2020-06-10T16:27:12Z","closesAt":null,"period":"MINUTES60","productStatus":"OPEN","user":null,"latestSellOrder":null,"latestBuyOrder":null,"marketCode":"CY","hasOrders":false,"totalOrders":0},"bidTime":"2020-06-10T13:27:12Z","user":null,"price":22.0,"quantity":10.0,"current_price":32.0,"current_quantity":0.0,"orderStatus":"MATCHED","orderDirection":"BUY","orderType":"ICEBERG","metadata":"{\"icebergQuantity\":\"100.0\",\"icebergPriceDelta\":\"1.0\"}","basket":null,"removedOn":null},"singleOrder2":{"id":263,"createdOn":"2020-06-10T13:27:12Z","createdBy":"","product":{"id":109,"createdOn":"2020-06-10T13:27:12Z","createdBy":"","name":"0","deliveryTimeStart":"2020-06-10T15:27:12Z","deliveryTimeEnd":"2020-06-10T16:27:12Z","closesAt":null,"period":"MINUTES60","productStatus":"OPEN","user":null,"latestSellOrder":null,"latestBuyOrder":null,"marketCode":"CY","hasOrders":false,"totalOrders":0},"bidTime":"2020-06-10T13:27:12Z","user":null,"price":22.0,"quantity":5.0,"current_price":22.0,"current_quantity":0.0,"orderStatus":"MATCHED","orderDirection":"SELL","orderType":"LIMIT","metadata":"","basket":null,"removedOn":null},"order1_price":23.0,"order1_quantity":5.0,"order2_price":22.0,"order2_quantity":0.0},{"id":132,"createdOn":"2020-06-10T13:27:12Z","createdBy":"","timestamp":"2020-06-10T13:27:12Z","productName":"0","price":22.0,"quantity":10.0,"metadata":null,"buyer":{"id":null,"createdOn":null,"createdBy":null,"username":"admin","email":null,"password":null,"status":null,"country":null,"rolesFeg":null,"modulesFeg":null,"rolesMarket":null,"modulesMarket":null,"defaultMarket":null,"market":null,"landingPage":null},"seller":{"id":null,"createdOn":null,"createdBy":null,"username":"admin","email":null,"password":null,"status":null,"country":null,"rolesFeg":null,"modulesFeg":null,"rolesMarket":null,"modulesMarket":null,"defaultMarket":null,"market":null,"landingPage":null},"singleOrder1":{"id":261,"createdOn":"2020-06-10T13:27:12Z","createdBy":"","product":{"id":109,"createdOn":"2020-06-10T13:27:12Z","createdBy":"","name":"0","deliveryTimeStart":"2020-06-10T15:27:12Z","deliveryTimeEnd":"2020-06-10T16:27:12Z","closesAt":null,"period":"MINUTES60","productStatus":"OPEN","user":null,"latestSellOrder":null,"latestBuyOrder":null,"marketCode":"CY","hasOrders":false,"totalOrders":0},"bidTime":"2020-06-10T13:27:12Z","user":null,"price":22.0,"quantity":10.0,"current_price":32.0,"current_quantity":0.0,"orderStatus":"MATCHED","orderDirection":"BUY","orderType":"ICEBERG","metadata":"{\"icebergQuantity\":\"100.0\",\"icebergPriceDelta\":\"1.0\"}","basket":null,"removedOn":null},"singleOrder2":{"id":262,"createdOn":"2020-06-10T13:27:12Z","createdBy":"","product":{"id":109,"createdOn":"2020-06-10T13:27:12Z","createdBy":"","name":"0","deliveryTimeStart":"2020-06-10T15:27:12Z","deliveryTimeEnd":"2020-06-10T16:27:12Z","closesAt":null,"period":"MINUTES60","productStatus":"OPEN","user":null,"latestSellOrder":null,"latestBuyOrder":null,"marketCode":"CY","hasOrders":false,"totalOrders":0},"bidTime":"2020-06-10T13:27:12Z","user":null,"price":22.0,"quantity":10.0,"current_price":22.0,"current_quantity":0.0,"orderStatus":"MATCHED","orderDirection":"SELL","orderType":"LIMIT","metadata":"","basket":null,"removedOn":null},"order1_price":23.0,"order1_quantity":10.0,"order2_price":22.0,"order2_quantity":0.0},{"id":132,"createdOn":"2020-06-10T13:27:12Z","createdBy":"","timestamp":"2020-06-10T13:27:12Z","productName":"0","price":22.0,"quantity":10.0,"metadata":null,"buyer":{"id":null,"createdOn":null,"createdBy":null,"username":"admin","email":null,"password":null,"status":null,"country":null,"rolesFeg":null,"modulesFeg":null,"rolesMarket":null,"modulesMarket":null,"defaultMarket":null,"market":null,"landingPage":null},"seller":{"id":null,"createdOn":null,"createdBy":null,"username":"admin","email":null,"password":null,"status":null,"country":null,"rolesFeg":null,"modulesFeg":null,"rolesMarket":null,"modulesMarket":null,"defaultMarket":null,"market":null,"landingPage":null},"singleOrder1":{"id":262,"createdOn":"2020-06-10T13:27:12Z","createdBy":"","product":{"id":109,"createdOn":"2020-06-10T13:27:12Z","createdBy":"","name":"0","deliveryTimeStart":"2020-06-10T15:27:12Z","deliveryTimeEnd":"2020-06-10T16:27:12Z","closesAt":null,"period":"MINUTES60","productStatus":"OPEN","user":null,"latestSellOrder":null,"latestBuyOrder":null,"marketCode":"CY","hasOrders":false,"totalOrders":0},"bidTime":"2020-06-10T13:27:12Z","user":null,"price":22.0,"quantity":10.0,"current_price":22.0,"current_quantity":0.0,"orderStatus":"MATCHED","orderDirection":"SELL","orderType":"LIMIT","metadata":"","basket":null,"removedOn":null},"singleOrder2":{"id":261,"createdOn":"2020-06-10T13:27:12Z","createdBy":"","product":{"id":109,"createdOn":"2020-06-10T13:27:12Z","createdBy":"","name":"0","deliveryTimeStart":"2020-06-10T15:27:12Z","deliveryTimeEnd":"2020-06-10T16:27:12Z","closesAt":null,"period":"MINUTES60","productStatus":"OPEN","user":null,"latestSellOrder":null,"latestBuyOrder":null,"marketCode":"CY","hasOrders":false,"totalOrders":0},"bidTime":"2020-06-10T13:27:12Z","user":null,"price":22.0,"quantity":10.0,"current_price":32.0,"current_quantity":0.0,"orderStatus":"MATCHED","orderDirection":"BUY","orderType":"ICEBERG","metadata":"{\"icebergQuantity\":\"100.0\",\"icebergPriceDelta\":\"1.0\"}","basket":null,"removedOn":null},"order1_price":22.0,"order1_quantity":0.0,"order2_price":23.0,"order2_quantity":10.0},{"id":134,"createdOn":"2020-06-10T13:27:12Z","createdBy":"","timestamp":"2020-06-10T13:27:12Z","productName":"0","price":31.0,"quantity":10.0,"metadata":null,"buyer":{"id":null,"createdOn":null,"createdBy":null,"username":"admin","email":null,"password":null,"status":null,"country":null,"rolesFeg":null,"modulesFeg":null,"rolesMarket":null,"modulesMarket":null,"defaultMarket":null,"market":null,"landingPage":null},"seller":{"id":null,"createdOn":null,"createdBy":null,"username":"admin","email":null,"password":null,"status":null,"country":null,"rolesFeg":null,"modulesFeg":null,"rolesMarket":null,"modulesMarket":null,"defaultMarket":null,"market":null,"landingPage":null},"singleOrder1":{"id":261,"createdOn":"2020-06-10T13:27:12Z","createdBy":"","product":{"id":109,"createdOn":"2020-06-10T13:27:12Z","createdBy":"","name":"0","deliveryTimeStart":"2020-06-10T15:27:12Z","deliveryTimeEnd":"2020-06-10T16:27:12Z","closesAt":null,"period":"MINUTES60","productStatus":"OPEN","user":null,"latestSellOrder":null,"latestBuyOrder":null,"marketCode":"CY","hasOrders":false,"totalOrders":0},"bidTime":"2020-06-10T13:27:12Z","user":null,"price":22.0,"quantity":10.0,"current_price":32.0,"current_quantity":0.0,"orderStatus":"MATCHED","orderDirection":"BUY","orderType":"ICEBERG","metadata":"{\"icebergQuantity\":\"100.0\",\"icebergPriceDelta\":\"1.0\"}","basket":null,"removedOn":null},"singleOrder2":{"id":264,"createdOn":"2020-06-10T13:27:12Z","createdBy":"","product":{"id":109,"createdOn":"2020-06-10T13:27:12Z","createdBy":"","name":"0","deliveryTimeStart":"2020-06-10T15:27:12Z","deliveryTimeEnd":"2020-06-10T16:27:12Z","closesAt":null,"period":"MINUTES60","productStatus":"OPEN","user":null,"latestSellOrder":null,"latestBuyOrder":null,"marketCode":"CY","hasOrders":false,"totalOrders":0},"bidTime":"2020-06-10T13:27:12Z","user":null,"price":22.0,"quantity":85.0,"current_price":22.0,"current_quantity":0.0,"orderStatus":"MATCHED","orderDirection":"SELL","orderType":"LIMIT","metadata":"","basket":null,"removedOn":null},"order1_price":32.0,"order1_quantity":0.0,"order2_price":22.0,"order2_quantity":0.0},{"id":134,"createdOn":"2020-06-10T13:27:12Z","createdBy":"","timestamp":"2020-06-10T13:27:12Z","productName":"0","price":31.0,"quantity":10.0,"metadata":null,"buyer":{"id":null,"createdOn":null,"createdBy":null,"username":"admin","email":null,"password":null,"status":null,"country":null,"rolesFeg":null,"modulesFeg":null,"rolesMarket":null,"modulesMarket":null,"defaultMarket":null,"market":null,"landingPage":null},"seller":{"id":null,"createdOn":null,"createdBy":null,"username":"admin","email":null,"password":null,"status":null,"country":null,"rolesFeg":null,"modulesFeg":null,"rolesMarket":null,"modulesMarket":null,"defaultMarket":null,"market":null,"landingPage":null},"singleOrder1":{"id":264,"createdOn":"2020-06-10T13:27:12Z","createdBy":"","product":{"id":109,"createdOn":"2020-06-10T13:27:12Z","createdBy":"","name":"0","deliveryTimeStart":"2020-06-10T15:27:12Z","deliveryTimeEnd":"2020-06-10T16:27:12Z","closesAt":null,"period":"MINUTES60","productStatus":"OPEN","user":null,"latestSellOrder":null,"latestBuyOrder":null,"marketCode":"CY","hasOrders":false,"totalOrders":0},"bidTime":"2020-06-10T13:27:12Z","user":null,"price":22.0,"quantity":85.0,"current_price":22.0,"current_quantity":0.0,"orderStatus":"MATCHED","orderDirection":"SELL","orderType":"LIMIT","metadata":"","basket":null,"removedOn":null},"singleOrder2":{"id":261,"createdOn":"2020-06-10T13:27:12Z","createdBy":"","product":{"id":109,"createdOn":"2020-06-10T13:27:12Z","createdBy":"","name":"0","deliveryTimeStart":"2020-06-10T15:27:12Z","deliveryTimeEnd":"2020-06-10T16:27:12Z","closesAt":null,"period":"MINUTES60","productStatus":"OPEN","user":null,"latestSellOrder":null,"latestBuyOrder":null,"marketCode":"CY","hasOrders":false,"totalOrders":0},"bidTime":"2020-06-10T13:27:12Z","user":null,"price":22.0,"quantity":10.0,"current_price":32.0,"current_quantity":0.0,"orderStatus":"MATCHED","orderDirection":"BUY","orderType":"ICEBERG","metadata":"{\"icebergQuantity\":\"100.0\",\"icebergPriceDelta\":\"1.0\"}","basket":null,"removedOn":null},"order1_price":22.0,"order1_quantity":0.0,"order2_price":32.0,"order2_quantity":0.0},{"id":135,"createdOn":"2020-06-10T13:27:12Z","createdBy":"","timestamp":"2020-06-10T13:27:12Z","productName":"0","price":30.0,"quantity":10.0,"metadata":null,"buyer":{"id":null,"createdOn":null,"createdBy":null,"username":"admin","email":null,"password":null,"status":null,"country":null,"rolesFeg":null,"modulesFeg":null,"rolesMarket":null,"modulesMarket":null,"defaultMarket":null,"market":null,"landingPage":null},"seller":{"id":null,"createdOn":null,"createdBy":null,"username":"admin","email":null,"password":null,"status":null,"country":null,"rolesFeg":null,"modulesFeg":null,"rolesMarket":null,"modulesMarket":null,"defaultMarket":null,"market":null,"landingPage":null},"singleOrder1":{"id":261,"createdOn":"2020-06-10T13:27:12Z","createdBy":"","product":{"id":109,"createdOn":"2020-06-10T13:27:12Z","createdBy":"","name":"0","deliveryTimeStart":"2020-06-10T15:27:12Z","deliveryTimeEnd":"2020-06-10T16:27:12Z","closesAt":null,"period":"MINUTES60","productStatus":"OPEN","user":null,"latestSellOrder":null,"latestBuyOrder":null,"marketCode":"CY","hasOrders":false,"totalOrders":0},"bidTime":"2020-06-10T13:27:12Z","user":null,"price":22.0,"quantity":10.0,"current_price":32.0,"current_quantity":0.0,"orderStatus":"MATCHED","orderDirection":"BUY","orderType":"ICEBERG","metadata":"{\"icebergQuantity\":\"100.0\",\"icebergPriceDelta\":\"1.0\"}","basket":null,"removedOn":null},"singleOrder2":{"id":264,"createdOn":"2020-06-10T13:27:12Z","createdBy":"","product":{"id":109,"createdOn":"2020-06-10T13:27:12Z","createdBy":"","name":"0","deliveryTimeStart":"2020-06-10T15:27:12Z","deliveryTimeEnd":"2020-06-10T16:27:12Z","closesAt":null,"period":"MINUTES60","productStatus":"OPEN","user":null,"latestSellOrder":null,"latestBuyOrder":null,"marketCode":"CY","hasOrders":false,"totalOrders":0},"bidTime":"2020-06-10T13:27:12Z","user":null,"price":22.0,"quantity":85.0,"current_price":22.0,"current_quantity":0.0,"orderStatus":"MATCHED","orderDirection":"SELL","orderType":"LIMIT","metadata":"","basket":null,"removedOn":null},"order1_price":32.0,"order1_quantity":0.0,"order2_price":22.0,"order2_quantity":0.0},{"id":135,"createdOn":"2020-06-10T13:27:12Z","createdBy":"","timestamp":"2020-06-10T13:27:12Z","productName":"0","price":30.0,"quantity":10.0,"metadata":null,"buyer":{"id":null,"createdOn":null,"createdBy":null,"username":"admin","email":null,"password":null,"status":null,"country":null,"rolesFeg":null,"modulesFeg":null,"rolesMarket":null,"modulesMarket":null,"defaultMarket":null,"market":null,"landingPage":null},"seller":{"id":null,"createdOn":null,"createdBy":null,"username":"admin","email":null,"password":null,"status":null,"country":null,"rolesFeg":null,"modulesFeg":null,"rolesMarket":null,"modulesMarket":null,"defaultMarket":null,"market":null,"landingPage":null},"singleOrder1":{"id":264,"createdOn":"2020-06-10T13:27:12Z","createdBy":"","product":{"id":109,"createdOn":"2020-06-10T13:27:12Z","createdBy":"","name":"0","deliveryTimeStart":"2020-06-10T15:27:12Z","deliveryTimeEnd":"2020-06-10T16:27:12Z","closesAt":null,"period":"MINUTES60","productStatus":"OPEN","user":null,"latestSellOrder":null,"latestBuyOrder":null,"marketCode":"CY","hasOrders":false,"totalOrders":0},"bidTime":"2020-06-10T13:27:12Z","user":null,"price":22.0,"quantity":85.0,"current_price":22.0,"current_quantity":0.0,"orderStatus":"MATCHED","orderDirection":"SELL","orderType":"LIMIT","metadata":"","basket":null,"removedOn":null},"singleOrder2":{"id":261,"createdOn":"2020-06-10T13:27:12Z","createdBy":"","product":{"id":109,"createdOn":"2020-06-10T13:27:12Z","createdBy":"","name":"0","deliveryTimeStart":"2020-06-10T15:27:12Z","deliveryTimeEnd":"2020-06-10T16:27:12Z","closesAt":null,"period":"MINUTES60","productStatus":"OPEN","user":null,"latestSellOrder":null,"latestBuyOrder":null,"marketCode":"CY","hasOrders":false,"totalOrders":0},"bidTime":"2020-06-10T13:27:12Z","user":null,"price":22.0,"quantity":10.0,"current_price":32.0,"current_quantity":0.0,"orderStatus":"MATCHED","orderDirection":"BUY","orderType":"ICEBERG","metadata":"{\"icebergQuantity\":\"100.0\",\"icebergPriceDelta\":\"1.0\"}","basket":null,"removedOn":null},"order1_price":22.0,"order1_quantity":0.0,"order2_price":32.0,"order2_quantity":0.0},{"id":136,"createdOn":"2020-06-10T13:27:12Z","createdBy":"","timestamp":"2020-06-10T13:27:12Z","productName":"0","price":29.0,"quantity":10.0,"metadata":null,"buyer":{"id":null,"createdOn":null,"createdBy":null,"username":"admin","email":null,"password":null,"status":null,"country":null,"rolesFeg":null,"modulesFeg":null,"rolesMarket":null,"modulesMarket":null,"defaultMarket":null,"market":null,"landingPage":null},"seller":{"id":null,"createdOn":null,"createdBy":null,"username":"admin","email":null,"password":null,"status":null,"country":null,"rolesFeg":null,"modulesFeg":null,"rolesMarket":null,"modulesMarket":null,"defaultMarket":null,"market":null,"landingPage":null},"singleOrder1":{"id":261,"createdOn":"2020-06-10T13:27:12Z","createdBy":"","product":{"id":109,"createdOn":"2020-06-10T13:27:12Z","createdBy":"","name":"0","deliveryTimeStart":"2020-06-10T15:27:12Z","deliveryTimeEnd":"2020-06-10T16:27:12Z","closesAt":null,"period":"MINUTES60","productStatus":"OPEN","user":null,"latestSellOrder":null,"latestBuyOrder":null,"marketCode":"CY","hasOrders":false,"totalOrders":0},"bidTime":"2020-06-10T13:27:12Z","user":null,"price":22.0,"quantity":10.0,"current_price":32.0,"current_quantity":0.0,"orderStatus":"MATCHED","orderDirection":"BUY","orderType":"ICEBERG","metadata":"{\"icebergQuantity\":\"100.0\",\"icebergPriceDelta\":\"1.0\"}","basket":null,"removedOn":null},"singleOrder2":{"id":264,"createdOn":"2020-06-10T13:27:12Z","createdBy":"","product":{"id":109,"createdOn":"2020-06-10T13:27:12Z","createdBy":"","name":"0","deliveryTimeStart":"2020-06-10T15:27:12Z","deliveryTimeEnd":"2020-06-10T16:27:12Z","closesAt":null,"period":"MINUTES60","productStatus":"OPEN","user":null,"latestSellOrder":null,"latestBuyOrder":null,"marketCode":"CY","hasOrders":false,"totalOrders":0},"bidTime":"2020-06-10T13:27:12Z","user":null,"price":22.0,"quantity":85.0,"current_price":22.0,"current_quantity":0.0,"orderStatus":"MATCHED","orderDirection":"SELL","orderType":"LIMIT","metadata":"","basket":null,"removedOn":null},"order1_price":32.0,"order1_quantity":0.0,"order2_price":22.0,"order2_quantity":0.0},{"id":136,"createdOn":"2020-06-10T13:27:12Z","createdBy":"","timestamp":"2020-06-10T13:27:12Z","productName":"0","price":29.0,"quantity":10.0,"metadata":null,"buyer":{"id":null,"createdOn":null,"createdBy":null,"username":"admin","email":null,"password":null,"status":null,"country":null,"rolesFeg":null,"modulesFeg":null,"rolesMarket":null,"modulesMarket":null,"defaultMarket":null,"market":null,"landingPage":null},"seller":{"id":null,"createdOn":null,"createdBy":null,"username":"admin","email":null,"password":null,"status":null,"country":null,"rolesFeg":null,"modulesFeg":null,"rolesMarket":null,"modulesMarket":null,"defaultMarket":null,"market":null,"landingPage":null},"singleOrder1":{"id":264,"createdOn":"2020-06-10T13:27:12Z","createdBy":"","product":{"id":109,"createdOn":"2020-06-10T13:27:12Z","createdBy":"","name":"0","deliveryTimeStart":"2020-06-10T15:27:12Z","deliveryTimeEnd":"2020-06-10T16:27:12Z","closesAt":null,"period":"MINUTES60","productStatus":"OPEN","user":null,"latestSellOrder":null,"latestBuyOrder":null,"marketCode":"CY","hasOrders":false,"totalOrders":0},"bidTime":"2020-06-10T13:27:12Z","user":null,"price":22.0,"quantity":85.0,"current_price":22.0,"current_quantity":0.0,"orderStatus":"MATCHED","orderDirection":"SELL","orderType":"LIMIT","metadata":"","basket":null,"removedOn":null},"singleOrder2":{"id":261,"createdOn":"2020-06-10T13:27:12Z","createdBy":"","product":{"id":109,"createdOn":"2020-06-10T13:27:12Z","createdBy":"","name":"0","deliveryTimeStart":"2020-06-10T15:27:12Z","deliveryTimeEnd":"2020-06-10T16:27:12Z","closesAt":null,"period":"MINUTES60","productStatus":"OPEN","user":null,"latestSellOrder":null,"latestBuyOrder":null,"marketCode":"CY","hasOrders":false,"totalOrders":0},"bidTime":"2020-06-10T13:27:12Z","user":null,"price":22.0,"quantity":10.0,"current_price":32.0,"current_quantity":0.0,"orderStatus":"MATCHED","orderDirection":"BUY","orderType":"ICEBERG","metadata":"{\"icebergQuantity\":\"100.0\",\"icebergPriceDelta\":\"1.0\"}","basket":null,"removedOn":null},"order1_price":22.0,"order1_quantity":0.0,"order2_price":32.0,"order2_quantity":0.0},{"id":137,"createdOn":"2020-06-10T13:27:12Z","createdBy":"","timestamp":"2020-06-10T13:27:12Z","productName":"0","price":28.0,"quantity":10.0,"metadata":null,"buyer":{"id":null,"createdOn":null,"createdBy":null,"username":"admin","email":null,"password":null,"status":null,"country":null,"rolesFeg":null,"modulesFeg":null,"rolesMarket":null,"modulesMarket":null,"defaultMarket":null,"market":null,"landingPage":null},"seller":{"id":null,"createdOn":null,"createdBy":null,"username":"admin","email":null,"password":null,"status":null,"country":null,"rolesFeg":null,"modulesFeg":null,"rolesMarket":null,"modulesMarket":null,"defaultMarket":null,"market":null,"landingPage":null},"singleOrder1":{"id":261,"createdOn":"2020-06-10T13:27:12Z","createdBy":"","product":{"id":109,"createdOn":"2020-06-10T13:27:12Z","createdBy":"","name":"0","deliveryTimeStart":"2020-06-10T15:27:12Z","deliveryTimeEnd":"2020-06-10T16:27:12Z","closesAt":null,"period":"MINUTES60","productStatus":"OPEN","user":null,"latestSellOrder":null,"latestBuyOrder":null,"marketCode":"CY","hasOrders":false,"totalOrders":0},"bidTime":"2020-06-10T13:27:12Z","user":null,"price":22.0,"quantity":10.0,"current_price":32.0,"current_quantity":0.0,"orderStatus":"MATCHED","orderDirection":"BUY","orderType":"ICEBERG","metadata":"{\"icebergQuantity\":\"100.0\",\"icebergPriceDelta\":\"1.0\"}","basket":null,"removedOn":null},"singleOrder2":{"id":264,"createdOn":"2020-06-10T13:27:12Z","createdBy":"","product":{"id":109,"createdOn":"2020-06-10T13:27:12Z","createdBy":"","name":"0","deliveryTimeStart":"2020-06-10T15:27:12Z","deliveryTimeEnd":"2020-06-10T16:27:12Z","closesAt":null,"period":"MINUTES60","productStatus":"OPEN","user":null,"latestSellOrder":null,"latestBuyOrder":null,"marketCode":"CY","hasOrders":false,"totalOrders":0},"bidTime":"2020-06-10T13:27:12Z","user":null,"price":22.0,"quantity":85.0,"current_price":22.0,"current_quantity":0.0,"orderStatus":"MATCHED","orderDirection":"SELL","orderType":"LIMIT","metadata":"","basket":null,"removedOn":null},"order1_price":32.0,"order1_quantity":0.0,"order2_price":22.0,"order2_quantity":0.0},{"id":137,"createdOn":"2020-06-10T13:27:12Z","createdBy":"","timestamp":"2020-06-10T13:27:12Z","productName":"0","price":28.0,"quantity":10.0,"metadata":null,"buyer":{"id":null,"createdOn":null,"createdBy":null,"username":"admin","email":null,"password":null,"status":null,"country":null,"rolesFeg":null,"modulesFeg":null,"rolesMarket":null,"modulesMarket":null,"defaultMarket":null,"market":null,"landingPage":null},"seller":{"id":null,"createdOn":null,"createdBy":null,"username":"admin","email":null,"password":null,"status":null,"country":null,"rolesFeg":null,"modulesFeg":null,"rolesMarket":null,"modulesMarket":null,"defaultMarket":null,"market":null,"landingPage":null},"singleOrder1":{"id":264,"createdOn":"2020-06-10T13:27:12Z","createdBy":"","product":{"id":109,"createdOn":"2020-06-10T13:27:12Z","createdBy":"","name":"0","deliveryTimeStart":"2020-06-10T15:27:12Z","deliveryTimeEnd":"2020-06-10T16:27:12Z","closesAt":null,"period":"MINUTES60","productStatus":"OPEN","user":null,"latestSellOrder":null,"latestBuyOrder":null,"marketCode":"CY","hasOrders":false,"totalOrders":0},"bidTime":"2020-06-10T13:27:12Z","user":null,"price":22.0,"quantity":85.0,"current_price":22.0,"current_quantity":0.0,"orderStatus":"MATCHED","orderDirection":"SELL","orderType":"LIMIT","metadata":"","basket":null,"removedOn":null},"singleOrder2":{"id":261,"createdOn":"2020-06-10T13:27:12Z","createdBy":"","product":{"id":109,"createdOn":"2020-06-10T13:27:12Z","createdBy":"","name":"0","deliveryTimeStart":"2020-06-10T15:27:12Z","deliveryTimeEnd":"2020-06-10T16:27:12Z","closesAt":null,"period":"MINUTES60","productStatus":"OPEN","user":null,"latestSellOrder":null,"latestBuyOrder":null,"marketCode":"CY","hasOrders":false,"totalOrders":0},"bidTime":"2020-06-10T13:27:12Z","user":null,"price":22.0,"quantity":10.0,"current_price":32.0,"current_quantity":0.0,"orderStatus":"MATCHED","orderDirection":"BUY","orderType":"ICEBERG","metadata":"{\"icebergQuantity\":\"100.0\",\"icebergPriceDelta\":\"1.0\"}","basket":null,"removedOn":null},"order1_price":22.0,"order1_quantity":0.0,"order2_price":32.0,"order2_quantity":0.0},{"id":138,"createdOn":"2020-06-10T13:27:12Z","createdBy":"","timestamp":"2020-06-10T13:27:12Z","productName":"0","price":27.0,"quantity":10.0,"metadata":null,"buyer":{"id":null,"createdOn":null,"createdBy":null,"username":"admin","email":null,"password":null,"status":null,"country":null,"rolesFeg":null,"modulesFeg":null,"rolesMarket":null,"modulesMarket":null,"defaultMarket":null,"market":null,"landingPage":null},"seller":{"id":null,"createdOn":null,"createdBy":null,"username":"admin","email":null,"password":null,"status":null,"country":null,"rolesFeg":null,"modulesFeg":null,"rolesMarket":null,"modulesMarket":null,"defaultMarket":null,"market":null,"landingPage":null},"singleOrder1":{"id":261,"createdOn":"2020-06-10T13:27:12Z","createdBy":"","product":{"id":109,"createdOn":"2020-06-10T13:27:12Z","createdBy":"","name":"0","deliveryTimeStart":"2020-06-10T15:27:12Z","deliveryTimeEnd":"2020-06-10T16:27:12Z","closesAt":null,"period":"MINUTES60","productStatus":"OPEN","user":null,"latestSellOrder":null,"latestBuyOrder":null,"marketCode":"CY","hasOrders":false,"totalOrders":0},"bidTime":"2020-06-10T13:27:12Z","user":null,"price":22.0,"quantity":10.0,"current_price":32.0,"current_quantity":0.0,"orderStatus":"MATCHED","orderDirection":"BUY","orderType":"ICEBERG","metadata":"{\"icebergQuantity\":\"100.0\",\"icebergPriceDelta\":\"1.0\"}","basket":null,"removedOn":null},"singleOrder2":{"id":264,"createdOn":"2020-06-10T13:27:12Z","createdBy":"","product":{"id":109,"createdOn":"2020-06-10T13:27:12Z","createdBy":"","name":"0","deliveryTimeStart":"2020-06-10T15:27:12Z","deliveryTimeEnd":"2020-06-10T16:27:12Z","closesAt":null,"period":"MINUTES60","productStatus":"OPEN","user":null,"latestSellOrder":null,"latestBuyOrder":null,"marketCode":"CY","hasOrders":false,"totalOrders":0},"bidTime":"2020-06-10T13:27:12Z","user":null,"price":22.0,"quantity":85.0,"current_price":22.0,"current_quantity":0.0,"orderStatus":"MATCHED","orderDirection":"SELL","orderType":"LIMIT","metadata":"","basket":null,"removedOn":null},"order1_price":32.0,"order1_quantity":0.0,"order2_price":22.0,"order2_quantity":0.0},{"id":138,"createdOn":"2020-06-10T13:27:12Z","createdBy":"","timestamp":"2020-06-10T13:27:12Z","productName":"0","price":27.0,"quantity":10.0,"metadata":null,"buyer":{"id":null,"createdOn":null,"createdBy":null,"username":"admin","email":null,"password":null,"status":null,"country":null,"rolesFeg":null,"modulesFeg":null,"rolesMarket":null,"modulesMarket":null,"defaultMarket":null,"market":null,"landingPage":null},"seller":{"id":null,"createdOn":null,"createdBy":null,"username":"admin","email":null,"password":null,"status":null,"country":null,"rolesFeg":null,"modulesFeg":null,"rolesMarket":null,"modulesMarket":null,"defaultMarket":null,"market":null,"landingPage":null},"singleOrder1":{"id":264,"createdOn":"2020-06-10T13:27:12Z","createdBy":"","product":{"id":109,"createdOn":"2020-06-10T13:27:12Z","createdBy":"","name":"0","deliveryTimeStart":"2020-06-10T15:27:12Z","deliveryTimeEnd":"2020-06-10T16:27:12Z","closesAt":null,"period":"MINUTES60","productStatus":"OPEN","user":null,"latestSellOrder":null,"latestBuyOrder":null,"marketCode":"CY","hasOrders":false,"totalOrders":0},"bidTime":"2020-06-10T13:27:12Z","user":null,"price":22.0,"quantity":85.0,"current_price":22.0,"current_quantity":0.0,"orderStatus":"MATCHED","orderDirection":"SELL","orderType":"LIMIT","metadata":"","basket":null,"removedOn":null},"singleOrder2":{"id":261,"createdOn":"2020-06-10T13:27:12Z","createdBy":"","product":{"id":109,"createdOn":"2020-06-10T13:27:12Z","createdBy":"","name":"0","deliveryTimeStart":"2020-06-10T15:27:12Z","deliveryTimeEnd":"2020-06-10T16:27:12Z","closesAt":null,"period":"MINUTES60","productStatus":"OPEN","user":null,"latestSellOrder":null,"latestBuyOrder":null,"marketCode":"CY","hasOrders":false,"totalOrders":0},"bidTime":"2020-06-10T13:27:12Z","user":null,"price":22.0,"quantity":10.0,"current_price":32.0,"current_quantity":0.0,"orderStatus":"MATCHED","orderDirection":"BUY","orderType":"ICEBERG","metadata":"{\"icebergQuantity\":\"100.0\",\"icebergPriceDelta\":\"1.0\"}","basket":null,"removedOn":null},"order1_price":22.0,"order1_quantity":0.0,"order2_price":32.0,"order2_quantity":0.0},{"id":139,"createdOn":"2020-06-10T13:27:12Z","createdBy":"","timestamp":"2020-06-10T13:27:12Z","productName":"0","price":26.0,"quantity":10.0,"metadata":null,"buyer":{"id":null,"createdOn":null,"createdBy":null,"username":"admin","email":null,"password":null,"status":null,"country":null,"rolesFeg":null,"modulesFeg":null,"rolesMarket":null,"modulesMarket":null,"defaultMarket":null,"market":null,"landingPage":null},"seller":{"id":null,"createdOn":null,"createdBy":null,"username":"admin","email":null,"password":null,"status":null,"country":null,"rolesFeg":null,"modulesFeg":null,"rolesMarket":null,"modulesMarket":null,"defaultMarket":null,"market":null,"landingPage":null},"singleOrder1":{"id":261,"createdOn":"2020-06-10T13:27:12Z","createdBy":"","product":{"id":109,"createdOn":"2020-06-10T13:27:12Z","createdBy":"","name":"0","deliveryTimeStart":"2020-06-10T15:27:12Z","deliveryTimeEnd":"2020-06-10T16:27:12Z","closesAt":null,"period":"MINUTES60","productStatus":"OPEN","user":null,"latestSellOrder":null,"latestBuyOrder":null,"marketCode":"CY","hasOrders":false,"totalOrders":0},"bidTime":"2020-06-10T13:27:12Z","user":null,"price":22.0,"quantity":10.0,"current_price":32.0,"current_quantity":0.0,"orderStatus":"MATCHED","orderDirection":"BUY","orderType":"ICEBERG","metadata":"{\"icebergQuantity\":\"100.0\",\"icebergPriceDelta\":\"1.0\"}","basket":null,"removedOn":null},"singleOrder2":{"id":264,"createdOn":"2020-06-10T13:27:12Z","createdBy":"","product":{"id":109,"createdOn":"2020-06-10T13:27:12Z","createdBy":"","name":"0","deliveryTimeStart":"2020-06-10T15:27:12Z","deliveryTimeEnd":"2020-06-10T16:27:12Z","closesAt":null,"period":"MINUTES60","productStatus":"OPEN","user":null,"latestSellOrder":null,"latestBuyOrder":null,"marketCode":"CY","hasOrders":false,"totalOrders":0},"bidTime":"2020-06-10T13:27:12Z","user":null,"price":22.0,"quantity":85.0,"current_price":22.0,"current_quantity":0.0,"orderStatus":"MATCHED","orderDirection":"SELL","orderType":"LIMIT","metadata":"","basket":null,"removedOn":null},"order1_price":32.0,"order1_quantity":0.0,"order2_price":22.0,"order2_quantity":0.0},{"id":139,"createdOn":"2020-06-10T13:27:12Z","createdBy":"","timestamp":"2020-06-10T13:27:12Z","productName":"0","price":26.0,"quantity":10.0,"metadata":null,"buyer":{"id":null,"createdOn":null,"createdBy":null,"username":"admin","email":null,"password":null,"status":null,"country":null,"rolesFeg":null,"modulesFeg":null,"rolesMarket":null,"modulesMarket":null,"defaultMarket":null,"market":null,"landingPage":null},"seller":{"id":null,"createdOn":null,"createdBy":null,"username":"admin","email":null,"password":null,"status":null,"country":null,"rolesFeg":null,"modulesFeg":null,"rolesMarket":null,"modulesMarket":null,"defaultMarket":null,"market":null,"landingPage":null},"singleOrder1":{"id":264,"createdOn":"2020-06-10T13:27:12Z","createdBy":"","product":{"id":109,"createdOn":"2020-06-10T13:27:12Z","createdBy":"","name":"0","deliveryTimeStart":"2020-06-10T15:27:12Z","deliveryTimeEnd":"2020-06-10T16:27:12Z","closesAt":null,"period":"MINUTES60","productStatus":"OPEN","user":null,"latestSellOrder":null,"latestBuyOrder":null,"marketCode":"CY","hasOrders":false,"totalOrders":0},"bidTime":"2020-06-10T13:27:12Z","user":null,"price":22.0,"quantity":85.0,"current_price":22.0,"current_quantity":0.0,"orderStatus":"MATCHED","orderDirection":"SELL","orderType":"LIMIT","metadata":"","basket":null,"removedOn":null},"singleOrder2":{"id":261,"createdOn":"2020-06-10T13:27:12Z","createdBy":"","product":{"id":109,"createdOn":"2020-06-10T13:27:12Z","createdBy":"","name":"0","deliveryTimeStart":"2020-06-10T15:27:12Z","deliveryTimeEnd":"2020-06-10T16:27:12Z","closesAt":null,"period":"MINUTES60","productStatus":"OPEN","user":null,"latestSellOrder":null,"latestBuyOrder":null,"marketCode":"CY","hasOrders":false,"totalOrders":0},"bidTime":"2020-06-10T13:27:12Z","user":null,"price":22.0,"quantity":10.0,"current_price":32.0,"current_quantity":0.0,"orderStatus":"MATCHED","orderDirection":"BUY","orderType":"ICEBERG","metadata":"{\"icebergQuantity\":\"100.0\",\"icebergPriceDelta\":\"1.0\"}","basket":null,"removedOn":null},"order1_price":22.0,"order1_quantity":0.0,"order2_price":32.0,"order2_quantity":0.0},{"id":140,"createdOn":"2020-06-10T13:27:12Z","createdBy":"","timestamp":"2020-06-10T13:27:12Z","productName":"0","price":25.0,"quantity":10.0,"metadata":null,"buyer":{"id":null,"createdOn":null,"createdBy":null,"username":"admin","email":null,"password":null,"status":null,"country":null,"rolesFeg":null,"modulesFeg":null,"rolesMarket":null,"modulesMarket":null,"defaultMarket":null,"market":null,"landingPage":null},"seller":{"id":null,"createdOn":null,"createdBy":null,"username":"admin","email":null,"password":null,"status":null,"country":null,"rolesFeg":null,"modulesFeg":null,"rolesMarket":null,"modulesMarket":null,"defaultMarket":null,"market":null,"landingPage":null},"singleOrder1":{"id":261,"createdOn":"2020-06-10T13:27:12Z","createdBy":"","product":{"id":109,"createdOn":"2020-06-10T13:27:12Z","createdBy":"","name":"0","deliveryTimeStart":"2020-06-10T15:27:12Z","deliveryTimeEnd":"2020-06-10T16:27:12Z","closesAt":null,"period":"MINUTES60","productStatus":"OPEN","user":null,"latestSellOrder":null,"latestBuyOrder":null,"marketCode":"CY","hasOrders":false,"totalOrders":0},"bidTime":"2020-06-10T13:27:12Z","user":null,"price":22.0,"quantity":10.0,"current_price":32.0,"current_quantity":0.0,"orderStatus":"MATCHED","orderDirection":"BUY","orderType":"ICEBERG","metadata":"{\"icebergQuantity\":\"100.0\",\"icebergPriceDelta\":\"1.0\"}","basket":null,"removedOn":null},"singleOrder2":{"id":264,"createdOn":"2020-06-10T13:27:12Z","createdBy":"","product":{"id":109,"createdOn":"2020-06-10T13:27:12Z","createdBy":"","name":"0","deliveryTimeStart":"2020-06-10T15:27:12Z","deliveryTimeEnd":"2020-06-10T16:27:12Z","closesAt":null,"period":"MINUTES60","productStatus":"OPEN","user":null,"latestSellOrder":null,"latestBuyOrder":null,"marketCode":"CY","hasOrders":false,"totalOrders":0},"bidTime":"2020-06-10T13:27:12Z","user":null,"price":22.0,"quantity":85.0,"current_price":22.0,"current_quantity":0.0,"orderStatus":"MATCHED","orderDirection":"SELL","orderType":"LIMIT","metadata":"","basket":null,"removedOn":null},"order1_price":32.0,"order1_quantity":0.0,"order2_price":22.0,"order2_quantity":0.0},{"id":140,"createdOn":"2020-06-10T13:27:12Z","createdBy":"","timestamp":"2020-06-10T13:27:12Z","productName":"0","price":25.0,"quantity":10.0,"metadata":null,"buyer":{"id":null,"createdOn":null,"createdBy":null,"username":"admin","email":null,"password":null,"status":null,"country":null,"rolesFeg":null,"modulesFeg":null,"rolesMarket":null,"modulesMarket":null,"defaultMarket":null,"market":null,"landingPage":null},"seller":{"id":null,"createdOn":null,"createdBy":null,"username":"admin","email":null,"password":null,"status":null,"country":null,"rolesFeg":null,"modulesFeg":null,"rolesMarket":null,"modulesMarket":null,"defaultMarket":null,"market":null,"landingPage":null},"singleOrder1":{"id":264,"createdOn":"2020-06-10T13:27:12Z","createdBy":"","product":{"id":109,"createdOn":"2020-06-10T13:27:12Z","createdBy":"","name":"0","deliveryTimeStart":"2020-06-10T15:27:12Z","deliveryTimeEnd":"2020-06-10T16:27:12Z","closesAt":null,"period":"MINUTES60","productStatus":"OPEN","user":null,"latestSellOrder":null,"latestBuyOrder":null,"marketCode":"CY","hasOrders":false,"totalOrders":0},"bidTime":"2020-06-10T13:27:12Z","user":null,"price":22.0,"quantity":85.0,"current_price":22.0,"current_quantity":0.0,"orderStatus":"MATCHED","orderDirection":"SELL","orderType":"LIMIT","metadata":"","basket":null,"removedOn":null},"singleOrder2":{"id":261,"createdOn":"2020-06-10T13:27:12Z","createdBy":"","product":{"id":109,"createdOn":"2020-06-10T13:27:12Z","createdBy":"","name":"0","deliveryTimeStart":"2020-06-10T15:27:12Z","deliveryTimeEnd":"2020-06-10T16:27:12Z","closesAt":null,"period":"MINUTES60","productStatus":"OPEN","user":null,"latestSellOrder":null,"latestBuyOrder":null,"marketCode":"CY","hasOrders":false,"totalOrders":0},"bidTime":"2020-06-10T13:27:12Z","user":null,"price":22.0,"quantity":10.0,"current_price":32.0,"current_quantity":0.0,"orderStatus":"MATCHED","orderDirection":"BUY","orderType":"ICEBERG","metadata":"{\"icebergQuantity\":\"100.0\",\"icebergPriceDelta\":\"1.0\"}","basket":null,"removedOn":null},"order1_price":22.0,"order1_quantity":0.0,"order2_price":32.0,"order2_quantity":0.0},{"id":141,"createdOn":"2020-06-10T13:27:12Z","createdBy":"","timestamp":"2020-06-10T13:27:12Z","productName":"0","price":24.0,"quantity":10.0,"metadata":null,"buyer":{"id":null,"createdOn":null,"createdBy":null,"username":"admin","email":null,"password":null,"status":null,"country":null,"rolesFeg":null,"modulesFeg":null,"rolesMarket":null,"modulesMarket":null,"defaultMarket":null,"market":null,"landingPage":null},"seller":{"id":null,"createdOn":null,"createdBy":null,"username":"admin","email":null,"password":null,"status":null,"country":null,"rolesFeg":null,"modulesFeg":null,"rolesMarket":null,"modulesMarket":null,"defaultMarket":null,"market":null,"landingPage":null},"singleOrder1":{"id":261,"createdOn":"2020-06-10T13:27:12Z","createdBy":"","product":{"id":109,"createdOn":"2020-06-10T13:27:12Z","createdBy":"","name":"0","deliveryTimeStart":"2020-06-10T15:27:12Z","deliveryTimeEnd":"2020-06-10T16:27:12Z","closesAt":null,"period":"MINUTES60","productStatus":"OPEN","user":null,"latestSellOrder":null,"latestBuyOrder":null,"marketCode":"CY","hasOrders":false,"totalOrders":0},"bidTime":"2020-06-10T13:27:12Z","user":null,"price":22.0,"quantity":10.0,"current_price":32.0,"current_quantity":0.0,"orderStatus":"MATCHED","orderDirection":"BUY","orderType":"ICEBERG","metadata":"{\"icebergQuantity\":\"100.0\",\"icebergPriceDelta\":\"1.0\"}","basket":null,"removedOn":null},"singleOrder2":{"id":264,"createdOn":"2020-06-10T13:27:12Z","createdBy":"","product":{"id":109,"createdOn":"2020-06-10T13:27:12Z","createdBy":"","name":"0","deliveryTimeStart":"2020-06-10T15:27:12Z","deliveryTimeEnd":"2020-06-10T16:27:12Z","closesAt":null,"period":"MINUTES60","productStatus":"OPEN","user":null,"latestSellOrder":null,"latestBuyOrder":null,"marketCode":"CY","hasOrders":false,"totalOrders":0},"bidTime":"2020-06-10T13:27:12Z","user":null,"price":22.0,"quantity":85.0,"current_price":22.0,"current_quantity":0.0,"orderStatus":"MATCHED","orderDirection":"SELL","orderType":"LIMIT","metadata":"","basket":null,"removedOn":null},"order1_price":32.0,"order1_quantity":0.0,"order2_price":22.0,"order2_quantity":0.0},{"id":141,"createdOn":"2020-06-10T13:27:12Z","createdBy":"","timestamp":"2020-06-10T13:27:12Z","productName":"0","price":24.0,"quantity":10.0,"metadata":null,"buyer":{"id":null,"createdOn":null,"createdBy":null,"username":"admin","email":null,"password":null,"status":null,"country":null,"rolesFeg":null,"modulesFeg":null,"rolesMarket":null,"modulesMarket":null,"defaultMarket":null,"market":null,"landingPage":null},"seller":{"id":null,"createdOn":null,"createdBy":null,"username":"admin","email":null,"password":null,"status":null,"country":null,"rolesFeg":null,"modulesFeg":null,"rolesMarket":null,"modulesMarket":null,"defaultMarket":null,"market":null,"landingPage":null},"singleOrder1":{"id":264,"createdOn":"2020-06-10T13:27:12Z","createdBy":"","product":{"id":109,"createdOn":"2020-06-10T13:27:12Z","createdBy":"","name":"0","deliveryTimeStart":"2020-06-10T15:27:12Z","deliveryTimeEnd":"2020-06-10T16:27:12Z","closesAt":null,"period":"MINUTES60","productStatus":"OPEN","user":null,"latestSellOrder":null,"latestBuyOrder":null,"marketCode":"CY","hasOrders":false,"totalOrders":0},"bidTime":"2020-06-10T13:27:12Z","user":null,"price":22.0,"quantity":85.0,"current_price":22.0,"current_quantity":0.0,"orderStatus":"MATCHED","orderDirection":"SELL","orderType":"LIMIT","metadata":"","basket":null,"removedOn":null},"singleOrder2":{"id":261,"createdOn":"2020-06-10T13:27:12Z","createdBy":"","product":{"id":109,"createdOn":"2020-06-10T13:27:12Z","createdBy":"","name":"0","deliveryTimeStart":"2020-06-10T15:27:12Z","deliveryTimeEnd":"2020-06-10T16:27:12Z","closesAt":null,"period":"MINUTES60","productStatus":"OPEN","user":null,"latestSellOrder":null,"latestBuyOrder":null,"marketCode":"CY","hasOrders":false,"totalOrders":0},"bidTime":"2020-06-10T13:27:12Z","user":null,"price":22.0,"quantity":10.0,"current_price":32.0,"current_quantity":0.0,"orderStatus":"MATCHED","orderDirection":"BUY","orderType":"ICEBERG","metadata":"{\"icebergQuantity\":\"100.0\",\"icebergPriceDelta\":\"1.0\"}","basket":null,"removedOn":null},"order1_price":22.0,"order1_quantity":0.0,"order2_price":32.0,"order2_quantity":0.0},{"id":142,"createdOn":"2020-06-10T13:27:12Z","createdBy":"","timestamp":"2020-06-10T13:27:12Z","productName":"0","price":23.0,"quantity":5.0,"metadata":null,"buyer":{"id":null,"createdOn":null,"createdBy":null,"username":"admin","email":null,"password":null,"status":null,"country":null,"rolesFeg":null,"modulesFeg":null,"rolesMarket":null,"modulesMarket":null,"defaultMarket":null,"market":null,"landingPage":null},"seller":{"id":null,"createdOn":null,"createdBy":null,"username":"admin","email":null,"password":null,"status":null,"country":null,"rolesFeg":null,"modulesFeg":null,"rolesMarket":null,"modulesMarket":null,"defaultMarket":null,"market":null,"landingPage":null},"singleOrder1":{"id":261,"createdOn":"2020-06-10T13:27:12Z","createdBy":"","product":{"id":109,"createdOn":"2020-06-10T13:27:12Z","createdBy":"","name":"0","deliveryTimeStart":"2020-06-10T15:27:12Z","deliveryTimeEnd":"2020-06-10T16:27:12Z","closesAt":null,"period":"MINUTES60","productStatus":"OPEN","user":null,"latestSellOrder":null,"latestBuyOrder":null,"marketCode":"CY","hasOrders":false,"totalOrders":0},"bidTime":"2020-06-10T13:27:12Z","user":null,"price":22.0,"quantity":10.0,"current_price":32.0,"current_quantity":0.0,"orderStatus":"MATCHED","orderDirection":"BUY","orderType":"ICEBERG","metadata":"{\"icebergQuantity\":\"100.0\",\"icebergPriceDelta\":\"1.0\"}","basket":null,"removedOn":null},"singleOrder2":{"id":264,"createdOn":"2020-06-10T13:27:12Z","createdBy":"","product":{"id":109,"createdOn":"2020-06-10T13:27:12Z","createdBy":"","name":"0","deliveryTimeStart":"2020-06-10T15:27:12Z","deliveryTimeEnd":"2020-06-10T16:27:12Z","closesAt":null,"period":"MINUTES60","productStatus":"OPEN","user":null,"latestSellOrder":null,"latestBuyOrder":null,"marketCode":"CY","hasOrders":false,"totalOrders":0},"bidTime":"2020-06-10T13:27:12Z","user":null,"price":22.0,"quantity":85.0,"current_price":22.0,"current_quantity":0.0,"orderStatus":"MATCHED","orderDirection":"SELL","orderType":"LIMIT","metadata":"","basket":null,"removedOn":null},"order1_price":32.0,"order1_quantity":0.0,"order2_price":22.0,"order2_quantity":0.0},{"id":142,"createdOn":"2020-06-10T13:27:12Z","createdBy":"","timestamp":"2020-06-10T13:27:12Z","productName":"0","price":23.0,"quantity":5.0,"metadata":null,"buyer":{"id":null,"createdOn":null,"createdBy":null,"username":"admin","email":null,"password":null,"status":null,"country":null,"rolesFeg":null,"modulesFeg":null,"rolesMarket":null,"modulesMarket":null,"defaultMarket":null,"market":null,"landingPage":null},"seller":{"id":null,"createdOn":null,"createdBy":null,"username":"admin","email":null,"password":null,"status":null,"country":null,"rolesFeg":null,"modulesFeg":null,"rolesMarket":null,"modulesMarket":null,"defaultMarket":null,"market":null,"landingPage":null},"singleOrder1":{"id":264,"createdOn":"2020-06-10T13:27:12Z","createdBy":"","product":{"id":109,"createdOn":"2020-06-10T13:27:12Z","createdBy":"","name":"0","deliveryTimeStart":"2020-06-10T15:27:12Z","deliveryTimeEnd":"2020-06-10T16:27:12Z","closesAt":null,"period":"MINUTES60","productStatus":"OPEN","user":null,"latestSellOrder":null,"latestBuyOrder":null,"marketCode":"CY","hasOrders":false,"totalOrders":0},"bidTime":"2020-06-10T13:27:12Z","user":null,"price":22.0,"quantity":85.0,"current_price":22.0,"current_quantity":0.0,"orderStatus":"MATCHED","orderDirection":"SELL","orderType":"LIMIT","metadata":"","basket":null,"removedOn":null},"singleOrder2":{"id":261,"createdOn":"2020-06-10T13:27:12Z","createdBy":"","product":{"id":109,"createdOn":"2020-06-10T13:27:12Z","createdBy":"","name":"0","deliveryTimeStart":"2020-06-10T15:27:12Z","deliveryTimeEnd":"2020-06-10T16:27:12Z","closesAt":null,"period":"MINUTES60","productStatus":"OPEN","user":null,"latestSellOrder":null,"latestBuyOrder":null,"marketCode":"CY","hasOrders":false,"totalOrders":0},"bidTime":"2020-06-10T13:27:12Z","user":null,"price":22.0,"quantity":10.0,"current_price":32.0,"current_quantity":0.0,"orderStatus":"MATCHED","orderDirection":"BUY","orderType":"ICEBERG","metadata":"{\"icebergQuantity\":\"100.0\",\"icebergPriceDelta\":\"1.0\"}","basket":null,"removedOn":null},"order1_price":22.0,"order1_quantity":0.0,"order2_price":32.0,"order2_quantity":0.0}]
    Forwarded URL = null
   Redirected URL = null
          Cookies = []

MockHttpServletRequest:
      HTTP Method = POST
      Request URI = /users/auth/
       Parameters = {}
          Headers = [Content-Type:"application/json"]
             Body = <no character encoding set>
    Session Attrs = {}

Handler:
             Type = flexi.fegcentral.backend.controllers.users.UserController
           Method = public flexi.fegcentral.backend.dto.auth.JWTResponseDTO flexi.fegcentral.backend.controllers.users.UserController.authenticate(flexi.fegcentral.backend.dto.auth.LoginDTO)

Async:
    Async started = false
     Async result = null

Resolved Exception:
             Type = null

ModelAndView:
        View name = null
             View = null
            Model = null

FlashMap:
       Attributes = null

MockHttpServletResponse:
           Status = 200
    Error message = null
          Headers = [Content-Type:"application/json;charset=UTF-8"]
     Content type = application/json;charset=UTF-8
             Body = {"jwt":"eyJhbGciOiJIUzI1NiJ9.eyJqdGkiOiI3MzUwOGQ1MS1hYjllLTQ0NjMtOGYyYS1mZWJmNTk2N2I5ZjciLCJpYXQiOjE1OTE3OTU2MzIsInN1YiI6ImFkbWluIiwiaXNzIjoiZmxleGl0cmFuc3RvcmUuZXUiLCJleHAiOjE1OTE4ODIwMzIsInVzZXJfaWQiOjIwMDB9.EODpXW6mpb961TV_TVPJCK9GtpkV6SOJVUB5LqYzb7w","requires2FA":false}
    Forwarded URL = null
   Redirected URL = null
          Cookies = []

MockHttpServletRequest:
      HTTP Method = POST
      Request URI = /modules/market/products
       Parameters = {}
          Headers = [Content-Type:"application/json", "application/json", Authorization:"Bearer eyJhbGciOiJIUzI1NiJ9.eyJqdGkiOiI3MzUwOGQ1MS1hYjllLTQ0NjMtOGYyYS1mZWJmNTk2N2I5ZjciLCJpYXQiOjE1OTE3OTU2MzIsInN1YiI6ImFkbWluIiwiaXNzIjoiZmxleGl0cmFuc3RvcmUuZXUiLCJleHAiOjE1OTE4ODIwMzIsInVzZXJfaWQiOjIwMDB9.EODpXW6mpb961TV_TVPJCK9GtpkV6SOJVUB5LqYzb7w"]
             Body = <no character encoding set>
    Session Attrs = {}

Handler:
             Type = flexi.fegcentral.backend.controllers.data.modules.market.ProductController
           Method = public flexi.fegcentral.backend.dto.data.modules.market.ProductDTO flexi.fegcentral.backend.controllers.data.modules.market.ProductController.create(flexi.fegcentral.backend.dto.data.modules.market.ProductDTO) throws java.lang.Exception

Async:
    Async started = false
     Async result = null

Resolved Exception:
             Type = null

ModelAndView:
        View name = null
             View = null
            Model = null

FlashMap:
       Attributes = null

MockHttpServletResponse:
           Status = 200
    Error message = null
          Headers = [Content-Type:"application/json;charset=UTF-8"]
     Content type = application/json;charset=UTF-8
             Body = {"id":110,"createdOn":"2020-06-10T13:27:12.531534900Z","createdBy":"","name":"4d0f0b7c-e754-4ec7-8095-d7a9ae29d91b","deliveryTimeStart":"2020-06-10T16:37:12.526532Z","deliveryTimeEnd":"2020-06-10T16:52:12.526532Z","closesAt":"2020-06-10T15:37:12.526532Z","period":"MINUTES15","productStatus":"OPEN","user":null,"latestSellOrder":null,"latestBuyOrder":null,"marketCode":"CY","hasOrders":false,"totalOrders":0}
    Forwarded URL = null
   Redirected URL = null
          Cookies = []

MockHttpServletRequest:
      HTTP Method = POST
      Request URI = /modules/market/products
       Parameters = {}
          Headers = [Content-Type:"application/json", "application/json", Authorization:"Bearer eyJhbGciOiJIUzI1NiJ9.eyJqdGkiOiI3MzUwOGQ1MS1hYjllLTQ0NjMtOGYyYS1mZWJmNTk2N2I5ZjciLCJpYXQiOjE1OTE3OTU2MzIsInN1YiI6ImFkbWluIiwiaXNzIjoiZmxleGl0cmFuc3RvcmUuZXUiLCJleHAiOjE1OTE4ODIwMzIsInVzZXJfaWQiOjIwMDB9.EODpXW6mpb961TV_TVPJCK9GtpkV6SOJVUB5LqYzb7w"]
             Body = <no character encoding set>
    Session Attrs = {}

Handler:
             Type = flexi.fegcentral.backend.controllers.data.modules.market.ProductController
           Method = public flexi.fegcentral.backend.dto.data.modules.market.ProductDTO flexi.fegcentral.backend.controllers.data.modules.market.ProductController.create(flexi.fegcentral.backend.dto.data.modules.market.ProductDTO) throws java.lang.Exception

Async:
    Async started = false
     Async result = null

Resolved Exception:
             Type = null

ModelAndView:
        View name = null
             View = null
            Model = null

FlashMap:
       Attributes = null

MockHttpServletResponse:
           Status = 200
    Error message = null
          Headers = [Content-Type:"application/json;charset=UTF-8"]
     Content type = application/json;charset=UTF-8
             Body = {"id":111,"createdOn":"2020-06-10T13:27:12.547546800Z","createdBy":"","name":"b1ee87a5-3225-47f5-836d-e7ea33df2502","deliveryTimeStart":"2020-06-10T19:28:12.543534600Z","deliveryTimeEnd":"2020-06-10T19:43:12.543534600Z","closesAt":"2020-06-10T18:28:12.543534600Z","period":"MINUTES15","productStatus":"OPEN","user":null,"latestSellOrder":null,"latestBuyOrder":null,"marketCode":"CY","hasOrders":false,"totalOrders":0}
    Forwarded URL = null
   Redirected URL = null
          Cookies = []

MockHttpServletRequest:
      HTTP Method = POST
      Request URI = /modules/market/products
       Parameters = {}
          Headers = [Content-Type:"application/json", "application/json", Authorization:"Bearer eyJhbGciOiJIUzI1NiJ9.eyJqdGkiOiI3MzUwOGQ1MS1hYjllLTQ0NjMtOGYyYS1mZWJmNTk2N2I5ZjciLCJpYXQiOjE1OTE3OTU2MzIsInN1YiI6ImFkbWluIiwiaXNzIjoiZmxleGl0cmFuc3RvcmUuZXUiLCJleHAiOjE1OTE4ODIwMzIsInVzZXJfaWQiOjIwMDB9.EODpXW6mpb961TV_TVPJCK9GtpkV6SOJVUB5LqYzb7w"]
             Body = <no character encoding set>
    Session Attrs = {}

Handler:
             Type = flexi.fegcentral.backend.controllers.data.modules.market.ProductController
           Method = public flexi.fegcentral.backend.dto.data.modules.market.ProductDTO flexi.fegcentral.backend.controllers.data.modules.market.ProductController.create(flexi.fegcentral.backend.dto.data.modules.market.ProductDTO) throws java.lang.Exception

Async:
    Async started = false
     Async result = null

Resolved Exception:
             Type = null

ModelAndView:
        View name = null
             View = null
            Model = null

FlashMap:
       Attributes = null

MockHttpServletResponse:
           Status = 200
    Error message = null
          Headers = [Content-Type:"application/json;charset=UTF-8"]
     Content type = application/json;charset=UTF-8
             Body = {"id":112,"createdOn":"2020-06-10T13:27:12.565534900Z","createdBy":"","name":"b31059d5-34a6-435c-b578-4db341ec63a0","deliveryTimeStart":"2020-06-10T16:52:12.562534300Z","deliveryTimeEnd":"2020-06-10T17:07:12.562534300Z","closesAt":"2020-06-10T15:52:12.562534300Z","period":"MINUTES15","productStatus":"OPEN","user":null,"latestSellOrder":null,"latestBuyOrder":null,"marketCode":"CY","hasOrders":false,"totalOrders":0}
    Forwarded URL = null
   Redirected URL = null
          Cookies = []

MockHttpServletRequest:
      HTTP Method = POST
      Request URI = /modules/market/products
       Parameters = {}
          Headers = [Content-Type:"application/json", "application/json", Authorization:"Bearer eyJhbGciOiJIUzI1NiJ9.eyJqdGkiOiI3MzUwOGQ1MS1hYjllLTQ0NjMtOGYyYS1mZWJmNTk2N2I5ZjciLCJpYXQiOjE1OTE3OTU2MzIsInN1YiI6ImFkbWluIiwiaXNzIjoiZmxleGl0cmFuc3RvcmUuZXUiLCJleHAiOjE1OTE4ODIwMzIsInVzZXJfaWQiOjIwMDB9.EODpXW6mpb961TV_TVPJCK9GtpkV6SOJVUB5LqYzb7w"]
             Body = <no character encoding set>
    Session Attrs = {}

Handler:
             Type = flexi.fegcentral.backend.controllers.data.modules.market.ProductController
           Method = public flexi.fegcentral.backend.dto.data.modules.market.ProductDTO flexi.fegcentral.backend.controllers.data.modules.market.ProductController.create(flexi.fegcentral.backend.dto.data.modules.market.ProductDTO) throws java.lang.Exception

Async:
    Async started = false
     Async result = null

Resolved Exception:
             Type = null

ModelAndView:
        View name = null
             View = null
            Model = null

FlashMap:
       Attributes = null

MockHttpServletResponse:
           Status = 200
    Error message = null
          Headers = [Content-Type:"application/json;charset=UTF-8"]
     Content type = application/json;charset=UTF-8
             Body = {"id":113,"createdOn":"2020-06-10T13:27:12.579534300Z","createdBy":"","name":"1dfab4a9-17e3-4f50-970e-a5080d704567","deliveryTimeStart":"2020-06-10T18:44:12.575532200Z","deliveryTimeEnd":"2020-06-10T18:59:12.575532200Z","closesAt":"2020-06-10T17:44:12.575532200Z","period":"MINUTES15","productStatus":"OPEN","user":null,"latestSellOrder":null,"latestBuyOrder":null,"marketCode":"CY","hasOrders":false,"totalOrders":0}
    Forwarded URL = null
   Redirected URL = null
          Cookies = []

MockHttpServletRequest:
      HTTP Method = POST
      Request URI = /modules/market/products
       Parameters = {}
          Headers = [Content-Type:"application/json", "application/json", Authorization:"Bearer eyJhbGciOiJIUzI1NiJ9.eyJqdGkiOiI3MzUwOGQ1MS1hYjllLTQ0NjMtOGYyYS1mZWJmNTk2N2I5ZjciLCJpYXQiOjE1OTE3OTU2MzIsInN1YiI6ImFkbWluIiwiaXNzIjoiZmxleGl0cmFuc3RvcmUuZXUiLCJleHAiOjE1OTE4ODIwMzIsInVzZXJfaWQiOjIwMDB9.EODpXW6mpb961TV_TVPJCK9GtpkV6SOJVUB5LqYzb7w"]
             Body = <no character encoding set>
    Session Attrs = {}

Handler:
             Type = flexi.fegcentral.backend.controllers.data.modules.market.ProductController
           Method = public flexi.fegcentral.backend.dto.data.modules.market.ProductDTO flexi.fegcentral.backend.controllers.data.modules.market.ProductController.create(flexi.fegcentral.backend.dto.data.modules.market.ProductDTO) throws java.lang.Exception

Async:
    Async started = false
     Async result = null

Resolved Exception:
             Type = null

ModelAndView:
        View name = null
             View = null
            Model = null

FlashMap:
       Attributes = null

MockHttpServletResponse:
           Status = 200
    Error message = null
          Headers = [Content-Type:"application/json;charset=UTF-8"]
     Content type = application/json;charset=UTF-8
             Body = {"id":114,"createdOn":"2020-06-10T13:27:12.594534200Z","createdBy":"","name":"607b5843-acaa-4923-92a9-ffc3cfff47a9","deliveryTimeStart":"2020-06-10T16:36:12.590532Z","deliveryTimeEnd":"2020-06-10T16:51:12.590532Z","closesAt":"2020-06-10T15:36:12.590532Z","period":"MINUTES15","productStatus":"OPEN","user":null,"latestSellOrder":null,"latestBuyOrder":null,"marketCode":"CY","hasOrders":false,"totalOrders":0}
    Forwarded URL = null
   Redirected URL = null
          Cookies = []

MockHttpServletRequest:
      HTTP Method = POST
      Request URI = /modules/market/products
       Parameters = {}
          Headers = [Content-Type:"application/json", "application/json", Authorization:"Bearer eyJhbGciOiJIUzI1NiJ9.eyJqdGkiOiI3MzUwOGQ1MS1hYjllLTQ0NjMtOGYyYS1mZWJmNTk2N2I5ZjciLCJpYXQiOjE1OTE3OTU2MzIsInN1YiI6ImFkbWluIiwiaXNzIjoiZmxleGl0cmFuc3RvcmUuZXUiLCJleHAiOjE1OTE4ODIwMzIsInVzZXJfaWQiOjIwMDB9.EODpXW6mpb961TV_TVPJCK9GtpkV6SOJVUB5LqYzb7w"]
             Body = <no character encoding set>
    Session Attrs = {}

Handler:
             Type = flexi.fegcentral.backend.controllers.data.modules.market.ProductController
           Method = public flexi.fegcentral.backend.dto.data.modules.market.ProductDTO flexi.fegcentral.backend.controllers.data.modules.market.ProductController.create(flexi.fegcentral.backend.dto.data.modules.market.ProductDTO) throws java.lang.Exception

Async:
    Async started = false
     Async result = null

Resolved Exception:
             Type = null

ModelAndView:
        View name = null
             View = null
            Model = null

FlashMap:
       Attributes = null

MockHttpServletResponse:
           Status = 200
    Error message = null
          Headers = [Content-Type:"application/json;charset=UTF-8"]
     Content type = application/json;charset=UTF-8
             Body = {"id":115,"createdOn":"2020-06-10T13:27:12.609534700Z","createdBy":"","name":"90140564-97cb-4fd3-b0cd-03b1d586d72e","deliveryTimeStart":"2020-06-10T16:53:12.605534Z","deliveryTimeEnd":"2020-06-10T17:08:12.605534Z","closesAt":"2020-06-10T15:53:12.605534Z","period":"MINUTES15","productStatus":"OPEN","user":null,"latestSellOrder":null,"latestBuyOrder":null,"marketCode":"CY","hasOrders":false,"totalOrders":0}
    Forwarded URL = null
   Redirected URL = null
          Cookies = []

MockHttpServletRequest:
      HTTP Method = POST
      Request URI = /modules/market/products
       Parameters = {}
          Headers = [Content-Type:"application/json", "application/json", Authorization:"Bearer eyJhbGciOiJIUzI1NiJ9.eyJqdGkiOiI3MzUwOGQ1MS1hYjllLTQ0NjMtOGYyYS1mZWJmNTk2N2I5ZjciLCJpYXQiOjE1OTE3OTU2MzIsInN1YiI6ImFkbWluIiwiaXNzIjoiZmxleGl0cmFuc3RvcmUuZXUiLCJleHAiOjE1OTE4ODIwMzIsInVzZXJfaWQiOjIwMDB9.EODpXW6mpb961TV_TVPJCK9GtpkV6SOJVUB5LqYzb7w"]
             Body = <no character encoding set>
    Session Attrs = {}

Handler:
             Type = flexi.fegcentral.backend.controllers.data.modules.market.ProductController
           Method = public flexi.fegcentral.backend.dto.data.modules.market.ProductDTO flexi.fegcentral.backend.controllers.data.modules.market.ProductController.create(flexi.fegcentral.backend.dto.data.modules.market.ProductDTO) throws java.lang.Exception

Async:
    Async started = false
     Async result = null

Resolved Exception:
             Type = null

ModelAndView:
        View name = null
             View = null
            Model = null

FlashMap:
       Attributes = null

MockHttpServletResponse:
           Status = 200
    Error message = null
          Headers = [Content-Type:"application/json;charset=UTF-8"]
     Content type = application/json;charset=UTF-8
             Body = {"id":116,"createdOn":"2020-06-10T13:27:12.634533700Z","createdBy":"","name":"cffd8c51-6c37-4fb0-89a6-cb01ecc03d46","deliveryTimeStart":"2020-06-10T20:10:12.630531900Z","deliveryTimeEnd":"2020-06-10T20:25:12.630531900Z","closesAt":"2020-06-10T19:10:12.630531900Z","period":"MINUTES15","productStatus":"OPEN","user":null,"latestSellOrder":null,"latestBuyOrder":null,"marketCode":"CY","hasOrders":false,"totalOrders":0}
    Forwarded URL = null
   Redirected URL = null
          Cookies = []

MockHttpServletRequest:
      HTTP Method = POST
      Request URI = /modules/market/products
       Parameters = {}
          Headers = [Content-Type:"application/json", "application/json", Authorization:"Bearer eyJhbGciOiJIUzI1NiJ9.eyJqdGkiOiI3MzUwOGQ1MS1hYjllLTQ0NjMtOGYyYS1mZWJmNTk2N2I5ZjciLCJpYXQiOjE1OTE3OTU2MzIsInN1YiI6ImFkbWluIiwiaXNzIjoiZmxleGl0cmFuc3RvcmUuZXUiLCJleHAiOjE1OTE4ODIwMzIsInVzZXJfaWQiOjIwMDB9.EODpXW6mpb961TV_TVPJCK9GtpkV6SOJVUB5LqYzb7w"]
             Body = <no character encoding set>
    Session Attrs = {}

Handler:
             Type = flexi.fegcentral.backend.controllers.data.modules.market.ProductController
           Method = public flexi.fegcentral.backend.dto.data.modules.market.ProductDTO flexi.fegcentral.backend.controllers.data.modules.market.ProductController.create(flexi.fegcentral.backend.dto.data.modules.market.ProductDTO) throws java.lang.Exception

Async:
    Async started = false
     Async result = null

Resolved Exception:
             Type = null

ModelAndView:
        View name = null
             View = null
            Model = null

FlashMap:
       Attributes = null

MockHttpServletResponse:
           Status = 200
    Error message = null
          Headers = [Content-Type:"application/json;charset=UTF-8"]
     Content type = application/json;charset=UTF-8
             Body = {"id":117,"createdOn":"2020-06-10T13:27:12.650532400Z","createdBy":"","name":"2f91f4ed-78ec-4f49-bc9b-1a10ed08e6d7","deliveryTimeStart":"2020-06-10T22:10:12.646535200Z","deliveryTimeEnd":"2020-06-10T22:25:12.646535200Z","closesAt":"2020-06-10T21:10:12.646535200Z","period":"MINUTES15","productStatus":"OPEN","user":null,"latestSellOrder":null,"latestBuyOrder":null,"marketCode":"CY","hasOrders":false,"totalOrders":0}
    Forwarded URL = null
   Redirected URL = null
          Cookies = []

MockHttpServletRequest:
      HTTP Method = POST
      Request URI = /modules/market/products
       Parameters = {}
          Headers = [Content-Type:"application/json", "application/json", Authorization:"Bearer eyJhbGciOiJIUzI1NiJ9.eyJqdGkiOiI3MzUwOGQ1MS1hYjllLTQ0NjMtOGYyYS1mZWJmNTk2N2I5ZjciLCJpYXQiOjE1OTE3OTU2MzIsInN1YiI6ImFkbWluIiwiaXNzIjoiZmxleGl0cmFuc3RvcmUuZXUiLCJleHAiOjE1OTE4ODIwMzIsInVzZXJfaWQiOjIwMDB9.EODpXW6mpb961TV_TVPJCK9GtpkV6SOJVUB5LqYzb7w"]
             Body = <no character encoding set>
    Session Attrs = {}

Handler:
             Type = flexi.fegcentral.backend.controllers.data.modules.market.ProductController
           Method = public flexi.fegcentral.backend.dto.data.modules.market.ProductDTO flexi.fegcentral.backend.controllers.data.modules.market.ProductController.create(flexi.fegcentral.backend.dto.data.modules.market.ProductDTO) throws java.lang.Exception

Async:
    Async started = false
     Async result = null

Resolved Exception:
             Type = null

ModelAndView:
        View name = null
             View = null
            Model = null

FlashMap:
       Attributes = null

MockHttpServletResponse:
           Status = 200
    Error message = null
          Headers = [Content-Type:"application/json;charset=UTF-8"]
     Content type = application/json;charset=UTF-8
             Body = {"id":118,"createdOn":"2020-06-10T13:27:12.705532500Z","createdBy":"","name":"2be96265-b38b-4ee4-b792-1f8c14beabe3","deliveryTimeStart":"2020-06-10T21:43:12.701533500Z","deliveryTimeEnd":"2020-06-10T21:58:12.701533500Z","closesAt":"2020-06-10T20:43:12.701533500Z","period":"MINUTES15","productStatus":"OPEN","user":null,"latestSellOrder":null,"latestBuyOrder":null,"marketCode":"CY","hasOrders":false,"totalOrders":0}
    Forwarded URL = null
   Redirected URL = null
          Cookies = []

MockHttpServletRequest:
      HTTP Method = POST
      Request URI = /modules/market/products
       Parameters = {}
          Headers = [Content-Type:"application/json", "application/json", Authorization:"Bearer eyJhbGciOiJIUzI1NiJ9.eyJqdGkiOiI3MzUwOGQ1MS1hYjllLTQ0NjMtOGYyYS1mZWJmNTk2N2I5ZjciLCJpYXQiOjE1OTE3OTU2MzIsInN1YiI6ImFkbWluIiwiaXNzIjoiZmxleGl0cmFuc3RvcmUuZXUiLCJleHAiOjE1OTE4ODIwMzIsInVzZXJfaWQiOjIwMDB9.EODpXW6mpb961TV_TVPJCK9GtpkV6SOJVUB5LqYzb7w"]
             Body = <no character encoding set>
    Session Attrs = {}

Handler:
             Type = flexi.fegcentral.backend.controllers.data.modules.market.ProductController
           Method = public flexi.fegcentral.backend.dto.data.modules.market.ProductDTO flexi.fegcentral.backend.controllers.data.modules.market.ProductController.create(flexi.fegcentral.backend.dto.data.modules.market.ProductDTO) throws java.lang.Exception

Async:
    Async started = false
     Async result = null

Resolved Exception:
             Type = null

ModelAndView:
        View name = null
             View = null
            Model = null

FlashMap:
       Attributes = null

MockHttpServletResponse:
           Status = 200
    Error message = null
          Headers = [Content-Type:"application/json;charset=UTF-8"]
     Content type = application/json;charset=UTF-8
             Body = {"id":119,"createdOn":"2020-06-10T13:27:12.720534Z","createdBy":"","name":"35f04295-1bdb-418c-a894-7eb06a57e833","deliveryTimeStart":"2020-06-10T20:04:12.716533100Z","deliveryTimeEnd":"2020-06-10T20:19:12.716533100Z","closesAt":"2020-06-10T19:04:12.716533100Z","period":"MINUTES15","productStatus":"OPEN","user":null,"latestSellOrder":null,"latestBuyOrder":null,"marketCode":"CY","hasOrders":false,"totalOrders":0}
    Forwarded URL = null
   Redirected URL = null
          Cookies = []

MockHttpServletRequest:
      HTTP Method = POST
      Request URI = /modules/market/products
       Parameters = {}
          Headers = [Content-Type:"application/json", "application/json", Authorization:"Bearer eyJhbGciOiJIUzI1NiJ9.eyJqdGkiOiI3MzUwOGQ1MS1hYjllLTQ0NjMtOGYyYS1mZWJmNTk2N2I5ZjciLCJpYXQiOjE1OTE3OTU2MzIsInN1YiI6ImFkbWluIiwiaXNzIjoiZmxleGl0cmFuc3RvcmUuZXUiLCJleHAiOjE1OTE4ODIwMzIsInVzZXJfaWQiOjIwMDB9.EODpXW6mpb961TV_TVPJCK9GtpkV6SOJVUB5LqYzb7w"]
             Body = <no character encoding set>
    Session Attrs = {}

Handler:
             Type = flexi.fegcentral.backend.controllers.data.modules.market.ProductController
           Method = public flexi.fegcentral.backend.dto.data.modules.market.ProductDTO flexi.fegcentral.backend.controllers.data.modules.market.ProductController.create(flexi.fegcentral.backend.dto.data.modules.market.ProductDTO) throws java.lang.Exception

Async:
    Async started = false
     Async result = null

Resolved Exception:
             Type = null

ModelAndView:
        View name = null
             View = null
            Model = null

FlashMap:
       Attributes = null

MockHttpServletResponse:
           Status = 200
    Error message = null
          Headers = [Content-Type:"application/json;charset=UTF-8"]
     Content type = application/json;charset=UTF-8
             Body = {"id":120,"createdOn":"2020-06-10T13:27:12.735533300Z","createdBy":"","name":"5a31da68-3ebd-4632-ab10-767d9353194d","deliveryTimeStart":"2020-06-10T19:51:12.731533500Z","deliveryTimeEnd":"2020-06-10T20:06:12.731533500Z","closesAt":"2020-06-10T18:51:12.731533500Z","period":"MINUTES15","productStatus":"OPEN","user":null,"latestSellOrder":null,"latestBuyOrder":null,"marketCode":"CY","hasOrders":false,"totalOrders":0}
    Forwarded URL = null
   Redirected URL = null
          Cookies = []

MockHttpServletRequest:
      HTTP Method = POST
      Request URI = /modules/market/products
       Parameters = {}
          Headers = [Content-Type:"application/json", "application/json", Authorization:"Bearer eyJhbGciOiJIUzI1NiJ9.eyJqdGkiOiI3MzUwOGQ1MS1hYjllLTQ0NjMtOGYyYS1mZWJmNTk2N2I5ZjciLCJpYXQiOjE1OTE3OTU2MzIsInN1YiI6ImFkbWluIiwiaXNzIjoiZmxleGl0cmFuc3RvcmUuZXUiLCJleHAiOjE1OTE4ODIwMzIsInVzZXJfaWQiOjIwMDB9.EODpXW6mpb961TV_TVPJCK9GtpkV6SOJVUB5LqYzb7w"]
             Body = <no character encoding set>
    Session Attrs = {}

Handler:
             Type = flexi.fegcentral.backend.controllers.data.modules.market.ProductController
           Method = public flexi.fegcentral.backend.dto.data.modules.market.ProductDTO flexi.fegcentral.backend.controllers.data.modules.market.ProductController.create(flexi.fegcentral.backend.dto.data.modules.market.ProductDTO) throws java.lang.Exception

Async:
    Async started = false
     Async result = null

Resolved Exception:
             Type = null

ModelAndView:
        View name = null
             View = null
            Model = null

FlashMap:
       Attributes = null

MockHttpServletResponse:
           Status = 200
    Error message = null
          Headers = [Content-Type:"application/json;charset=UTF-8"]
     Content type = application/json;charset=UTF-8
             Body = {"id":121,"createdOn":"2020-06-10T13:27:12.749534600Z","createdBy":"","name":"d2dffc3d-d6ca-4916-90b7-07655b1cc47c","deliveryTimeStart":"2020-06-10T20:39:12.745534300Z","deliveryTimeEnd":"2020-06-10T20:54:12.745534300Z","closesAt":"2020-06-10T19:39:12.745534300Z","period":"MINUTES15","productStatus":"OPEN","user":null,"latestSellOrder":null,"latestBuyOrder":null,"marketCode":"CY","hasOrders":false,"totalOrders":0}
    Forwarded URL = null
   Redirected URL = null
          Cookies = []

MockHttpServletRequest:
      HTTP Method = POST
      Request URI = /modules/market/products
       Parameters = {}
          Headers = [Content-Type:"application/json", "application/json", Authorization:"Bearer eyJhbGciOiJIUzI1NiJ9.eyJqdGkiOiI3MzUwOGQ1MS1hYjllLTQ0NjMtOGYyYS1mZWJmNTk2N2I5ZjciLCJpYXQiOjE1OTE3OTU2MzIsInN1YiI6ImFkbWluIiwiaXNzIjoiZmxleGl0cmFuc3RvcmUuZXUiLCJleHAiOjE1OTE4ODIwMzIsInVzZXJfaWQiOjIwMDB9.EODpXW6mpb961TV_TVPJCK9GtpkV6SOJVUB5LqYzb7w"]
             Body = <no character encoding set>
    Session Attrs = {}

Handler:
             Type = flexi.fegcentral.backend.controllers.data.modules.market.ProductController
           Method = public flexi.fegcentral.backend.dto.data.modules.market.ProductDTO flexi.fegcentral.backend.controllers.data.modules.market.ProductController.create(flexi.fegcentral.backend.dto.data.modules.market.ProductDTO) throws java.lang.Exception

Async:
    Async started = false
     Async result = null

Resolved Exception:
             Type = null

ModelAndView:
        View name = null
             View = null
            Model = null

FlashMap:
       Attributes = null

MockHttpServletResponse:
           Status = 200
    Error message = null
          Headers = [Content-Type:"application/json;charset=UTF-8"]
     Content type = application/json;charset=UTF-8
             Body = {"id":122,"createdOn":"2020-06-10T13:27:12.763534100Z","createdBy":"","name":"61e10ec1-351e-4402-a102-adc179491a80","deliveryTimeStart":"2020-06-10T18:43:12.760534500Z","deliveryTimeEnd":"2020-06-10T18:58:12.760534500Z","closesAt":"2020-06-10T17:43:12.760534500Z","period":"MINUTES15","productStatus":"OPEN","user":null,"latestSellOrder":null,"latestBuyOrder":null,"marketCode":"CY","hasOrders":false,"totalOrders":0}
    Forwarded URL = null
   Redirected URL = null
          Cookies = []

MockHttpServletRequest:
      HTTP Method = POST
      Request URI = /modules/market/products
       Parameters = {}
          Headers = [Content-Type:"application/json", "application/json", Authorization:"Bearer eyJhbGciOiJIUzI1NiJ9.eyJqdGkiOiI3MzUwOGQ1MS1hYjllLTQ0NjMtOGYyYS1mZWJmNTk2N2I5ZjciLCJpYXQiOjE1OTE3OTU2MzIsInN1YiI6ImFkbWluIiwiaXNzIjoiZmxleGl0cmFuc3RvcmUuZXUiLCJleHAiOjE1OTE4ODIwMzIsInVzZXJfaWQiOjIwMDB9.EODpXW6mpb961TV_TVPJCK9GtpkV6SOJVUB5LqYzb7w"]
             Body = <no character encoding set>
    Session Attrs = {}

Handler:
             Type = flexi.fegcentral.backend.controllers.data.modules.market.ProductController
           Method = public flexi.fegcentral.backend.dto.data.modules.market.ProductDTO flexi.fegcentral.backend.controllers.data.modules.market.ProductController.create(flexi.fegcentral.backend.dto.data.modules.market.ProductDTO) throws java.lang.Exception

Async:
    Async started = false
     Async result = null

Resolved Exception:
             Type = null

ModelAndView:
        View name = null
             View = null
            Model = null

FlashMap:
       Attributes = null

MockHttpServletResponse:
           Status = 200
    Error message = null
          Headers = [Content-Type:"application/json;charset=UTF-8"]
     Content type = application/json;charset=UTF-8
             Body = {"id":123,"createdOn":"2020-06-10T13:27:12.791534300Z","createdBy":"","name":"5ac1f942-2f48-425f-838b-0bdd8911210e","deliveryTimeStart":"2020-06-10T21:57:12.788533500Z","deliveryTimeEnd":"2020-06-10T22:12:12.788533500Z","closesAt":"2020-06-10T20:57:12.788533500Z","period":"MINUTES15","productStatus":"OPEN","user":null,"latestSellOrder":null,"latestBuyOrder":null,"marketCode":"CY","hasOrders":false,"totalOrders":0}
    Forwarded URL = null
   Redirected URL = null
          Cookies = []

MockHttpServletRequest:
      HTTP Method = POST
      Request URI = /modules/market/products
       Parameters = {}
          Headers = [Content-Type:"application/json", "application/json", Authorization:"Bearer eyJhbGciOiJIUzI1NiJ9.eyJqdGkiOiI3MzUwOGQ1MS1hYjllLTQ0NjMtOGYyYS1mZWJmNTk2N2I5ZjciLCJpYXQiOjE1OTE3OTU2MzIsInN1YiI6ImFkbWluIiwiaXNzIjoiZmxleGl0cmFuc3RvcmUuZXUiLCJleHAiOjE1OTE4ODIwMzIsInVzZXJfaWQiOjIwMDB9.EODpXW6mpb961TV_TVPJCK9GtpkV6SOJVUB5LqYzb7w"]
             Body = <no character encoding set>
    Session Attrs = {}

Handler:
             Type = flexi.fegcentral.backend.controllers.data.modules.market.ProductController
           Method = public flexi.fegcentral.backend.dto.data.modules.market.ProductDTO flexi.fegcentral.backend.controllers.data.modules.market.ProductController.create(flexi.fegcentral.backend.dto.data.modules.market.ProductDTO) throws java.lang.Exception

Async:
    Async started = false
     Async result = null

Resolved Exception:
             Type = null

ModelAndView:
        View name = null
             View = null
            Model = null

FlashMap:
       Attributes = null

MockHttpServletResponse:
           Status = 200
    Error message = null
          Headers = [Content-Type:"application/json;charset=UTF-8"]
     Content type = application/json;charset=UTF-8
             Body = {"id":124,"createdOn":"2020-06-10T13:27:12.807534Z","createdBy":"","name":"7969dead-cf6f-4298-82a5-bf0df0ebb668","deliveryTimeStart":"2020-06-10T20:51:12.803532500Z","deliveryTimeEnd":"2020-06-10T21:06:12.803532500Z","closesAt":"2020-06-10T19:51:12.803532500Z","period":"MINUTES15","productStatus":"OPEN","user":null,"latestSellOrder":null,"latestBuyOrder":null,"marketCode":"CY","hasOrders":false,"totalOrders":0}
    Forwarded URL = null
   Redirected URL = null
          Cookies = []

MockHttpServletRequest:
      HTTP Method = POST
      Request URI = /modules/market/products
       Parameters = {}
          Headers = [Content-Type:"application/json", "application/json", Authorization:"Bearer eyJhbGciOiJIUzI1NiJ9.eyJqdGkiOiI3MzUwOGQ1MS1hYjllLTQ0NjMtOGYyYS1mZWJmNTk2N2I5ZjciLCJpYXQiOjE1OTE3OTU2MzIsInN1YiI6ImFkbWluIiwiaXNzIjoiZmxleGl0cmFuc3RvcmUuZXUiLCJleHAiOjE1OTE4ODIwMzIsInVzZXJfaWQiOjIwMDB9.EODpXW6mpb961TV_TVPJCK9GtpkV6SOJVUB5LqYzb7w"]
             Body = <no character encoding set>
    Session Attrs = {}

Handler:
             Type = flexi.fegcentral.backend.controllers.data.modules.market.ProductController
           Method = public flexi.fegcentral.backend.dto.data.modules.market.ProductDTO flexi.fegcentral.backend.controllers.data.modules.market.ProductController.create(flexi.fegcentral.backend.dto.data.modules.market.ProductDTO) throws java.lang.Exception

Async:
    Async started = false
     Async result = null

Resolved Exception:
             Type = null

ModelAndView:
        View name = null
             View = null
            Model = null

FlashMap:
       Attributes = null

MockHttpServletResponse:
           Status = 200
    Error message = null
          Headers = [Content-Type:"application/json;charset=UTF-8"]
     Content type = application/json;charset=UTF-8
             Body = {"id":125,"createdOn":"2020-06-10T13:27:12.823534400Z","createdBy":"","name":"d997af12-e932-4beb-99a2-1a9899799069","deliveryTimeStart":"2020-06-10T17:54:12.820534200Z","deliveryTimeEnd":"2020-06-10T18:09:12.820534200Z","closesAt":"2020-06-10T16:54:12.820534200Z","period":"MINUTES15","productStatus":"OPEN","user":null,"latestSellOrder":null,"latestBuyOrder":null,"marketCode":"CY","hasOrders":false,"totalOrders":0}
    Forwarded URL = null
   Redirected URL = null
          Cookies = []

MockHttpServletRequest:
      HTTP Method = POST
      Request URI = /modules/market/products
       Parameters = {}
          Headers = [Content-Type:"application/json", "application/json", Authorization:"Bearer eyJhbGciOiJIUzI1NiJ9.eyJqdGkiOiI3MzUwOGQ1MS1hYjllLTQ0NjMtOGYyYS1mZWJmNTk2N2I5ZjciLCJpYXQiOjE1OTE3OTU2MzIsInN1YiI6ImFkbWluIiwiaXNzIjoiZmxleGl0cmFuc3RvcmUuZXUiLCJleHAiOjE1OTE4ODIwMzIsInVzZXJfaWQiOjIwMDB9.EODpXW6mpb961TV_TVPJCK9GtpkV6SOJVUB5LqYzb7w"]
             Body = <no character encoding set>
    Session Attrs = {}

Handler:
             Type = flexi.fegcentral.backend.controllers.data.modules.market.ProductController
           Method = public flexi.fegcentral.backend.dto.data.modules.market.ProductDTO flexi.fegcentral.backend.controllers.data.modules.market.ProductController.create(flexi.fegcentral.backend.dto.data.modules.market.ProductDTO) throws java.lang.Exception

Async:
    Async started = false
     Async result = null

Resolved Exception:
             Type = null

ModelAndView:
        View name = null
             View = null
            Model = null

FlashMap:
       Attributes = null

MockHttpServletResponse:
           Status = 200
    Error message = null
          Headers = [Content-Type:"application/json;charset=UTF-8"]
     Content type = application/json;charset=UTF-8
             Body = {"id":126,"createdOn":"2020-06-10T13:27:12.838535200Z","createdBy":"","name":"d17233c7-61b6-47c5-b7b5-5d4d8381820b","deliveryTimeStart":"2020-06-10T20:43:12.835532600Z","deliveryTimeEnd":"2020-06-10T20:58:12.835532600Z","closesAt":"2020-06-10T19:43:12.835532600Z","period":"MINUTES15","productStatus":"OPEN","user":null,"latestSellOrder":null,"latestBuyOrder":null,"marketCode":"CY","hasOrders":false,"totalOrders":0}
    Forwarded URL = null
   Redirected URL = null
          Cookies = []

MockHttpServletRequest:
      HTTP Method = POST
      Request URI = /modules/market/products
       Parameters = {}
          Headers = [Content-Type:"application/json", "application/json", Authorization:"Bearer eyJhbGciOiJIUzI1NiJ9.eyJqdGkiOiI3MzUwOGQ1MS1hYjllLTQ0NjMtOGYyYS1mZWJmNTk2N2I5ZjciLCJpYXQiOjE1OTE3OTU2MzIsInN1YiI6ImFkbWluIiwiaXNzIjoiZmxleGl0cmFuc3RvcmUuZXUiLCJleHAiOjE1OTE4ODIwMzIsInVzZXJfaWQiOjIwMDB9.EODpXW6mpb961TV_TVPJCK9GtpkV6SOJVUB5LqYzb7w"]
             Body = <no character encoding set>
    Session Attrs = {}

Handler:
             Type = flexi.fegcentral.backend.controllers.data.modules.market.ProductController
           Method = public flexi.fegcentral.backend.dto.data.modules.market.ProductDTO flexi.fegcentral.backend.controllers.data.modules.market.ProductController.create(flexi.fegcentral.backend.dto.data.modules.market.ProductDTO) throws java.lang.Exception

Async:
    Async started = false
     Async result = null

Resolved Exception:
             Type = null

ModelAndView:
        View name = null
             View = null
            Model = null

FlashMap:
       Attributes = null

MockHttpServletResponse:
           Status = 200
    Error message = null
          Headers = [Content-Type:"application/json;charset=UTF-8"]
     Content type = application/json;charset=UTF-8
             Body = {"id":127,"createdOn":"2020-06-10T13:27:12.852539200Z","createdBy":"","name":"982a30ff-4c14-48b0-93d9-871e62affa0e","deliveryTimeStart":"2020-06-10T18:00:12.849534200Z","deliveryTimeEnd":"2020-06-10T18:15:12.849534200Z","closesAt":"2020-06-10T17:00:12.849534200Z","period":"MINUTES15","productStatus":"OPEN","user":null,"latestSellOrder":null,"latestBuyOrder":null,"marketCode":"CY","hasOrders":false,"totalOrders":0}
    Forwarded URL = null
   Redirected URL = null
          Cookies = []

MockHttpServletRequest:
      HTTP Method = POST
      Request URI = /modules/market/products
       Parameters = {}
          Headers = [Content-Type:"application/json", "application/json", Authorization:"Bearer eyJhbGciOiJIUzI1NiJ9.eyJqdGkiOiI3MzUwOGQ1MS1hYjllLTQ0NjMtOGYyYS1mZWJmNTk2N2I5ZjciLCJpYXQiOjE1OTE3OTU2MzIsInN1YiI6ImFkbWluIiwiaXNzIjoiZmxleGl0cmFuc3RvcmUuZXUiLCJleHAiOjE1OTE4ODIwMzIsInVzZXJfaWQiOjIwMDB9.EODpXW6mpb961TV_TVPJCK9GtpkV6SOJVUB5LqYzb7w"]
             Body = <no character encoding set>
    Session Attrs = {}

Handler:
             Type = flexi.fegcentral.backend.controllers.data.modules.market.ProductController
           Method = public flexi.fegcentral.backend.dto.data.modules.market.ProductDTO flexi.fegcentral.backend.controllers.data.modules.market.ProductController.create(flexi.fegcentral.backend.dto.data.modules.market.ProductDTO) throws java.lang.Exception

Async:
    Async started = false
     Async result = null

Resolved Exception:
             Type = null

ModelAndView:
        View name = null
             View = null
            Model = null

FlashMap:
       Attributes = null

MockHttpServletResponse:
           Status = 200
    Error message = null
          Headers = [Content-Type:"application/json;charset=UTF-8"]
     Content type = application/json;charset=UTF-8
             Body = {"id":128,"createdOn":"2020-06-10T13:27:12.877534600Z","createdBy":"","name":"3cec6939-fa01-4a7b-a84b-76e8f1c5677e","deliveryTimeStart":"2020-06-10T19:23:12.874532300Z","deliveryTimeEnd":"2020-06-10T19:38:12.874532300Z","closesAt":"2020-06-10T18:23:12.874532300Z","period":"MINUTES15","productStatus":"OPEN","user":null,"latestSellOrder":null,"latestBuyOrder":null,"marketCode":"CY","hasOrders":false,"totalOrders":0}
    Forwarded URL = null
   Redirected URL = null
          Cookies = []

MockHttpServletRequest:
      HTTP Method = POST
      Request URI = /modules/market/products
       Parameters = {}
          Headers = [Content-Type:"application/json", "application/json", Authorization:"Bearer eyJhbGciOiJIUzI1NiJ9.eyJqdGkiOiI3MzUwOGQ1MS1hYjllLTQ0NjMtOGYyYS1mZWJmNTk2N2I5ZjciLCJpYXQiOjE1OTE3OTU2MzIsInN1YiI6ImFkbWluIiwiaXNzIjoiZmxleGl0cmFuc3RvcmUuZXUiLCJleHAiOjE1OTE4ODIwMzIsInVzZXJfaWQiOjIwMDB9.EODpXW6mpb961TV_TVPJCK9GtpkV6SOJVUB5LqYzb7w"]
             Body = <no character encoding set>
    Session Attrs = {}

Handler:
             Type = flexi.fegcentral.backend.controllers.data.modules.market.ProductController
           Method = public flexi.fegcentral.backend.dto.data.modules.market.ProductDTO flexi.fegcentral.backend.controllers.data.modules.market.ProductController.create(flexi.fegcentral.backend.dto.data.modules.market.ProductDTO) throws java.lang.Exception

Async:
    Async started = false
     Async result = null

Resolved Exception:
             Type = null

ModelAndView:
        View name = null
             View = null
            Model = null

FlashMap:
       Attributes = null

MockHttpServletResponse:
           Status = 200
    Error message = null
          Headers = [Content-Type:"application/json;charset=UTF-8"]
     Content type = application/json;charset=UTF-8
             Body = {"id":129,"createdOn":"2020-06-10T13:27:12.889534200Z","createdBy":"","name":"d235d3dd-c687-49c8-8067-dd9a91d701e1","deliveryTimeStart":"2020-06-10T16:35:12.886534Z","deliveryTimeEnd":"2020-06-10T16:50:12.886534Z","closesAt":"2020-06-10T15:35:12.886534Z","period":"MINUTES15","productStatus":"OPEN","user":null,"latestSellOrder":null,"latestBuyOrder":null,"marketCode":"CY","hasOrders":false,"totalOrders":0}
    Forwarded URL = null
   Redirected URL = null
          Cookies = []

MockHttpServletRequest:
      HTTP Method = POST
      Request URI = /modules/market/products
       Parameters = {}
          Headers = [Content-Type:"application/json", "application/json", Authorization:"Bearer eyJhbGciOiJIUzI1NiJ9.eyJqdGkiOiI3MzUwOGQ1MS1hYjllLTQ0NjMtOGYyYS1mZWJmNTk2N2I5ZjciLCJpYXQiOjE1OTE3OTU2MzIsInN1YiI6ImFkbWluIiwiaXNzIjoiZmxleGl0cmFuc3RvcmUuZXUiLCJleHAiOjE1OTE4ODIwMzIsInVzZXJfaWQiOjIwMDB9.EODpXW6mpb961TV_TVPJCK9GtpkV6SOJVUB5LqYzb7w"]
             Body = <no character encoding set>
    Session Attrs = {}

Handler:
             Type = flexi.fegcentral.backend.controllers.data.modules.market.ProductController
           Method = public flexi.fegcentral.backend.dto.data.modules.market.ProductDTO flexi.fegcentral.backend.controllers.data.modules.market.ProductController.create(flexi.fegcentral.backend.dto.data.modules.market.ProductDTO) throws java.lang.Exception

Async:
    Async started = false
     Async result = null

Resolved Exception:
             Type = null

ModelAndView:
        View name = null
             View = null
            Model = null

FlashMap:
       Attributes = null

MockHttpServletResponse:
           Status = 200
    Error message = null
          Headers = [Content-Type:"application/json;charset=UTF-8"]
     Content type = application/json;charset=UTF-8
             Body = {"id":130,"createdOn":"2020-06-10T13:27:12.904532600Z","createdBy":"","name":"137b00fc-ca98-4b9e-b260-fc2e782c618e","deliveryTimeStart":"2020-06-10T16:34:12.900533200Z","deliveryTimeEnd":"2020-06-10T16:49:12.900533200Z","closesAt":"2020-06-10T15:34:12.900533200Z","period":"MINUTES15","productStatus":"OPEN","user":null,"latestSellOrder":null,"latestBuyOrder":null,"marketCode":"CY","hasOrders":false,"totalOrders":0}
    Forwarded URL = null
   Redirected URL = null
          Cookies = []

MockHttpServletRequest:
      HTTP Method = POST
      Request URI = /modules/market/products
       Parameters = {}
          Headers = [Content-Type:"application/json", "application/json", Authorization:"Bearer eyJhbGciOiJIUzI1NiJ9.eyJqdGkiOiI3MzUwOGQ1MS1hYjllLTQ0NjMtOGYyYS1mZWJmNTk2N2I5ZjciLCJpYXQiOjE1OTE3OTU2MzIsInN1YiI6ImFkbWluIiwiaXNzIjoiZmxleGl0cmFuc3RvcmUuZXUiLCJleHAiOjE1OTE4ODIwMzIsInVzZXJfaWQiOjIwMDB9.EODpXW6mpb961TV_TVPJCK9GtpkV6SOJVUB5LqYzb7w"]
             Body = <no character encoding set>
    Session Attrs = {}

Handler:
             Type = flexi.fegcentral.backend.controllers.data.modules.market.ProductController
           Method = public flexi.fegcentral.backend.dto.data.modules.market.ProductDTO flexi.fegcentral.backend.controllers.data.modules.market.ProductController.create(flexi.fegcentral.backend.dto.data.modules.market.ProductDTO) throws java.lang.Exception

Async:
    Async started = false
     Async result = null

Resolved Exception:
             Type = null

ModelAndView:
        View name = null
             View = null
            Model = null

FlashMap:
       Attributes = null

MockHttpServletResponse:
           Status = 200
    Error message = null
          Headers = [Content-Type:"application/json;charset=UTF-8"]
     Content type = application/json;charset=UTF-8
             Body = {"id":131,"createdOn":"2020-06-10T13:27:12.916533100Z","createdBy":"","name":"7e560806-dce3-4d73-86a1-7f7dc315369a","deliveryTimeStart":"2020-06-10T21:18:12.912533Z","deliveryTimeEnd":"2020-06-10T21:33:12.912533Z","closesAt":"2020-06-10T20:18:12.912533Z","period":"MINUTES15","productStatus":"OPEN","user":null,"latestSellOrder":null,"latestBuyOrder":null,"marketCode":"CY","hasOrders":false,"totalOrders":0}
    Forwarded URL = null
   Redirected URL = null
          Cookies = []

MockHttpServletRequest:
      HTTP Method = POST
      Request URI = /modules/market/products
       Parameters = {}
          Headers = [Content-Type:"application/json", "application/json", Authorization:"Bearer eyJhbGciOiJIUzI1NiJ9.eyJqdGkiOiI3MzUwOGQ1MS1hYjllLTQ0NjMtOGYyYS1mZWJmNTk2N2I5ZjciLCJpYXQiOjE1OTE3OTU2MzIsInN1YiI6ImFkbWluIiwiaXNzIjoiZmxleGl0cmFuc3RvcmUuZXUiLCJleHAiOjE1OTE4ODIwMzIsInVzZXJfaWQiOjIwMDB9.EODpXW6mpb961TV_TVPJCK9GtpkV6SOJVUB5LqYzb7w"]
             Body = <no character encoding set>
    Session Attrs = {}

Handler:
             Type = flexi.fegcentral.backend.controllers.data.modules.market.ProductController
           Method = public flexi.fegcentral.backend.dto.data.modules.market.ProductDTO flexi.fegcentral.backend.controllers.data.modules.market.ProductController.create(flexi.fegcentral.backend.dto.data.modules.market.ProductDTO) throws java.lang.Exception

Async:
    Async started = false
     Async result = null

Resolved Exception:
             Type = null

ModelAndView:
        View name = null
             View = null
            Model = null

FlashMap:
       Attributes = null

MockHttpServletResponse:
           Status = 200
    Error message = null
          Headers = [Content-Type:"application/json;charset=UTF-8"]
     Content type = application/json;charset=UTF-8
             Body = {"id":132,"createdOn":"2020-06-10T13:27:12.930534900Z","createdBy":"","name":"b2e24533-3f4f-4c19-8116-3eca10f43886","deliveryTimeStart":"2020-06-10T19:16:12.926531600Z","deliveryTimeEnd":"2020-06-10T19:31:12.926531600Z","closesAt":"2020-06-10T18:16:12.926531600Z","period":"MINUTES15","productStatus":"OPEN","user":null,"latestSellOrder":null,"latestBuyOrder":null,"marketCode":"CY","hasOrders":false,"totalOrders":0}
    Forwarded URL = null
   Redirected URL = null
          Cookies = []

MockHttpServletRequest:
      HTTP Method = POST
      Request URI = /modules/market/products
       Parameters = {}
          Headers = [Content-Type:"application/json", "application/json", Authorization:"Bearer eyJhbGciOiJIUzI1NiJ9.eyJqdGkiOiI3MzUwOGQ1MS1hYjllLTQ0NjMtOGYyYS1mZWJmNTk2N2I5ZjciLCJpYXQiOjE1OTE3OTU2MzIsInN1YiI6ImFkbWluIiwiaXNzIjoiZmxleGl0cmFuc3RvcmUuZXUiLCJleHAiOjE1OTE4ODIwMzIsInVzZXJfaWQiOjIwMDB9.EODpXW6mpb961TV_TVPJCK9GtpkV6SOJVUB5LqYzb7w"]
             Body = <no character encoding set>
    Session Attrs = {}

Handler:
             Type = flexi.fegcentral.backend.controllers.data.modules.market.ProductController
           Method = public flexi.fegcentral.backend.dto.data.modules.market.ProductDTO flexi.fegcentral.backend.controllers.data.modules.market.ProductController.create(flexi.fegcentral.backend.dto.data.modules.market.ProductDTO) throws java.lang.Exception

Async:
    Async started = false
     Async result = null

Resolved Exception:
             Type = null

ModelAndView:
        View name = null
             View = null
            Model = null

FlashMap:
       Attributes = null

MockHttpServletResponse:
           Status = 200
    Error message = null
          Headers = [Content-Type:"application/json;charset=UTF-8"]
     Content type = application/json;charset=UTF-8
             Body = {"id":133,"createdOn":"2020-06-10T13:27:12.943532600Z","createdBy":"","name":"d1358cfa-b9b7-4af9-84c8-f591f0dbd432","deliveryTimeStart":"2020-06-10T19:32:12.939532500Z","deliveryTimeEnd":"2020-06-10T19:47:12.939532500Z","closesAt":"2020-06-10T18:32:12.939532500Z","period":"MINUTES15","productStatus":"OPEN","user":null,"latestSellOrder":null,"latestBuyOrder":null,"marketCode":"CY","hasOrders":false,"totalOrders":0}
    Forwarded URL = null
   Redirected URL = null
          Cookies = []

MockHttpServletRequest:
      HTTP Method = POST
      Request URI = /modules/market/products
       Parameters = {}
          Headers = [Content-Type:"application/json", "application/json", Authorization:"Bearer eyJhbGciOiJIUzI1NiJ9.eyJqdGkiOiI3MzUwOGQ1MS1hYjllLTQ0NjMtOGYyYS1mZWJmNTk2N2I5ZjciLCJpYXQiOjE1OTE3OTU2MzIsInN1YiI6ImFkbWluIiwiaXNzIjoiZmxleGl0cmFuc3RvcmUuZXUiLCJleHAiOjE1OTE4ODIwMzIsInVzZXJfaWQiOjIwMDB9.EODpXW6mpb961TV_TVPJCK9GtpkV6SOJVUB5LqYzb7w"]
             Body = <no character encoding set>
    Session Attrs = {}

Handler:
             Type = flexi.fegcentral.backend.controllers.data.modules.market.ProductController
           Method = public flexi.fegcentral.backend.dto.data.modules.market.ProductDTO flexi.fegcentral.backend.controllers.data.modules.market.ProductController.create(flexi.fegcentral.backend.dto.data.modules.market.ProductDTO) throws java.lang.Exception

Async:
    Async started = false
     Async result = null

Resolved Exception:
             Type = null

ModelAndView:
        View name = null
             View = null
            Model = null

FlashMap:
       Attributes = null

MockHttpServletResponse:
           Status = 200
    Error message = null
          Headers = [Content-Type:"application/json;charset=UTF-8"]
     Content type = application/json;charset=UTF-8
             Body = {"id":134,"createdOn":"2020-06-10T13:27:12.957532600Z","createdBy":"","name":"706112b7-2d04-4c4e-8dbd-9b1b0c8c028f","deliveryTimeStart":"2020-06-10T19:39:12.954535100Z","deliveryTimeEnd":"2020-06-10T19:54:12.954535100Z","closesAt":"2020-06-10T18:39:12.954535100Z","period":"MINUTES15","productStatus":"OPEN","user":null,"latestSellOrder":null,"latestBuyOrder":null,"marketCode":"CY","hasOrders":false,"totalOrders":0}
    Forwarded URL = null
   Redirected URL = null
          Cookies = []

MockHttpServletRequest:
      HTTP Method = POST
      Request URI = /modules/market/products
       Parameters = {}
          Headers = [Content-Type:"application/json", "application/json", Authorization:"Bearer eyJhbGciOiJIUzI1NiJ9.eyJqdGkiOiI3MzUwOGQ1MS1hYjllLTQ0NjMtOGYyYS1mZWJmNTk2N2I5ZjciLCJpYXQiOjE1OTE3OTU2MzIsInN1YiI6ImFkbWluIiwiaXNzIjoiZmxleGl0cmFuc3RvcmUuZXUiLCJleHAiOjE1OTE4ODIwMzIsInVzZXJfaWQiOjIwMDB9.EODpXW6mpb961TV_TVPJCK9GtpkV6SOJVUB5LqYzb7w"]
             Body = <no character encoding set>
    Session Attrs = {}

Handler:
             Type = flexi.fegcentral.backend.controllers.data.modules.market.ProductController
           Method = public flexi.fegcentral.backend.dto.data.modules.market.ProductDTO flexi.fegcentral.backend.controllers.data.modules.market.ProductController.create(flexi.fegcentral.backend.dto.data.modules.market.ProductDTO) throws java.lang.Exception

Async:
    Async started = false
     Async result = null

Resolved Exception:
             Type = null

ModelAndView:
        View name = null
             View = null
            Model = null

FlashMap:
       Attributes = null

MockHttpServletResponse:
           Status = 200
    Error message = null
          Headers = [Content-Type:"application/json;charset=UTF-8"]
     Content type = application/json;charset=UTF-8
             Body = {"id":135,"createdOn":"2020-06-10T13:27:12.971533800Z","createdBy":"","name":"7010cf5e-e9ea-4f60-a80f-78b81048c803","deliveryTimeStart":"2020-06-10T19:37:12.968534700Z","deliveryTimeEnd":"2020-06-10T19:52:12.968534700Z","closesAt":"2020-06-10T18:37:12.968534700Z","period":"MINUTES15","productStatus":"OPEN","user":null,"latestSellOrder":null,"latestBuyOrder":null,"marketCode":"CY","hasOrders":false,"totalOrders":0}
    Forwarded URL = null
   Redirected URL = null
          Cookies = []

MockHttpServletRequest:
      HTTP Method = POST
      Request URI = /modules/market/products
       Parameters = {}
          Headers = [Content-Type:"application/json", "application/json", Authorization:"Bearer eyJhbGciOiJIUzI1NiJ9.eyJqdGkiOiI3MzUwOGQ1MS1hYjllLTQ0NjMtOGYyYS1mZWJmNTk2N2I5ZjciLCJpYXQiOjE1OTE3OTU2MzIsInN1YiI6ImFkbWluIiwiaXNzIjoiZmxleGl0cmFuc3RvcmUuZXUiLCJleHAiOjE1OTE4ODIwMzIsInVzZXJfaWQiOjIwMDB9.EODpXW6mpb961TV_TVPJCK9GtpkV6SOJVUB5LqYzb7w"]
             Body = <no character encoding set>
    Session Attrs = {}

Handler:
             Type = flexi.fegcentral.backend.controllers.data.modules.market.ProductController
           Method = public flexi.fegcentral.backend.dto.data.modules.market.ProductDTO flexi.fegcentral.backend.controllers.data.modules.market.ProductController.create(flexi.fegcentral.backend.dto.data.modules.market.ProductDTO) throws java.lang.Exception

Async:
    Async started = false
     Async result = null

Resolved Exception:
             Type = null

ModelAndView:
        View name = null
             View = null
            Model = null

FlashMap:
       Attributes = null

MockHttpServletResponse:
           Status = 200
    Error message = null
          Headers = [Content-Type:"application/json;charset=UTF-8"]
     Content type = application/json;charset=UTF-8
             Body = {"id":136,"createdOn":"2020-06-10T13:27:12.991532700Z","createdBy":"","name":"212222c1-653b-4ac5-9bd3-118a164c1e4d","deliveryTimeStart":"2020-06-10T21:03:12.987534100Z","deliveryTimeEnd":"2020-06-10T21:18:12.987534100Z","closesAt":"2020-06-10T20:03:12.987534100Z","period":"MINUTES15","productStatus":"OPEN","user":null,"latestSellOrder":null,"latestBuyOrder":null,"marketCode":"CY","hasOrders":false,"totalOrders":0}
    Forwarded URL = null
   Redirected URL = null
          Cookies = []

MockHttpServletRequest:
      HTTP Method = POST
      Request URI = /modules/market/products
       Parameters = {}
          Headers = [Content-Type:"application/json", "application/json", Authorization:"Bearer eyJhbGciOiJIUzI1NiJ9.eyJqdGkiOiI3MzUwOGQ1MS1hYjllLTQ0NjMtOGYyYS1mZWJmNTk2N2I5ZjciLCJpYXQiOjE1OTE3OTU2MzIsInN1YiI6ImFkbWluIiwiaXNzIjoiZmxleGl0cmFuc3RvcmUuZXUiLCJleHAiOjE1OTE4ODIwMzIsInVzZXJfaWQiOjIwMDB9.EODpXW6mpb961TV_TVPJCK9GtpkV6SOJVUB5LqYzb7w"]
             Body = <no character encoding set>
    Session Attrs = {}

Handler:
             Type = flexi.fegcentral.backend.controllers.data.modules.market.ProductController
           Method = public flexi.fegcentral.backend.dto.data.modules.market.ProductDTO flexi.fegcentral.backend.controllers.data.modules.market.ProductController.create(flexi.fegcentral.backend.dto.data.modules.market.ProductDTO) throws java.lang.Exception

Async:
    Async started = false
     Async result = null

Resolved Exception:
             Type = null

ModelAndView:
        View name = null
             View = null
            Model = null

FlashMap:
       Attributes = null

MockHttpServletResponse:
           Status = 200
    Error message = null
          Headers = [Content-Type:"application/json;charset=UTF-8"]
     Content type = application/json;charset=UTF-8
             Body = {"id":137,"createdOn":"2020-06-10T13:27:13.004535100Z","createdBy":"","name":"a59cc15a-2df0-4d4a-8df2-45732c4bf561","deliveryTimeStart":"2020-06-10T22:22:13.001534300Z","deliveryTimeEnd":"2020-06-10T22:37:13.001534300Z","closesAt":"2020-06-10T21:22:13.001534300Z","period":"MINUTES15","productStatus":"OPEN","user":null,"latestSellOrder":null,"latestBuyOrder":null,"marketCode":"CY","hasOrders":false,"totalOrders":0}
    Forwarded URL = null
   Redirected URL = null
          Cookies = []

MockHttpServletRequest:
      HTTP Method = POST
      Request URI = /modules/market/products
       Parameters = {}
          Headers = [Content-Type:"application/json", "application/json", Authorization:"Bearer eyJhbGciOiJIUzI1NiJ9.eyJqdGkiOiI3MzUwOGQ1MS1hYjllLTQ0NjMtOGYyYS1mZWJmNTk2N2I5ZjciLCJpYXQiOjE1OTE3OTU2MzIsInN1YiI6ImFkbWluIiwiaXNzIjoiZmxleGl0cmFuc3RvcmUuZXUiLCJleHAiOjE1OTE4ODIwMzIsInVzZXJfaWQiOjIwMDB9.EODpXW6mpb961TV_TVPJCK9GtpkV6SOJVUB5LqYzb7w"]
             Body = <no character encoding set>
    Session Attrs = {}

Handler:
             Type = flexi.fegcentral.backend.controllers.data.modules.market.ProductController
           Method = public flexi.fegcentral.backend.dto.data.modules.market.ProductDTO flexi.fegcentral.backend.controllers.data.modules.market.ProductController.create(flexi.fegcentral.backend.dto.data.modules.market.ProductDTO) throws java.lang.Exception

Async:
    Async started = false
     Async result = null

Resolved Exception:
             Type = null

ModelAndView:
        View name = null
             View = null
            Model = null

FlashMap:
       Attributes = null

MockHttpServletResponse:
           Status = 200
    Error message = null
          Headers = [Content-Type:"application/json;charset=UTF-8"]
     Content type = application/json;charset=UTF-8
             Body = {"id":138,"createdOn":"2020-06-10T13:27:13.016533700Z","createdBy":"","name":"a1e6edf2-11c6-4188-9386-db4bb11d97ac","deliveryTimeStart":"2020-06-10T20:58:13.013534100Z","deliveryTimeEnd":"2020-06-10T21:13:13.013534100Z","closesAt":"2020-06-10T19:58:13.013534100Z","period":"MINUTES15","productStatus":"OPEN","user":null,"latestSellOrder":null,"latestBuyOrder":null,"marketCode":"CY","hasOrders":false,"totalOrders":0}
    Forwarded URL = null
   Redirected URL = null
          Cookies = []

MockHttpServletRequest:
      HTTP Method = POST
      Request URI = /modules/market/products
       Parameters = {}
          Headers = [Content-Type:"application/json", "application/json", Authorization:"Bearer eyJhbGciOiJIUzI1NiJ9.eyJqdGkiOiI3MzUwOGQ1MS1hYjllLTQ0NjMtOGYyYS1mZWJmNTk2N2I5ZjciLCJpYXQiOjE1OTE3OTU2MzIsInN1YiI6ImFkbWluIiwiaXNzIjoiZmxleGl0cmFuc3RvcmUuZXUiLCJleHAiOjE1OTE4ODIwMzIsInVzZXJfaWQiOjIwMDB9.EODpXW6mpb961TV_TVPJCK9GtpkV6SOJVUB5LqYzb7w"]
             Body = <no character encoding set>
    Session Attrs = {}

Handler:
             Type = flexi.fegcentral.backend.controllers.data.modules.market.ProductController
           Method = public flexi.fegcentral.backend.dto.data.modules.market.ProductDTO flexi.fegcentral.backend.controllers.data.modules.market.ProductController.create(flexi.fegcentral.backend.dto.data.modules.market.ProductDTO) throws java.lang.Exception

Async:
    Async started = false
     Async result = null

Resolved Exception:
             Type = null

ModelAndView:
        View name = null
             View = null
            Model = null

FlashMap:
       Attributes = null

MockHttpServletResponse:
           Status = 200
    Error message = null
          Headers = [Content-Type:"application/json;charset=UTF-8"]
     Content type = application/json;charset=UTF-8
             Body = {"id":139,"createdOn":"2020-06-10T13:27:13.029532900Z","createdBy":"","name":"2940c107-6d1f-4db0-b6ba-e7b52546a54b","deliveryTimeStart":"2020-06-10T21:07:13.026533800Z","deliveryTimeEnd":"2020-06-10T21:22:13.026533800Z","closesAt":"2020-06-10T20:07:13.026533800Z","period":"MINUTES15","productStatus":"OPEN","user":null,"latestSellOrder":null,"latestBuyOrder":null,"marketCode":"CY","hasOrders":false,"totalOrders":0}
    Forwarded URL = null
   Redirected URL = null
          Cookies = []

MockHttpServletRequest:
      HTTP Method = POST
      Request URI = /modules/market/products
       Parameters = {}
          Headers = [Content-Type:"application/json", "application/json", Authorization:"Bearer eyJhbGciOiJIUzI1NiJ9.eyJqdGkiOiI3MzUwOGQ1MS1hYjllLTQ0NjMtOGYyYS1mZWJmNTk2N2I5ZjciLCJpYXQiOjE1OTE3OTU2MzIsInN1YiI6ImFkbWluIiwiaXNzIjoiZmxleGl0cmFuc3RvcmUuZXUiLCJleHAiOjE1OTE4ODIwMzIsInVzZXJfaWQiOjIwMDB9.EODpXW6mpb961TV_TVPJCK9GtpkV6SOJVUB5LqYzb7w"]
             Body = <no character encoding set>
    Session Attrs = {}

Handler:
             Type = flexi.fegcentral.backend.controllers.data.modules.market.ProductController
           Method = public flexi.fegcentral.backend.dto.data.modules.market.ProductDTO flexi.fegcentral.backend.controllers.data.modules.market.ProductController.create(flexi.fegcentral.backend.dto.data.modules.market.ProductDTO) throws java.lang.Exception

Async:
    Async started = false
     Async result = null

Resolved Exception:
             Type = null

ModelAndView:
        View name = null
             View = null
            Model = null

FlashMap:
       Attributes = null

MockHttpServletResponse:
           Status = 200
    Error message = null
          Headers = [Content-Type:"application/json;charset=UTF-8"]
     Content type = application/json;charset=UTF-8
             Body = {"id":140,"createdOn":"2020-06-10T13:27:13.057534100Z","createdBy":"","name":"89dfae18-e31e-41d2-be4a-69f0a8d8840c","deliveryTimeStart":"2020-06-10T22:11:13.054533800Z","deliveryTimeEnd":"2020-06-10T22:26:13.054533800Z","closesAt":"2020-06-10T21:11:13.054533800Z","period":"MINUTES15","productStatus":"OPEN","user":null,"latestSellOrder":null,"latestBuyOrder":null,"marketCode":"CY","hasOrders":false,"totalOrders":0}
    Forwarded URL = null
   Redirected URL = null
          Cookies = []

MockHttpServletRequest:
      HTTP Method = POST
      Request URI = /modules/market/products
       Parameters = {}
          Headers = [Content-Type:"application/json", "application/json", Authorization:"Bearer eyJhbGciOiJIUzI1NiJ9.eyJqdGkiOiI3MzUwOGQ1MS1hYjllLTQ0NjMtOGYyYS1mZWJmNTk2N2I5ZjciLCJpYXQiOjE1OTE3OTU2MzIsInN1YiI6ImFkbWluIiwiaXNzIjoiZmxleGl0cmFuc3RvcmUuZXUiLCJleHAiOjE1OTE4ODIwMzIsInVzZXJfaWQiOjIwMDB9.EODpXW6mpb961TV_TVPJCK9GtpkV6SOJVUB5LqYzb7w"]
             Body = <no character encoding set>
    Session Attrs = {}

Handler:
             Type = flexi.fegcentral.backend.controllers.data.modules.market.ProductController
           Method = public flexi.fegcentral.backend.dto.data.modules.market.ProductDTO flexi.fegcentral.backend.controllers.data.modules.market.ProductController.create(flexi.fegcentral.backend.dto.data.modules.market.ProductDTO) throws java.lang.Exception

Async:
    Async started = false
     Async result = null

Resolved Exception:
             Type = null

ModelAndView:
        View name = null
             View = null
            Model = null

FlashMap:
       Attributes = null

MockHttpServletResponse:
           Status = 200
    Error message = null
          Headers = [Content-Type:"application/json;charset=UTF-8"]
     Content type = application/json;charset=UTF-8
             Body = {"id":141,"createdOn":"2020-06-10T13:27:13.069539500Z","createdBy":"","name":"ef52f72c-dfa2-4b01-9738-a4c13a68392d","deliveryTimeStart":"2020-06-10T20:12:13.066532200Z","deliveryTimeEnd":"2020-06-10T20:27:13.066532200Z","closesAt":"2020-06-10T19:12:13.066532200Z","period":"MINUTES15","productStatus":"OPEN","user":null,"latestSellOrder":null,"latestBuyOrder":null,"marketCode":"CY","hasOrders":false,"totalOrders":0}
    Forwarded URL = null
   Redirected URL = null
          Cookies = []

MockHttpServletRequest:
      HTTP Method = POST
      Request URI = /modules/market/products
       Parameters = {}
          Headers = [Content-Type:"application/json", "application/json", Authorization:"Bearer eyJhbGciOiJIUzI1NiJ9.eyJqdGkiOiI3MzUwOGQ1MS1hYjllLTQ0NjMtOGYyYS1mZWJmNTk2N2I5ZjciLCJpYXQiOjE1OTE3OTU2MzIsInN1YiI6ImFkbWluIiwiaXNzIjoiZmxleGl0cmFuc3RvcmUuZXUiLCJleHAiOjE1OTE4ODIwMzIsInVzZXJfaWQiOjIwMDB9.EODpXW6mpb961TV_TVPJCK9GtpkV6SOJVUB5LqYzb7w"]
             Body = <no character encoding set>
    Session Attrs = {}

Handler:
             Type = flexi.fegcentral.backend.controllers.data.modules.market.ProductController
           Method = public flexi.fegcentral.backend.dto.data.modules.market.ProductDTO flexi.fegcentral.backend.controllers.data.modules.market.ProductController.create(flexi.fegcentral.backend.dto.data.modules.market.ProductDTO) throws java.lang.Exception

Async:
    Async started = false
     Async result = null

Resolved Exception:
             Type = null

ModelAndView:
        View name = null
             View = null
            Model = null

FlashMap:
       Attributes = null

MockHttpServletResponse:
           Status = 200
    Error message = null
          Headers = [Content-Type:"application/json;charset=UTF-8"]
     Content type = application/json;charset=UTF-8
             Body = {"id":142,"createdOn":"2020-06-10T13:27:13.082532500Z","createdBy":"","name":"25ed6829-1131-4080-9e6b-dfa92904b4f2","deliveryTimeStart":"2020-06-10T16:30:13.079532800Z","deliveryTimeEnd":"2020-06-10T16:45:13.079532800Z","closesAt":"2020-06-10T15:30:13.079532800Z","period":"MINUTES15","productStatus":"OPEN","user":null,"latestSellOrder":null,"latestBuyOrder":null,"marketCode":"CY","hasOrders":false,"totalOrders":0}
    Forwarded URL = null
   Redirected URL = null
          Cookies = []

MockHttpServletRequest:
      HTTP Method = POST
      Request URI = /modules/market/products
       Parameters = {}
          Headers = [Content-Type:"application/json", "application/json", Authorization:"Bearer eyJhbGciOiJIUzI1NiJ9.eyJqdGkiOiI3MzUwOGQ1MS1hYjllLTQ0NjMtOGYyYS1mZWJmNTk2N2I5ZjciLCJpYXQiOjE1OTE3OTU2MzIsInN1YiI6ImFkbWluIiwiaXNzIjoiZmxleGl0cmFuc3RvcmUuZXUiLCJleHAiOjE1OTE4ODIwMzIsInVzZXJfaWQiOjIwMDB9.EODpXW6mpb961TV_TVPJCK9GtpkV6SOJVUB5LqYzb7w"]
             Body = <no character encoding set>
    Session Attrs = {}

Handler:
             Type = flexi.fegcentral.backend.controllers.data.modules.market.ProductController
           Method = public flexi.fegcentral.backend.dto.data.modules.market.ProductDTO flexi.fegcentral.backend.controllers.data.modules.market.ProductController.create(flexi.fegcentral.backend.dto.data.modules.market.ProductDTO) throws java.lang.Exception

Async:
    Async started = false
     Async result = null

Resolved Exception:
             Type = null

ModelAndView:
        View name = null
             View = null
            Model = null

FlashMap:
       Attributes = null

MockHttpServletResponse:
           Status = 200
    Error message = null
          Headers = [Content-Type:"application/json;charset=UTF-8"]
     Content type = application/json;charset=UTF-8
             Body = {"id":143,"createdOn":"2020-06-10T13:27:13.095534600Z","createdBy":"","name":"3d70b0bc-e42a-4555-bac7-a8f65179ad4a","deliveryTimeStart":"2020-06-10T20:03:13.092541600Z","deliveryTimeEnd":"2020-06-10T20:18:13.092541600Z","closesAt":"2020-06-10T19:03:13.092541600Z","period":"MINUTES15","productStatus":"OPEN","user":null,"latestSellOrder":null,"latestBuyOrder":null,"marketCode":"CY","hasOrders":false,"totalOrders":0}
    Forwarded URL = null
   Redirected URL = null
          Cookies = []

MockHttpServletRequest:
      HTTP Method = POST
      Request URI = /modules/market/products
       Parameters = {}
          Headers = [Content-Type:"application/json", "application/json", Authorization:"Bearer eyJhbGciOiJIUzI1NiJ9.eyJqdGkiOiI3MzUwOGQ1MS1hYjllLTQ0NjMtOGYyYS1mZWJmNTk2N2I5ZjciLCJpYXQiOjE1OTE3OTU2MzIsInN1YiI6ImFkbWluIiwiaXNzIjoiZmxleGl0cmFuc3RvcmUuZXUiLCJleHAiOjE1OTE4ODIwMzIsInVzZXJfaWQiOjIwMDB9.EODpXW6mpb961TV_TVPJCK9GtpkV6SOJVUB5LqYzb7w"]
             Body = <no character encoding set>
    Session Attrs = {}

Handler:
             Type = flexi.fegcentral.backend.controllers.data.modules.market.ProductController
           Method = public flexi.fegcentral.backend.dto.data.modules.market.ProductDTO flexi.fegcentral.backend.controllers.data.modules.market.ProductController.create(flexi.fegcentral.backend.dto.data.modules.market.ProductDTO) throws java.lang.Exception

Async:
    Async started = false
     Async result = null

Resolved Exception:
             Type = null

ModelAndView:
        View name = null
             View = null
            Model = null

FlashMap:
       Attributes = null

MockHttpServletResponse:
           Status = 200
    Error message = null
          Headers = [Content-Type:"application/json;charset=UTF-8"]
     Content type = application/json;charset=UTF-8
             Body = {"id":144,"createdOn":"2020-06-10T13:27:13.107532Z","createdBy":"","name":"43d7aed2-1d9f-48c5-8786-08ccefa6e916","deliveryTimeStart":"2020-06-10T19:41:13.104532400Z","deliveryTimeEnd":"2020-06-10T19:56:13.104532400Z","closesAt":"2020-06-10T18:41:13.104532400Z","period":"MINUTES15","productStatus":"OPEN","user":null,"latestSellOrder":null,"latestBuyOrder":null,"marketCode":"CY","hasOrders":false,"totalOrders":0}
    Forwarded URL = null
   Redirected URL = null
          Cookies = []

MockHttpServletRequest:
      HTTP Method = POST
      Request URI = /modules/market/products
       Parameters = {}
          Headers = [Content-Type:"application/json", "application/json", Authorization:"Bearer eyJhbGciOiJIUzI1NiJ9.eyJqdGkiOiI3MzUwOGQ1MS1hYjllLTQ0NjMtOGYyYS1mZWJmNTk2N2I5ZjciLCJpYXQiOjE1OTE3OTU2MzIsInN1YiI6ImFkbWluIiwiaXNzIjoiZmxleGl0cmFuc3RvcmUuZXUiLCJleHAiOjE1OTE4ODIwMzIsInVzZXJfaWQiOjIwMDB9.EODpXW6mpb961TV_TVPJCK9GtpkV6SOJVUB5LqYzb7w"]
             Body = <no character encoding set>
    Session Attrs = {}

Handler:
             Type = flexi.fegcentral.backend.controllers.data.modules.market.ProductController
           Method = public flexi.fegcentral.backend.dto.data.modules.market.ProductDTO flexi.fegcentral.backend.controllers.data.modules.market.ProductController.create(flexi.fegcentral.backend.dto.data.modules.market.ProductDTO) throws java.lang.Exception

Async:
    Async started = false
     Async result = null

Resolved Exception:
             Type = null

ModelAndView:
        View name = null
             View = null
            Model = null

FlashMap:
       Attributes = null

MockHttpServletResponse:
           Status = 200
    Error message = null
          Headers = [Content-Type:"application/json;charset=UTF-8"]
     Content type = application/json;charset=UTF-8
             Body = {"id":145,"createdOn":"2020-06-10T13:27:13.118532300Z","createdBy":"","name":"6abee293-2bb9-45f6-8518-dfba406e33cf","deliveryTimeStart":"2020-06-10T21:39:13.115532900Z","deliveryTimeEnd":"2020-06-10T21:54:13.115532900Z","closesAt":"2020-06-10T20:39:13.115532900Z","period":"MINUTES15","productStatus":"OPEN","user":null,"latestSellOrder":null,"latestBuyOrder":null,"marketCode":"CY","hasOrders":false,"totalOrders":0}
    Forwarded URL = null
   Redirected URL = null
          Cookies = []

MockHttpServletRequest:
      HTTP Method = POST
      Request URI = /modules/market/products
       Parameters = {}
          Headers = [Content-Type:"application/json", "application/json", Authorization:"Bearer eyJhbGciOiJIUzI1NiJ9.eyJqdGkiOiI3MzUwOGQ1MS1hYjllLTQ0NjMtOGYyYS1mZWJmNTk2N2I5ZjciLCJpYXQiOjE1OTE3OTU2MzIsInN1YiI6ImFkbWluIiwiaXNzIjoiZmxleGl0cmFuc3RvcmUuZXUiLCJleHAiOjE1OTE4ODIwMzIsInVzZXJfaWQiOjIwMDB9.EODpXW6mpb961TV_TVPJCK9GtpkV6SOJVUB5LqYzb7w"]
             Body = <no character encoding set>
    Session Attrs = {}

Handler:
             Type = flexi.fegcentral.backend.controllers.data.modules.market.ProductController
           Method = public flexi.fegcentral.backend.dto.data.modules.market.ProductDTO flexi.fegcentral.backend.controllers.data.modules.market.ProductController.create(flexi.fegcentral.backend.dto.data.modules.market.ProductDTO) throws java.lang.Exception

Async:
    Async started = false
     Async result = null

Resolved Exception:
             Type = null

ModelAndView:
        View name = null
             View = null
            Model = null

FlashMap:
       Attributes = null

MockHttpServletResponse:
           Status = 200
    Error message = null
          Headers = [Content-Type:"application/json;charset=UTF-8"]
     Content type = application/json;charset=UTF-8
             Body = {"id":146,"createdOn":"2020-06-10T13:27:13.128532400Z","createdBy":"","name":"7ab10f4f-227c-4731-a00b-4e6b1eb00de6","deliveryTimeStart":"2020-06-10T20:31:13.125533400Z","deliveryTimeEnd":"2020-06-10T20:46:13.125533400Z","closesAt":"2020-06-10T19:31:13.125533400Z","period":"MINUTES15","productStatus":"OPEN","user":null,"latestSellOrder":null,"latestBuyOrder":null,"marketCode":"CY","hasOrders":false,"totalOrders":0}
    Forwarded URL = null
   Redirected URL = null
          Cookies = []

MockHttpServletRequest:
      HTTP Method = POST
      Request URI = /modules/market/products
       Parameters = {}
          Headers = [Content-Type:"application/json", "application/json", Authorization:"Bearer eyJhbGciOiJIUzI1NiJ9.eyJqdGkiOiI3MzUwOGQ1MS1hYjllLTQ0NjMtOGYyYS1mZWJmNTk2N2I5ZjciLCJpYXQiOjE1OTE3OTU2MzIsInN1YiI6ImFkbWluIiwiaXNzIjoiZmxleGl0cmFuc3RvcmUuZXUiLCJleHAiOjE1OTE4ODIwMzIsInVzZXJfaWQiOjIwMDB9.EODpXW6mpb961TV_TVPJCK9GtpkV6SOJVUB5LqYzb7w"]
             Body = <no character encoding set>
    Session Attrs = {}

Handler:
             Type = flexi.fegcentral.backend.controllers.data.modules.market.ProductController
           Method = public flexi.fegcentral.backend.dto.data.modules.market.ProductDTO flexi.fegcentral.backend.controllers.data.modules.market.ProductController.create(flexi.fegcentral.backend.dto.data.modules.market.ProductDTO) throws java.lang.Exception

Async:
    Async started = false
     Async result = null

Resolved Exception:
             Type = null

ModelAndView:
        View name = null
             View = null
            Model = null

FlashMap:
       Attributes = null

MockHttpServletResponse:
           Status = 200
    Error message = null
          Headers = [Content-Type:"application/json;charset=UTF-8"]
     Content type = application/json;charset=UTF-8
             Body = {"id":147,"createdOn":"2020-06-10T13:27:13.140532400Z","createdBy":"","name":"de288427-c23a-46a2-8eeb-5b7323e9f11e","deliveryTimeStart":"2020-06-10T17:45:13.136531800Z","deliveryTimeEnd":"2020-06-10T18:00:13.136531800Z","closesAt":"2020-06-10T16:45:13.136531800Z","period":"MINUTES15","productStatus":"OPEN","user":null,"latestSellOrder":null,"latestBuyOrder":null,"marketCode":"CY","hasOrders":false,"totalOrders":0}
    Forwarded URL = null
   Redirected URL = null
          Cookies = []

MockHttpServletRequest:
      HTTP Method = POST
      Request URI = /modules/market/products
       Parameters = {}
          Headers = [Content-Type:"application/json", "application/json", Authorization:"Bearer eyJhbGciOiJIUzI1NiJ9.eyJqdGkiOiI3MzUwOGQ1MS1hYjllLTQ0NjMtOGYyYS1mZWJmNTk2N2I5ZjciLCJpYXQiOjE1OTE3OTU2MzIsInN1YiI6ImFkbWluIiwiaXNzIjoiZmxleGl0cmFuc3RvcmUuZXUiLCJleHAiOjE1OTE4ODIwMzIsInVzZXJfaWQiOjIwMDB9.EODpXW6mpb961TV_TVPJCK9GtpkV6SOJVUB5LqYzb7w"]
             Body = <no character encoding set>
    Session Attrs = {}

Handler:
             Type = flexi.fegcentral.backend.controllers.data.modules.market.ProductController
           Method = public flexi.fegcentral.backend.dto.data.modules.market.ProductDTO flexi.fegcentral.backend.controllers.data.modules.market.ProductController.create(flexi.fegcentral.backend.dto.data.modules.market.ProductDTO) throws java.lang.Exception

Async:
    Async started = false
     Async result = null

Resolved Exception:
             Type = null

ModelAndView:
        View name = null
             View = null
            Model = null

FlashMap:
       Attributes = null

MockHttpServletResponse:
           Status = 200
    Error message = null
          Headers = [Content-Type:"application/json;charset=UTF-8"]
     Content type = application/json;charset=UTF-8
             Body = {"id":148,"createdOn":"2020-06-10T13:27:13.152534Z","createdBy":"","name":"a2e7d945-ed77-4f93-ace5-927bd5e09db8","deliveryTimeStart":"2020-06-10T18:04:13.149535700Z","deliveryTimeEnd":"2020-06-10T18:19:13.149535700Z","closesAt":"2020-06-10T17:04:13.149535700Z","period":"MINUTES15","productStatus":"OPEN","user":null,"latestSellOrder":null,"latestBuyOrder":null,"marketCode":"CY","hasOrders":false,"totalOrders":0}
    Forwarded URL = null
   Redirected URL = null
          Cookies = []

MockHttpServletRequest:
      HTTP Method = POST
      Request URI = /modules/market/products
       Parameters = {}
          Headers = [Content-Type:"application/json", "application/json", Authorization:"Bearer eyJhbGciOiJIUzI1NiJ9.eyJqdGkiOiI3MzUwOGQ1MS1hYjllLTQ0NjMtOGYyYS1mZWJmNTk2N2I5ZjciLCJpYXQiOjE1OTE3OTU2MzIsInN1YiI6ImFkbWluIiwiaXNzIjoiZmxleGl0cmFuc3RvcmUuZXUiLCJleHAiOjE1OTE4ODIwMzIsInVzZXJfaWQiOjIwMDB9.EODpXW6mpb961TV_TVPJCK9GtpkV6SOJVUB5LqYzb7w"]
             Body = <no character encoding set>
    Session Attrs = {}

Handler:
             Type = flexi.fegcentral.backend.controllers.data.modules.market.ProductController
           Method = public flexi.fegcentral.backend.dto.data.modules.market.ProductDTO flexi.fegcentral.backend.controllers.data.modules.market.ProductController.create(flexi.fegcentral.backend.dto.data.modules.market.ProductDTO) throws java.lang.Exception

Async:
    Async started = false
     Async result = null

Resolved Exception:
             Type = null

ModelAndView:
        View name = null
             View = null
            Model = null

FlashMap:
       Attributes = null

MockHttpServletResponse:
           Status = 200
    Error message = null
          Headers = [Content-Type:"application/json;charset=UTF-8"]
     Content type = application/json;charset=UTF-8
             Body = {"id":149,"createdOn":"2020-06-10T13:27:13.164534100Z","createdBy":"","name":"c0089a18-549a-4723-ae25-2c9cfcd37591","deliveryTimeStart":"2020-06-10T17:25:13.160534700Z","deliveryTimeEnd":"2020-06-10T17:40:13.160534700Z","closesAt":"2020-06-10T16:25:13.160534700Z","period":"MINUTES15","productStatus":"OPEN","user":null,"latestSellOrder":null,"latestBuyOrder":null,"marketCode":"CY","hasOrders":false,"totalOrders":0}
    Forwarded URL = null
   Redirected URL = null
          Cookies = []

MockHttpServletRequest:
      HTTP Method = POST
      Request URI = /modules/market/products
       Parameters = {}
          Headers = [Content-Type:"application/json", "application/json", Authorization:"Bearer eyJhbGciOiJIUzI1NiJ9.eyJqdGkiOiI3MzUwOGQ1MS1hYjllLTQ0NjMtOGYyYS1mZWJmNTk2N2I5ZjciLCJpYXQiOjE1OTE3OTU2MzIsInN1YiI6ImFkbWluIiwiaXNzIjoiZmxleGl0cmFuc3RvcmUuZXUiLCJleHAiOjE1OTE4ODIwMzIsInVzZXJfaWQiOjIwMDB9.EODpXW6mpb961TV_TVPJCK9GtpkV6SOJVUB5LqYzb7w"]
             Body = <no character encoding set>
    Session Attrs = {}

Handler:
             Type = flexi.fegcentral.backend.controllers.data.modules.market.ProductController
           Method = public flexi.fegcentral.backend.dto.data.modules.market.ProductDTO flexi.fegcentral.backend.controllers.data.modules.market.ProductController.create(flexi.fegcentral.backend.dto.data.modules.market.ProductDTO) throws java.lang.Exception

Async:
    Async started = false
     Async result = null

Resolved Exception:
             Type = null

ModelAndView:
        View name = null
             View = null
            Model = null

FlashMap:
       Attributes = null

MockHttpServletResponse:
           Status = 200
    Error message = null
          Headers = [Content-Type:"application/json;charset=UTF-8"]
     Content type = application/json;charset=UTF-8
             Body = {"id":150,"createdOn":"2020-06-10T13:27:13.176533500Z","createdBy":"","name":"94f18bf3-9d27-430a-b523-1d7aa4a493b1","deliveryTimeStart":"2020-06-10T22:02:13.173534100Z","deliveryTimeEnd":"2020-06-10T22:17:13.173534100Z","closesAt":"2020-06-10T21:02:13.173534100Z","period":"MINUTES15","productStatus":"OPEN","user":null,"latestSellOrder":null,"latestBuyOrder":null,"marketCode":"CY","hasOrders":false,"totalOrders":0}
    Forwarded URL = null
   Redirected URL = null
          Cookies = []

MockHttpServletRequest:
      HTTP Method = POST
      Request URI = /modules/market/products
       Parameters = {}
          Headers = [Content-Type:"application/json", "application/json", Authorization:"Bearer eyJhbGciOiJIUzI1NiJ9.eyJqdGkiOiI3MzUwOGQ1MS1hYjllLTQ0NjMtOGYyYS1mZWJmNTk2N2I5ZjciLCJpYXQiOjE1OTE3OTU2MzIsInN1YiI6ImFkbWluIiwiaXNzIjoiZmxleGl0cmFuc3RvcmUuZXUiLCJleHAiOjE1OTE4ODIwMzIsInVzZXJfaWQiOjIwMDB9.EODpXW6mpb961TV_TVPJCK9GtpkV6SOJVUB5LqYzb7w"]
             Body = <no character encoding set>
    Session Attrs = {}

Handler:
             Type = flexi.fegcentral.backend.controllers.data.modules.market.ProductController
           Method = public flexi.fegcentral.backend.dto.data.modules.market.ProductDTO flexi.fegcentral.backend.controllers.data.modules.market.ProductController.create(flexi.fegcentral.backend.dto.data.modules.market.ProductDTO) throws java.lang.Exception

Async:
    Async started = false
     Async result = null

Resolved Exception:
             Type = null

ModelAndView:
        View name = null
             View = null
            Model = null

FlashMap:
       Attributes = null

MockHttpServletResponse:
           Status = 200
    Error message = null
          Headers = [Content-Type:"application/json;charset=UTF-8"]
     Content type = application/json;charset=UTF-8
             Body = {"id":151,"createdOn":"2020-06-10T13:27:13.189534300Z","createdBy":"","name":"f0558084-6ae3-4951-8fcc-0dde998e87d3","deliveryTimeStart":"2020-06-10T17:15:13.185534900Z","deliveryTimeEnd":"2020-06-10T17:30:13.185534900Z","closesAt":"2020-06-10T16:15:13.185534900Z","period":"MINUTES15","productStatus":"OPEN","user":null,"latestSellOrder":null,"latestBuyOrder":null,"marketCode":"CY","hasOrders":false,"totalOrders":0}
    Forwarded URL = null
   Redirected URL = null
          Cookies = []

MockHttpServletRequest:
      HTTP Method = POST
      Request URI = /modules/market/products
       Parameters = {}
          Headers = [Content-Type:"application/json", "application/json", Authorization:"Bearer eyJhbGciOiJIUzI1NiJ9.eyJqdGkiOiI3MzUwOGQ1MS1hYjllLTQ0NjMtOGYyYS1mZWJmNTk2N2I5ZjciLCJpYXQiOjE1OTE3OTU2MzIsInN1YiI6ImFkbWluIiwiaXNzIjoiZmxleGl0cmFuc3RvcmUuZXUiLCJleHAiOjE1OTE4ODIwMzIsInVzZXJfaWQiOjIwMDB9.EODpXW6mpb961TV_TVPJCK9GtpkV6SOJVUB5LqYzb7w"]
             Body = <no character encoding set>
    Session Attrs = {}

Handler:
             Type = flexi.fegcentral.backend.controllers.data.modules.market.ProductController
           Method = public flexi.fegcentral.backend.dto.data.modules.market.ProductDTO flexi.fegcentral.backend.controllers.data.modules.market.ProductController.create(flexi.fegcentral.backend.dto.data.modules.market.ProductDTO) throws java.lang.Exception

Async:
    Async started = false
     Async result = null

Resolved Exception:
             Type = null

ModelAndView:
        View name = null
             View = null
            Model = null

FlashMap:
       Attributes = null

MockHttpServletResponse:
           Status = 200
    Error message = null
          Headers = [Content-Type:"application/json;charset=UTF-8"]
     Content type = application/json;charset=UTF-8
             Body = {"id":152,"createdOn":"2020-06-10T13:27:13.203533800Z","createdBy":"","name":"38c6298a-0d72-4d4e-bcf9-af0e2dfebae7","deliveryTimeStart":"2020-06-10T19:25:13.199532600Z","deliveryTimeEnd":"2020-06-10T19:40:13.199532600Z","closesAt":"2020-06-10T18:25:13.199532600Z","period":"MINUTES15","productStatus":"OPEN","user":null,"latestSellOrder":null,"latestBuyOrder":null,"marketCode":"CY","hasOrders":false,"totalOrders":0}
    Forwarded URL = null
   Redirected URL = null
          Cookies = []

MockHttpServletRequest:
      HTTP Method = POST
      Request URI = /modules/market/products
       Parameters = {}
          Headers = [Content-Type:"application/json", "application/json", Authorization:"Bearer eyJhbGciOiJIUzI1NiJ9.eyJqdGkiOiI3MzUwOGQ1MS1hYjllLTQ0NjMtOGYyYS1mZWJmNTk2N2I5ZjciLCJpYXQiOjE1OTE3OTU2MzIsInN1YiI6ImFkbWluIiwiaXNzIjoiZmxleGl0cmFuc3RvcmUuZXUiLCJleHAiOjE1OTE4ODIwMzIsInVzZXJfaWQiOjIwMDB9.EODpXW6mpb961TV_TVPJCK9GtpkV6SOJVUB5LqYzb7w"]
             Body = <no character encoding set>
    Session Attrs = {}

Handler:
             Type = flexi.fegcentral.backend.controllers.data.modules.market.ProductController
           Method = public flexi.fegcentral.backend.dto.data.modules.market.ProductDTO flexi.fegcentral.backend.controllers.data.modules.market.ProductController.create(flexi.fegcentral.backend.dto.data.modules.market.ProductDTO) throws java.lang.Exception

Async:
    Async started = false
     Async result = null

Resolved Exception:
             Type = null

ModelAndView:
        View name = null
             View = null
            Model = null

FlashMap:
       Attributes = null

MockHttpServletResponse:
           Status = 200
    Error message = null
          Headers = [Content-Type:"application/json;charset=UTF-8"]
     Content type = application/json;charset=UTF-8
             Body = {"id":153,"createdOn":"2020-06-10T13:27:13.217533900Z","createdBy":"","name":"e1905306-f9fd-4ac0-8a37-bbcb769fe310","deliveryTimeStart":"2020-06-10T17:18:13.214535400Z","deliveryTimeEnd":"2020-06-10T17:33:13.214535400Z","closesAt":"2020-06-10T16:18:13.214535400Z","period":"MINUTES15","productStatus":"OPEN","user":null,"latestSellOrder":null,"latestBuyOrder":null,"marketCode":"CY","hasOrders":false,"totalOrders":0}
    Forwarded URL = null
   Redirected URL = null
          Cookies = []

MockHttpServletRequest:
      HTTP Method = POST
      Request URI = /modules/market/products
       Parameters = {}
          Headers = [Content-Type:"application/json", "application/json", Authorization:"Bearer eyJhbGciOiJIUzI1NiJ9.eyJqdGkiOiI3MzUwOGQ1MS1hYjllLTQ0NjMtOGYyYS1mZWJmNTk2N2I5ZjciLCJpYXQiOjE1OTE3OTU2MzIsInN1YiI6ImFkbWluIiwiaXNzIjoiZmxleGl0cmFuc3RvcmUuZXUiLCJleHAiOjE1OTE4ODIwMzIsInVzZXJfaWQiOjIwMDB9.EODpXW6mpb961TV_TVPJCK9GtpkV6SOJVUB5LqYzb7w"]
             Body = <no character encoding set>
    Session Attrs = {}

Handler:
             Type = flexi.fegcentral.backend.controllers.data.modules.market.ProductController
           Method = public flexi.fegcentral.backend.dto.data.modules.market.ProductDTO flexi.fegcentral.backend.controllers.data.modules.market.ProductController.create(flexi.fegcentral.backend.dto.data.modules.market.ProductDTO) throws java.lang.Exception

Async:
    Async started = false
     Async result = null

Resolved Exception:
             Type = null

ModelAndView:
        View name = null
             View = null
            Model = null

FlashMap:
       Attributes = null

MockHttpServletResponse:
           Status = 200
    Error message = null
          Headers = [Content-Type:"application/json;charset=UTF-8"]
     Content type = application/json;charset=UTF-8
             Body = {"id":154,"createdOn":"2020-06-10T13:27:13.230533700Z","createdBy":"","name":"516e41e1-dcb3-48a5-a5d4-d672a01e0064","deliveryTimeStart":"2020-06-10T20:55:13.227532200Z","deliveryTimeEnd":"2020-06-10T21:10:13.227532200Z","closesAt":"2020-06-10T19:55:13.227532200Z","period":"MINUTES15","productStatus":"OPEN","user":null,"latestSellOrder":null,"latestBuyOrder":null,"marketCode":"CY","hasOrders":false,"totalOrders":0}
    Forwarded URL = null
   Redirected URL = null
          Cookies = []

MockHttpServletRequest:
      HTTP Method = POST
      Request URI = /modules/market/products
       Parameters = {}
          Headers = [Content-Type:"application/json", "application/json", Authorization:"Bearer eyJhbGciOiJIUzI1NiJ9.eyJqdGkiOiI3MzUwOGQ1MS1hYjllLTQ0NjMtOGYyYS1mZWJmNTk2N2I5ZjciLCJpYXQiOjE1OTE3OTU2MzIsInN1YiI6ImFkbWluIiwiaXNzIjoiZmxleGl0cmFuc3RvcmUuZXUiLCJleHAiOjE1OTE4ODIwMzIsInVzZXJfaWQiOjIwMDB9.EODpXW6mpb961TV_TVPJCK9GtpkV6SOJVUB5LqYzb7w"]
             Body = <no character encoding set>
    Session Attrs = {}

Handler:
             Type = flexi.fegcentral.backend.controllers.data.modules.market.ProductController
           Method = public flexi.fegcentral.backend.dto.data.modules.market.ProductDTO flexi.fegcentral.backend.controllers.data.modules.market.ProductController.create(flexi.fegcentral.backend.dto.data.modules.market.ProductDTO) throws java.lang.Exception

Async:
    Async started = false
     Async result = null

Resolved Exception:
             Type = null

ModelAndView:
        View name = null
             View = null
            Model = null

FlashMap:
       Attributes = null

MockHttpServletResponse:
           Status = 200
    Error message = null
          Headers = [Content-Type:"application/json;charset=UTF-8"]
     Content type = application/json;charset=UTF-8
             Body = {"id":155,"createdOn":"2020-06-10T13:27:13.242535500Z","createdBy":"","name":"ddcad2e2-ab87-4b0a-a881-6d5e98633745","deliveryTimeStart":"2020-06-10T20:55:13.239533Z","deliveryTimeEnd":"2020-06-10T21:10:13.239533Z","closesAt":"2020-06-10T19:55:13.239533Z","period":"MINUTES15","productStatus":"OPEN","user":null,"latestSellOrder":null,"latestBuyOrder":null,"marketCode":"CY","hasOrders":false,"totalOrders":0}
    Forwarded URL = null
   Redirected URL = null
          Cookies = []

MockHttpServletRequest:
      HTTP Method = POST
      Request URI = /modules/market/products
       Parameters = {}
          Headers = [Content-Type:"application/json", "application/json", Authorization:"Bearer eyJhbGciOiJIUzI1NiJ9.eyJqdGkiOiI3MzUwOGQ1MS1hYjllLTQ0NjMtOGYyYS1mZWJmNTk2N2I5ZjciLCJpYXQiOjE1OTE3OTU2MzIsInN1YiI6ImFkbWluIiwiaXNzIjoiZmxleGl0cmFuc3RvcmUuZXUiLCJleHAiOjE1OTE4ODIwMzIsInVzZXJfaWQiOjIwMDB9.EODpXW6mpb961TV_TVPJCK9GtpkV6SOJVUB5LqYzb7w"]
             Body = <no character encoding set>
    Session Attrs = {}

Handler:
             Type = flexi.fegcentral.backend.controllers.data.modules.market.ProductController
           Method = public flexi.fegcentral.backend.dto.data.modules.market.ProductDTO flexi.fegcentral.backend.controllers.data.modules.market.ProductController.create(flexi.fegcentral.backend.dto.data.modules.market.ProductDTO) throws java.lang.Exception

Async:
    Async started = false
     Async result = null

Resolved Exception:
             Type = null

ModelAndView:
        View name = null
             View = null
            Model = null

FlashMap:
       Attributes = null

MockHttpServletResponse:
           Status = 200
    Error message = null
          Headers = [Content-Type:"application/json;charset=UTF-8"]
     Content type = application/json;charset=UTF-8
             Body = {"id":156,"createdOn":"2020-06-10T13:27:13.274534800Z","createdBy":"","name":"19951e5f-5218-46da-a3c6-152c05fab6a5","deliveryTimeStart":"2020-06-10T20:24:13.271532500Z","deliveryTimeEnd":"2020-06-10T20:39:13.271532500Z","closesAt":"2020-06-10T19:24:13.271532500Z","period":"MINUTES15","productStatus":"OPEN","user":null,"latestSellOrder":null,"latestBuyOrder":null,"marketCode":"CY","hasOrders":false,"totalOrders":0}
    Forwarded URL = null
   Redirected URL = null
          Cookies = []

MockHttpServletRequest:
      HTTP Method = POST
      Request URI = /modules/market/products
       Parameters = {}
          Headers = [Content-Type:"application/json", "application/json", Authorization:"Bearer eyJhbGciOiJIUzI1NiJ9.eyJqdGkiOiI3MzUwOGQ1MS1hYjllLTQ0NjMtOGYyYS1mZWJmNTk2N2I5ZjciLCJpYXQiOjE1OTE3OTU2MzIsInN1YiI6ImFkbWluIiwiaXNzIjoiZmxleGl0cmFuc3RvcmUuZXUiLCJleHAiOjE1OTE4ODIwMzIsInVzZXJfaWQiOjIwMDB9.EODpXW6mpb961TV_TVPJCK9GtpkV6SOJVUB5LqYzb7w"]
             Body = <no character encoding set>
    Session Attrs = {}

Handler:
             Type = flexi.fegcentral.backend.controllers.data.modules.market.ProductController
           Method = public flexi.fegcentral.backend.dto.data.modules.market.ProductDTO flexi.fegcentral.backend.controllers.data.modules.market.ProductController.create(flexi.fegcentral.backend.dto.data.modules.market.ProductDTO) throws java.lang.Exception

Async:
    Async started = false
     Async result = null

Resolved Exception:
             Type = null

ModelAndView:
        View name = null
             View = null
            Model = null

FlashMap:
       Attributes = null

MockHttpServletResponse:
           Status = 200
    Error message = null
          Headers = [Content-Type:"application/json;charset=UTF-8"]
     Content type = application/json;charset=UTF-8
             Body = {"id":157,"createdOn":"2020-06-10T13:27:13.388533400Z","createdBy":"","name":"62b0025b-2fce-4d78-8e27-3267792275de","deliveryTimeStart":"2020-06-10T16:57:13.385532600Z","deliveryTimeEnd":"2020-06-10T17:12:13.385532600Z","closesAt":"2020-06-10T15:57:13.385532600Z","period":"MINUTES15","productStatus":"OPEN","user":null,"latestSellOrder":null,"latestBuyOrder":null,"marketCode":"CY","hasOrders":false,"totalOrders":0}
    Forwarded URL = null
   Redirected URL = null
          Cookies = []

MockHttpServletRequest:
      HTTP Method = POST
      Request URI = /modules/market/products
       Parameters = {}
          Headers = [Content-Type:"application/json", "application/json", Authorization:"Bearer eyJhbGciOiJIUzI1NiJ9.eyJqdGkiOiI3MzUwOGQ1MS1hYjllLTQ0NjMtOGYyYS1mZWJmNTk2N2I5ZjciLCJpYXQiOjE1OTE3OTU2MzIsInN1YiI6ImFkbWluIiwiaXNzIjoiZmxleGl0cmFuc3RvcmUuZXUiLCJleHAiOjE1OTE4ODIwMzIsInVzZXJfaWQiOjIwMDB9.EODpXW6mpb961TV_TVPJCK9GtpkV6SOJVUB5LqYzb7w"]
             Body = <no character encoding set>
    Session Attrs = {}

Handler:
             Type = flexi.fegcentral.backend.controllers.data.modules.market.ProductController
           Method = public flexi.fegcentral.backend.dto.data.modules.market.ProductDTO flexi.fegcentral.backend.controllers.data.modules.market.ProductController.create(flexi.fegcentral.backend.dto.data.modules.market.ProductDTO) throws java.lang.Exception

Async:
    Async started = false
     Async result = null

Resolved Exception:
             Type = null

ModelAndView:
        View name = null
             View = null
            Model = null

FlashMap:
       Attributes = null

MockHttpServletResponse:
           Status = 200
    Error message = null
          Headers = [Content-Type:"application/json;charset=UTF-8"]
     Content type = application/json;charset=UTF-8
             Body = {"id":158,"createdOn":"2020-06-10T13:27:13.465533500Z","createdBy":"","name":"a3d3f5a9-a26f-442d-b6f3-aa47cea69488","deliveryTimeStart":"2020-06-10T22:12:13.461532100Z","deliveryTimeEnd":"2020-06-10T22:27:13.461532100Z","closesAt":"2020-06-10T21:12:13.461532100Z","period":"MINUTES15","productStatus":"OPEN","user":null,"latestSellOrder":null,"latestBuyOrder":null,"marketCode":"CY","hasOrders":false,"totalOrders":0}
    Forwarded URL = null
   Redirected URL = null
          Cookies = []

MockHttpServletRequest:
      HTTP Method = POST
      Request URI = /modules/market/products
       Parameters = {}
          Headers = [Content-Type:"application/json", "application/json", Authorization:"Bearer eyJhbGciOiJIUzI1NiJ9.eyJqdGkiOiI3MzUwOGQ1MS1hYjllLTQ0NjMtOGYyYS1mZWJmNTk2N2I5ZjciLCJpYXQiOjE1OTE3OTU2MzIsInN1YiI6ImFkbWluIiwiaXNzIjoiZmxleGl0cmFuc3RvcmUuZXUiLCJleHAiOjE1OTE4ODIwMzIsInVzZXJfaWQiOjIwMDB9.EODpXW6mpb961TV_TVPJCK9GtpkV6SOJVUB5LqYzb7w"]
             Body = <no character encoding set>
    Session Attrs = {}

Handler:
             Type = flexi.fegcentral.backend.controllers.data.modules.market.ProductController
           Method = public flexi.fegcentral.backend.dto.data.modules.market.ProductDTO flexi.fegcentral.backend.controllers.data.modules.market.ProductController.create(flexi.fegcentral.backend.dto.data.modules.market.ProductDTO) throws java.lang.Exception

Async:
    Async started = false
     Async result = null

Resolved Exception:
             Type = null

ModelAndView:
        View name = null
             View = null
            Model = null

FlashMap:
       Attributes = null

MockHttpServletResponse:
           Status = 200
    Error message = null
          Headers = [Content-Type:"application/json;charset=UTF-8"]
     Content type = application/json;charset=UTF-8
             Body = {"id":159,"createdOn":"2020-06-10T13:27:13.571536800Z","createdBy":"","name":"b3dd43f8-c7e3-48e5-9564-49c7c933095c","deliveryTimeStart":"2020-06-10T21:01:13.568534800Z","deliveryTimeEnd":"2020-06-10T21:16:13.568534800Z","closesAt":"2020-06-10T20:01:13.568534800Z","period":"MINUTES15","productStatus":"OPEN","user":null,"latestSellOrder":null,"latestBuyOrder":null,"marketCode":"CY","hasOrders":false,"totalOrders":0}
    Forwarded URL = null
   Redirected URL = null
          Cookies = []

MockHttpServletRequest:
      HTTP Method = POST
      Request URI = /modules/market/products
       Parameters = {}
          Headers = [Content-Type:"application/json", "application/json", Authorization:"Bearer eyJhbGciOiJIUzI1NiJ9.eyJqdGkiOiI3MzUwOGQ1MS1hYjllLTQ0NjMtOGYyYS1mZWJmNTk2N2I5ZjciLCJpYXQiOjE1OTE3OTU2MzIsInN1YiI6ImFkbWluIiwiaXNzIjoiZmxleGl0cmFuc3RvcmUuZXUiLCJleHAiOjE1OTE4ODIwMzIsInVzZXJfaWQiOjIwMDB9.EODpXW6mpb961TV_TVPJCK9GtpkV6SOJVUB5LqYzb7w"]
             Body = <no character encoding set>
    Session Attrs = {}

Handler:
             Type = flexi.fegcentral.backend.controllers.data.modules.market.ProductController
           Method = public flexi.fegcentral.backend.dto.data.modules.market.ProductDTO flexi.fegcentral.backend.controllers.data.modules.market.ProductController.create(flexi.fegcentral.backend.dto.data.modules.market.ProductDTO) throws java.lang.Exception

Async:
    Async started = false
     Async result = null

Resolved Exception:
             Type = null

ModelAndView:
        View name = null
             View = null
            Model = null

FlashMap:
       Attributes = null

MockHttpServletResponse:
           Status = 200
    Error message = null
          Headers = [Content-Type:"application/json;charset=UTF-8"]
     Content type = application/json;charset=UTF-8
             Body = {"id":160,"createdOn":"2020-06-10T13:27:13.585534600Z","createdBy":"","name":"7a30878d-ef14-4049-81cf-6a83e972fe63","deliveryTimeStart":"2020-06-10T18:12:13.581534100Z","deliveryTimeEnd":"2020-06-10T18:27:13.581534100Z","closesAt":"2020-06-10T17:12:13.581534100Z","period":"MINUTES15","productStatus":"OPEN","user":null,"latestSellOrder":null,"latestBuyOrder":null,"marketCode":"CY","hasOrders":false,"totalOrders":0}
    Forwarded URL = null
   Redirected URL = null
          Cookies = []

MockHttpServletRequest:
      HTTP Method = POST
      Request URI = /modules/market/products
       Parameters = {}
          Headers = [Content-Type:"application/json", "application/json", Authorization:"Bearer eyJhbGciOiJIUzI1NiJ9.eyJqdGkiOiI3MzUwOGQ1MS1hYjllLTQ0NjMtOGYyYS1mZWJmNTk2N2I5ZjciLCJpYXQiOjE1OTE3OTU2MzIsInN1YiI6ImFkbWluIiwiaXNzIjoiZmxleGl0cmFuc3RvcmUuZXUiLCJleHAiOjE1OTE4ODIwMzIsInVzZXJfaWQiOjIwMDB9.EODpXW6mpb961TV_TVPJCK9GtpkV6SOJVUB5LqYzb7w"]
             Body = <no character encoding set>
    Session Attrs = {}

Handler:
             Type = flexi.fegcentral.backend.controllers.data.modules.market.ProductController
           Method = public flexi.fegcentral.backend.dto.data.modules.market.ProductDTO flexi.fegcentral.backend.controllers.data.modules.market.ProductController.create(flexi.fegcentral.backend.dto.data.modules.market.ProductDTO) throws java.lang.Exception

Async:
    Async started = false
     Async result = null

Resolved Exception:
             Type = null

ModelAndView:
        View name = null
             View = null
            Model = null

FlashMap:
       Attributes = null

MockHttpServletResponse:
           Status = 200
    Error message = null
          Headers = [Content-Type:"application/json;charset=UTF-8"]
     Content type = application/json;charset=UTF-8
             Body = {"id":161,"createdOn":"2020-06-10T13:27:13.600534800Z","createdBy":"","name":"51063448-6227-4d05-8860-572b6767572c","deliveryTimeStart":"2020-06-10T21:38:13.596533900Z","deliveryTimeEnd":"2020-06-10T21:53:13.596533900Z","closesAt":"2020-06-10T20:38:13.596533900Z","period":"MINUTES15","productStatus":"OPEN","user":null,"latestSellOrder":null,"latestBuyOrder":null,"marketCode":"CY","hasOrders":false,"totalOrders":0}
    Forwarded URL = null
   Redirected URL = null
          Cookies = []

MockHttpServletRequest:
      HTTP Method = POST
      Request URI = /modules/market/products
       Parameters = {}
          Headers = [Content-Type:"application/json", "application/json", Authorization:"Bearer eyJhbGciOiJIUzI1NiJ9.eyJqdGkiOiI3MzUwOGQ1MS1hYjllLTQ0NjMtOGYyYS1mZWJmNTk2N2I5ZjciLCJpYXQiOjE1OTE3OTU2MzIsInN1YiI6ImFkbWluIiwiaXNzIjoiZmxleGl0cmFuc3RvcmUuZXUiLCJleHAiOjE1OTE4ODIwMzIsInVzZXJfaWQiOjIwMDB9.EODpXW6mpb961TV_TVPJCK9GtpkV6SOJVUB5LqYzb7w"]
             Body = <no character encoding set>
    Session Attrs = {}

Handler:
             Type = flexi.fegcentral.backend.controllers.data.modules.market.ProductController
           Method = public flexi.fegcentral.backend.dto.data.modules.market.ProductDTO flexi.fegcentral.backend.controllers.data.modules.market.ProductController.create(flexi.fegcentral.backend.dto.data.modules.market.ProductDTO) throws java.lang.Exception

Async:
    Async started = false
     Async result = null

Resolved Exception:
             Type = null

ModelAndView:
        View name = null
             View = null
            Model = null

FlashMap:
       Attributes = null

MockHttpServletResponse:
           Status = 200
    Error message = null
          Headers = [Content-Type:"application/json;charset=UTF-8"]
     Content type = application/json;charset=UTF-8
             Body = {"id":162,"createdOn":"2020-06-10T13:27:13.615534Z","createdBy":"","name":"6a3058e4-13d9-4676-99e9-0af928820d20","deliveryTimeStart":"2020-06-10T20:26:13.611534Z","deliveryTimeEnd":"2020-06-10T20:41:13.611534Z","closesAt":"2020-06-10T19:26:13.611534Z","period":"MINUTES15","productStatus":"OPEN","user":null,"latestSellOrder":null,"latestBuyOrder":null,"marketCode":"CY","hasOrders":false,"totalOrders":0}
    Forwarded URL = null
   Redirected URL = null
          Cookies = []

MockHttpServletRequest:
      HTTP Method = POST
      Request URI = /modules/market/products
       Parameters = {}
          Headers = [Content-Type:"application/json", "application/json", Authorization:"Bearer eyJhbGciOiJIUzI1NiJ9.eyJqdGkiOiI3MzUwOGQ1MS1hYjllLTQ0NjMtOGYyYS1mZWJmNTk2N2I5ZjciLCJpYXQiOjE1OTE3OTU2MzIsInN1YiI6ImFkbWluIiwiaXNzIjoiZmxleGl0cmFuc3RvcmUuZXUiLCJleHAiOjE1OTE4ODIwMzIsInVzZXJfaWQiOjIwMDB9.EODpXW6mpb961TV_TVPJCK9GtpkV6SOJVUB5LqYzb7w"]
             Body = <no character encoding set>
    Session Attrs = {}

Handler:
             Type = flexi.fegcentral.backend.controllers.data.modules.market.ProductController
           Method = public flexi.fegcentral.backend.dto.data.modules.market.ProductDTO flexi.fegcentral.backend.controllers.data.modules.market.ProductController.create(flexi.fegcentral.backend.dto.data.modules.market.ProductDTO) throws java.lang.Exception

Async:
    Async started = false
     Async result = null

Resolved Exception:
             Type = null

ModelAndView:
        View name = null
             View = null
            Model = null

FlashMap:
       Attributes = null

MockHttpServletResponse:
           Status = 200
    Error message = null
          Headers = [Content-Type:"application/json;charset=UTF-8"]
     Content type = application/json;charset=UTF-8
             Body = {"id":163,"createdOn":"2020-06-10T13:27:13.629534400Z","createdBy":"","name":"99b103e0-01a1-42e9-bac4-c61a5dad766d","deliveryTimeStart":"2020-06-10T17:47:13.625534400Z","deliveryTimeEnd":"2020-06-10T18:02:13.625534400Z","closesAt":"2020-06-10T16:47:13.625534400Z","period":"MINUTES15","productStatus":"OPEN","user":null,"latestSellOrder":null,"latestBuyOrder":null,"marketCode":"CY","hasOrders":false,"totalOrders":0}
    Forwarded URL = null
   Redirected URL = null
          Cookies = []

MockHttpServletRequest:
      HTTP Method = POST
      Request URI = /modules/market/products
       Parameters = {}
          Headers = [Content-Type:"application/json", "application/json", Authorization:"Bearer eyJhbGciOiJIUzI1NiJ9.eyJqdGkiOiI3MzUwOGQ1MS1hYjllLTQ0NjMtOGYyYS1mZWJmNTk2N2I5ZjciLCJpYXQiOjE1OTE3OTU2MzIsInN1YiI6ImFkbWluIiwiaXNzIjoiZmxleGl0cmFuc3RvcmUuZXUiLCJleHAiOjE1OTE4ODIwMzIsInVzZXJfaWQiOjIwMDB9.EODpXW6mpb961TV_TVPJCK9GtpkV6SOJVUB5LqYzb7w"]
             Body = <no character encoding set>
    Session Attrs = {}

Handler:
             Type = flexi.fegcentral.backend.controllers.data.modules.market.ProductController
           Method = public flexi.fegcentral.backend.dto.data.modules.market.ProductDTO flexi.fegcentral.backend.controllers.data.modules.market.ProductController.create(flexi.fegcentral.backend.dto.data.modules.market.ProductDTO) throws java.lang.Exception

Async:
    Async started = false
     Async result = null

Resolved Exception:
             Type = null

ModelAndView:
        View name = null
             View = null
            Model = null

FlashMap:
       Attributes = null

MockHttpServletResponse:
           Status = 200
    Error message = null
          Headers = [Content-Type:"application/json;charset=UTF-8"]
     Content type = application/json;charset=UTF-8
             Body = {"id":164,"createdOn":"2020-06-10T13:27:13.644533200Z","createdBy":"","name":"d830fbec-24f9-4021-8244-25c87bd90367","deliveryTimeStart":"2020-06-10T21:17:13.640536100Z","deliveryTimeEnd":"2020-06-10T21:32:13.640536100Z","closesAt":"2020-06-10T20:17:13.640536100Z","period":"MINUTES15","productStatus":"OPEN","user":null,"latestSellOrder":null,"latestBuyOrder":null,"marketCode":"CY","hasOrders":false,"totalOrders":0}
    Forwarded URL = null
   Redirected URL = null
          Cookies = []

MockHttpServletRequest:
      HTTP Method = POST
      Request URI = /modules/market/products
       Parameters = {}
          Headers = [Content-Type:"application/json", "application/json", Authorization:"Bearer eyJhbGciOiJIUzI1NiJ9.eyJqdGkiOiI3MzUwOGQ1MS1hYjllLTQ0NjMtOGYyYS1mZWJmNTk2N2I5ZjciLCJpYXQiOjE1OTE3OTU2MzIsInN1YiI6ImFkbWluIiwiaXNzIjoiZmxleGl0cmFuc3RvcmUuZXUiLCJleHAiOjE1OTE4ODIwMzIsInVzZXJfaWQiOjIwMDB9.EODpXW6mpb961TV_TVPJCK9GtpkV6SOJVUB5LqYzb7w"]
             Body = <no character encoding set>
    Session Attrs = {}

Handler:
             Type = flexi.fegcentral.backend.controllers.data.modules.market.ProductController
           Method = public flexi.fegcentral.backend.dto.data.modules.market.ProductDTO flexi.fegcentral.backend.controllers.data.modules.market.ProductController.create(flexi.fegcentral.backend.dto.data.modules.market.ProductDTO) throws java.lang.Exception

Async:
    Async started = false
     Async result = null

Resolved Exception:
             Type = null

ModelAndView:
        View name = null
             View = null
            Model = null

FlashMap:
       Attributes = null

MockHttpServletResponse:
           Status = 200
    Error message = null
          Headers = [Content-Type:"application/json;charset=UTF-8"]
     Content type = application/json;charset=UTF-8
             Body = {"id":165,"createdOn":"2020-06-10T13:27:13.687534700Z","createdBy":"","name":"52c3419d-fd2c-42fd-9f4c-76c4f5390324","deliveryTimeStart":"2020-06-10T20:09:13.683533300Z","deliveryTimeEnd":"2020-06-10T20:24:13.683533300Z","closesAt":"2020-06-10T19:09:13.683533300Z","period":"MINUTES15","productStatus":"OPEN","user":null,"latestSellOrder":null,"latestBuyOrder":null,"marketCode":"CY","hasOrders":false,"totalOrders":0}
    Forwarded URL = null
   Redirected URL = null
          Cookies = []

MockHttpServletRequest:
      HTTP Method = POST
      Request URI = /modules/market/products
       Parameters = {}
          Headers = [Content-Type:"application/json", "application/json", Authorization:"Bearer eyJhbGciOiJIUzI1NiJ9.eyJqdGkiOiI3MzUwOGQ1MS1hYjllLTQ0NjMtOGYyYS1mZWJmNTk2N2I5ZjciLCJpYXQiOjE1OTE3OTU2MzIsInN1YiI6ImFkbWluIiwiaXNzIjoiZmxleGl0cmFuc3RvcmUuZXUiLCJleHAiOjE1OTE4ODIwMzIsInVzZXJfaWQiOjIwMDB9.EODpXW6mpb961TV_TVPJCK9GtpkV6SOJVUB5LqYzb7w"]
             Body = <no character encoding set>
    Session Attrs = {}

Handler:
             Type = flexi.fegcentral.backend.controllers.data.modules.market.ProductController
           Method = public flexi.fegcentral.backend.dto.data.modules.market.ProductDTO flexi.fegcentral.backend.controllers.data.modules.market.ProductController.create(flexi.fegcentral.backend.dto.data.modules.market.ProductDTO) throws java.lang.Exception

Async:
    Async started = false
     Async result = null

Resolved Exception:
             Type = null

ModelAndView:
        View name = null
             View = null
            Model = null

FlashMap:
       Attributes = null

MockHttpServletResponse:
           Status = 200
    Error message = null
          Headers = [Content-Type:"application/json;charset=UTF-8"]
     Content type = application/json;charset=UTF-8
             Body = {"id":166,"createdOn":"2020-06-10T13:27:13.710536Z","createdBy":"","name":"092b3753-a80f-40d1-8e87-80f1497e301e","deliveryTimeStart":"2020-06-10T16:52:13.707534300Z","deliveryTimeEnd":"2020-06-10T17:07:13.707534300Z","closesAt":"2020-06-10T15:52:13.707534300Z","period":"MINUTES15","productStatus":"OPEN","user":null,"latestSellOrder":null,"latestBuyOrder":null,"marketCode":"CY","hasOrders":false,"totalOrders":0}
    Forwarded URL = null
   Redirected URL = null
          Cookies = []

MockHttpServletRequest:
      HTTP Method = POST
      Request URI = /modules/market/products
       Parameters = {}
          Headers = [Content-Type:"application/json", "application/json", Authorization:"Bearer eyJhbGciOiJIUzI1NiJ9.eyJqdGkiOiI3MzUwOGQ1MS1hYjllLTQ0NjMtOGYyYS1mZWJmNTk2N2I5ZjciLCJpYXQiOjE1OTE3OTU2MzIsInN1YiI6ImFkbWluIiwiaXNzIjoiZmxleGl0cmFuc3RvcmUuZXUiLCJleHAiOjE1OTE4ODIwMzIsInVzZXJfaWQiOjIwMDB9.EODpXW6mpb961TV_TVPJCK9GtpkV6SOJVUB5LqYzb7w"]
             Body = <no character encoding set>
    Session Attrs = {}

Handler:
             Type = flexi.fegcentral.backend.controllers.data.modules.market.ProductController
           Method = public flexi.fegcentral.backend.dto.data.modules.market.ProductDTO flexi.fegcentral.backend.controllers.data.modules.market.ProductController.create(flexi.fegcentral.backend.dto.data.modules.market.ProductDTO) throws java.lang.Exception

Async:
    Async started = false
     Async result = null

Resolved Exception:
             Type = null

ModelAndView:
        View name = null
             View = null
            Model = null

FlashMap:
       Attributes = null

MockHttpServletResponse:
           Status = 200
    Error message = null
          Headers = [Content-Type:"application/json;charset=UTF-8"]
     Content type = application/json;charset=UTF-8
             Body = {"id":167,"createdOn":"2020-06-10T13:27:13.727535200Z","createdBy":"","name":"1039ac7b-299c-40f3-aee6-7245f297a0cd","deliveryTimeStart":"2020-06-10T16:31:13.724534800Z","deliveryTimeEnd":"2020-06-10T16:46:13.724534800Z","closesAt":"2020-06-10T15:31:13.724534800Z","period":"MINUTES15","productStatus":"OPEN","user":null,"latestSellOrder":null,"latestBuyOrder":null,"marketCode":"CY","hasOrders":false,"totalOrders":0}
    Forwarded URL = null
   Redirected URL = null
          Cookies = []

MockHttpServletRequest:
      HTTP Method = POST
      Request URI = /modules/market/products
       Parameters = {}
          Headers = [Content-Type:"application/json", "application/json", Authorization:"Bearer eyJhbGciOiJIUzI1NiJ9.eyJqdGkiOiI3MzUwOGQ1MS1hYjllLTQ0NjMtOGYyYS1mZWJmNTk2N2I5ZjciLCJpYXQiOjE1OTE3OTU2MzIsInN1YiI6ImFkbWluIiwiaXNzIjoiZmxleGl0cmFuc3RvcmUuZXUiLCJleHAiOjE1OTE4ODIwMzIsInVzZXJfaWQiOjIwMDB9.EODpXW6mpb961TV_TVPJCK9GtpkV6SOJVUB5LqYzb7w"]
             Body = <no character encoding set>
    Session Attrs = {}

Handler:
             Type = flexi.fegcentral.backend.controllers.data.modules.market.ProductController
           Method = public flexi.fegcentral.backend.dto.data.modules.market.ProductDTO flexi.fegcentral.backend.controllers.data.modules.market.ProductController.create(flexi.fegcentral.backend.dto.data.modules.market.ProductDTO) throws java.lang.Exception

Async:
    Async started = false
     Async result = null

Resolved Exception:
             Type = null

ModelAndView:
        View name = null
             View = null
            Model = null

FlashMap:
       Attributes = null

MockHttpServletResponse:
           Status = 200
    Error message = null
          Headers = [Content-Type:"application/json;charset=UTF-8"]
     Content type = application/json;charset=UTF-8
             Body = {"id":168,"createdOn":"2020-06-10T13:27:13.747537900Z","createdBy":"","name":"db4e70d6-d1d8-4301-937e-50b4e35ace4d","deliveryTimeStart":"2020-06-10T21:05:13.744532800Z","deliveryTimeEnd":"2020-06-10T21:20:13.744532800Z","closesAt":"2020-06-10T20:05:13.744532800Z","period":"MINUTES15","productStatus":"OPEN","user":null,"latestSellOrder":null,"latestBuyOrder":null,"marketCode":"CY","hasOrders":false,"totalOrders":0}
    Forwarded URL = null
   Redirected URL = null
          Cookies = []

MockHttpServletRequest:
      HTTP Method = POST
      Request URI = /modules/market/products
       Parameters = {}
          Headers = [Content-Type:"application/json", "application/json", Authorization:"Bearer eyJhbGciOiJIUzI1NiJ9.eyJqdGkiOiI3MzUwOGQ1MS1hYjllLTQ0NjMtOGYyYS1mZWJmNTk2N2I5ZjciLCJpYXQiOjE1OTE3OTU2MzIsInN1YiI6ImFkbWluIiwiaXNzIjoiZmxleGl0cmFuc3RvcmUuZXUiLCJleHAiOjE1OTE4ODIwMzIsInVzZXJfaWQiOjIwMDB9.EODpXW6mpb961TV_TVPJCK9GtpkV6SOJVUB5LqYzb7w"]
             Body = <no character encoding set>
    Session Attrs = {}

Handler:
             Type = flexi.fegcentral.backend.controllers.data.modules.market.ProductController
           Method = public flexi.fegcentral.backend.dto.data.modules.market.ProductDTO flexi.fegcentral.backend.controllers.data.modules.market.ProductController.create(flexi.fegcentral.backend.dto.data.modules.market.ProductDTO) throws java.lang.Exception

Async:
    Async started = false
     Async result = null

Resolved Exception:
             Type = null

ModelAndView:
        View name = null
             View = null
            Model = null

FlashMap:
       Attributes = null

MockHttpServletResponse:
           Status = 200
    Error message = null
          Headers = [Content-Type:"application/json;charset=UTF-8"]
     Content type = application/json;charset=UTF-8
             Body = {"id":169,"createdOn":"2020-06-10T13:27:13.760536100Z","createdBy":"","name":"b56cafd5-3080-40fb-a28d-ec78667663da","deliveryTimeStart":"2020-06-10T17:41:13.757534800Z","deliveryTimeEnd":"2020-06-10T17:56:13.757534800Z","closesAt":"2020-06-10T16:41:13.757534800Z","period":"MINUTES15","productStatus":"OPEN","user":null,"latestSellOrder":null,"latestBuyOrder":null,"marketCode":"CY","hasOrders":false,"totalOrders":0}
    Forwarded URL = null
   Redirected URL = null
          Cookies = []

MockHttpServletRequest:
      HTTP Method = POST
      Request URI = /modules/market/products
       Parameters = {}
          Headers = [Content-Type:"application/json", "application/json", Authorization:"Bearer eyJhbGciOiJIUzI1NiJ9.eyJqdGkiOiI3MzUwOGQ1MS1hYjllLTQ0NjMtOGYyYS1mZWJmNTk2N2I5ZjciLCJpYXQiOjE1OTE3OTU2MzIsInN1YiI6ImFkbWluIiwiaXNzIjoiZmxleGl0cmFuc3RvcmUuZXUiLCJleHAiOjE1OTE4ODIwMzIsInVzZXJfaWQiOjIwMDB9.EODpXW6mpb961TV_TVPJCK9GtpkV6SOJVUB5LqYzb7w"]
             Body = <no character encoding set>
    Session Attrs = {}

Handler:
             Type = flexi.fegcentral.backend.controllers.data.modules.market.ProductController
           Method = public flexi.fegcentral.backend.dto.data.modules.market.ProductDTO flexi.fegcentral.backend.controllers.data.modules.market.ProductController.create(flexi.fegcentral.backend.dto.data.modules.market.ProductDTO) throws java.lang.Exception

Async:
    Async started = false
     Async result = null

Resolved Exception:
             Type = null

ModelAndView:
        View name = null
             View = null
            Model = null

FlashMap:
       Attributes = null

MockHttpServletResponse:
           Status = 200
    Error message = null
          Headers = [Content-Type:"application/json;charset=UTF-8"]
     Content type = application/json;charset=UTF-8
             Body = {"id":170,"createdOn":"2020-06-10T13:27:13.775536Z","createdBy":"","name":"c22fecd5-9256-4f87-9171-ba5bae6aad6e","deliveryTimeStart":"2020-06-10T19:57:13.772533100Z","deliveryTimeEnd":"2020-06-10T20:12:13.772533100Z","closesAt":"2020-06-10T18:57:13.772533100Z","period":"MINUTES15","productStatus":"OPEN","user":null,"latestSellOrder":null,"latestBuyOrder":null,"marketCode":"CY","hasOrders":false,"totalOrders":0}
    Forwarded URL = null
   Redirected URL = null
          Cookies = []

MockHttpServletRequest:
      HTTP Method = POST
      Request URI = /modules/market/products
       Parameters = {}
          Headers = [Content-Type:"application/json", "application/json", Authorization:"Bearer eyJhbGciOiJIUzI1NiJ9.eyJqdGkiOiI3MzUwOGQ1MS1hYjllLTQ0NjMtOGYyYS1mZWJmNTk2N2I5ZjciLCJpYXQiOjE1OTE3OTU2MzIsInN1YiI6ImFkbWluIiwiaXNzIjoiZmxleGl0cmFuc3RvcmUuZXUiLCJleHAiOjE1OTE4ODIwMzIsInVzZXJfaWQiOjIwMDB9.EODpXW6mpb961TV_TVPJCK9GtpkV6SOJVUB5LqYzb7w"]
             Body = <no character encoding set>
    Session Attrs = {}

Handler:
             Type = flexi.fegcentral.backend.controllers.data.modules.market.ProductController
           Method = public flexi.fegcentral.backend.dto.data.modules.market.ProductDTO flexi.fegcentral.backend.controllers.data.modules.market.ProductController.create(flexi.fegcentral.backend.dto.data.modules.market.ProductDTO) throws java.lang.Exception

Async:
    Async started = false
     Async result = null

Resolved Exception:
             Type = null

ModelAndView:
        View name = null
             View = null
            Model = null

FlashMap:
       Attributes = null

MockHttpServletResponse:
           Status = 200
    Error message = null
          Headers = [Content-Type:"application/json;charset=UTF-8"]
     Content type = application/json;charset=UTF-8
             Body = {"id":171,"createdOn":"2020-06-10T13:27:13.788534300Z","createdBy":"","name":"6e9f8a7e-6568-49a9-8dbd-f6e4677dc6cb","deliveryTimeStart":"2020-06-10T18:46:13.785534700Z","deliveryTimeEnd":"2020-06-10T19:01:13.785534700Z","closesAt":"2020-06-10T17:46:13.785534700Z","period":"MINUTES15","productStatus":"OPEN","user":null,"latestSellOrder":null,"latestBuyOrder":null,"marketCode":"CY","hasOrders":false,"totalOrders":0}
    Forwarded URL = null
   Redirected URL = null
          Cookies = []

MockHttpServletRequest:
      HTTP Method = POST
      Request URI = /modules/market/products
       Parameters = {}
          Headers = [Content-Type:"application/json", "application/json", Authorization:"Bearer eyJhbGciOiJIUzI1NiJ9.eyJqdGkiOiI3MzUwOGQ1MS1hYjllLTQ0NjMtOGYyYS1mZWJmNTk2N2I5ZjciLCJpYXQiOjE1OTE3OTU2MzIsInN1YiI6ImFkbWluIiwiaXNzIjoiZmxleGl0cmFuc3RvcmUuZXUiLCJleHAiOjE1OTE4ODIwMzIsInVzZXJfaWQiOjIwMDB9.EODpXW6mpb961TV_TVPJCK9GtpkV6SOJVUB5LqYzb7w"]
             Body = <no character encoding set>
    Session Attrs = {}

Handler:
             Type = flexi.fegcentral.backend.controllers.data.modules.market.ProductController
           Method = public flexi.fegcentral.backend.dto.data.modules.market.ProductDTO flexi.fegcentral.backend.controllers.data.modules.market.ProductController.create(flexi.fegcentral.backend.dto.data.modules.market.ProductDTO) throws java.lang.Exception

Async:
    Async started = false
     Async result = null

Resolved Exception:
             Type = null

ModelAndView:
        View name = null
             View = null
            Model = null

FlashMap:
       Attributes = null

MockHttpServletResponse:
           Status = 200
    Error message = null
          Headers = [Content-Type:"application/json;charset=UTF-8"]
     Content type = application/json;charset=UTF-8
             Body = {"id":172,"createdOn":"2020-06-10T13:27:13.802534100Z","createdBy":"","name":"84db43ff-598f-48da-9bee-9bcc36a3aa3f","deliveryTimeStart":"2020-06-10T17:58:13.798533300Z","deliveryTimeEnd":"2020-06-10T18:13:13.798533300Z","closesAt":"2020-06-10T16:58:13.798533300Z","period":"MINUTES15","productStatus":"OPEN","user":null,"latestSellOrder":null,"latestBuyOrder":null,"marketCode":"CY","hasOrders":false,"totalOrders":0}
    Forwarded URL = null
   Redirected URL = null
          Cookies = []

MockHttpServletRequest:
      HTTP Method = POST
      Request URI = /modules/market/products
       Parameters = {}
          Headers = [Content-Type:"application/json", "application/json", Authorization:"Bearer eyJhbGciOiJIUzI1NiJ9.eyJqdGkiOiI3MzUwOGQ1MS1hYjllLTQ0NjMtOGYyYS1mZWJmNTk2N2I5ZjciLCJpYXQiOjE1OTE3OTU2MzIsInN1YiI6ImFkbWluIiwiaXNzIjoiZmxleGl0cmFuc3RvcmUuZXUiLCJleHAiOjE1OTE4ODIwMzIsInVzZXJfaWQiOjIwMDB9.EODpXW6mpb961TV_TVPJCK9GtpkV6SOJVUB5LqYzb7w"]
             Body = <no character encoding set>
    Session Attrs = {}

Handler:
             Type = flexi.fegcentral.backend.controllers.data.modules.market.ProductController
           Method = public flexi.fegcentral.backend.dto.data.modules.market.ProductDTO flexi.fegcentral.backend.controllers.data.modules.market.ProductController.create(flexi.fegcentral.backend.dto.data.modules.market.ProductDTO) throws java.lang.Exception

Async:
    Async started = false
     Async result = null

Resolved Exception:
             Type = null

ModelAndView:
        View name = null
             View = null
            Model = null

FlashMap:
       Attributes = null

MockHttpServletResponse:
           Status = 200
    Error message = null
          Headers = [Content-Type:"application/json;charset=UTF-8"]
     Content type = application/json;charset=UTF-8
             Body = {"id":173,"createdOn":"2020-06-10T13:27:13.815534300Z","createdBy":"","name":"3f7632cd-23db-4d0a-b000-744103022c98","deliveryTimeStart":"2020-06-10T21:13:13.812534300Z","deliveryTimeEnd":"2020-06-10T21:28:13.812534300Z","closesAt":"2020-06-10T20:13:13.812534300Z","period":"MINUTES15","productStatus":"OPEN","user":null,"latestSellOrder":null,"latestBuyOrder":null,"marketCode":"CY","hasOrders":false,"totalOrders":0}
    Forwarded URL = null
   Redirected URL = null
          Cookies = []

MockHttpServletRequest:
      HTTP Method = POST
      Request URI = /modules/market/products
       Parameters = {}
          Headers = [Content-Type:"application/json", "application/json", Authorization:"Bearer eyJhbGciOiJIUzI1NiJ9.eyJqdGkiOiI3MzUwOGQ1MS1hYjllLTQ0NjMtOGYyYS1mZWJmNTk2N2I5ZjciLCJpYXQiOjE1OTE3OTU2MzIsInN1YiI6ImFkbWluIiwiaXNzIjoiZmxleGl0cmFuc3RvcmUuZXUiLCJleHAiOjE1OTE4ODIwMzIsInVzZXJfaWQiOjIwMDB9.EODpXW6mpb961TV_TVPJCK9GtpkV6SOJVUB5LqYzb7w"]
             Body = <no character encoding set>
    Session Attrs = {}

Handler:
             Type = flexi.fegcentral.backend.controllers.data.modules.market.ProductController
           Method = public flexi.fegcentral.backend.dto.data.modules.market.ProductDTO flexi.fegcentral.backend.controllers.data.modules.market.ProductController.create(flexi.fegcentral.backend.dto.data.modules.market.ProductDTO) throws java.lang.Exception

Async:
    Async started = false
     Async result = null

Resolved Exception:
             Type = null

ModelAndView:
        View name = null
             View = null
            Model = null

FlashMap:
       Attributes = null

MockHttpServletResponse:
           Status = 200
    Error message = null
          Headers = [Content-Type:"application/json;charset=UTF-8"]
     Content type = application/json;charset=UTF-8
             Body = {"id":174,"createdOn":"2020-06-10T13:27:13.840533400Z","createdBy":"","name":"e162b912-3645-44e2-977c-258cb35abed6","deliveryTimeStart":"2020-06-10T21:09:13.837533700Z","deliveryTimeEnd":"2020-06-10T21:24:13.837533700Z","closesAt":"2020-06-10T20:09:13.837533700Z","period":"MINUTES15","productStatus":"OPEN","user":null,"latestSellOrder":null,"latestBuyOrder":null,"marketCode":"CY","hasOrders":false,"totalOrders":0}
    Forwarded URL = null
   Redirected URL = null
          Cookies = []

MockHttpServletRequest:
      HTTP Method = POST
      Request URI = /modules/market/products
       Parameters = {}
          Headers = [Content-Type:"application/json", "application/json", Authorization:"Bearer eyJhbGciOiJIUzI1NiJ9.eyJqdGkiOiI3MzUwOGQ1MS1hYjllLTQ0NjMtOGYyYS1mZWJmNTk2N2I5ZjciLCJpYXQiOjE1OTE3OTU2MzIsInN1YiI6ImFkbWluIiwiaXNzIjoiZmxleGl0cmFuc3RvcmUuZXUiLCJleHAiOjE1OTE4ODIwMzIsInVzZXJfaWQiOjIwMDB9.EODpXW6mpb961TV_TVPJCK9GtpkV6SOJVUB5LqYzb7w"]
             Body = <no character encoding set>
    Session Attrs = {}

Handler:
             Type = flexi.fegcentral.backend.controllers.data.modules.market.ProductController
           Method = public flexi.fegcentral.backend.dto.data.modules.market.ProductDTO flexi.fegcentral.backend.controllers.data.modules.market.ProductController.create(flexi.fegcentral.backend.dto.data.modules.market.ProductDTO) throws java.lang.Exception

Async:
    Async started = false
     Async result = null

Resolved Exception:
             Type = null

ModelAndView:
        View name = null
             View = null
            Model = null

FlashMap:
       Attributes = null

MockHttpServletResponse:
           Status = 200
    Error message = null
          Headers = [Content-Type:"application/json;charset=UTF-8"]
     Content type = application/json;charset=UTF-8
             Body = {"id":175,"createdOn":"2020-06-10T13:27:13.887534500Z","createdBy":"","name":"254c9690-3a05-4c7d-96e2-2ebaa1adfebb","deliveryTimeStart":"2020-06-10T16:37:13.884533500Z","deliveryTimeEnd":"2020-06-10T16:52:13.884533500Z","closesAt":"2020-06-10T15:37:13.884533500Z","period":"MINUTES15","productStatus":"OPEN","user":null,"latestSellOrder":null,"latestBuyOrder":null,"marketCode":"CY","hasOrders":false,"totalOrders":0}
    Forwarded URL = null
   Redirected URL = null
          Cookies = []

MockHttpServletRequest:
      HTTP Method = POST
      Request URI = /modules/market/products
       Parameters = {}
          Headers = [Content-Type:"application/json", "application/json", Authorization:"Bearer eyJhbGciOiJIUzI1NiJ9.eyJqdGkiOiI3MzUwOGQ1MS1hYjllLTQ0NjMtOGYyYS1mZWJmNTk2N2I5ZjciLCJpYXQiOjE1OTE3OTU2MzIsInN1YiI6ImFkbWluIiwiaXNzIjoiZmxleGl0cmFuc3RvcmUuZXUiLCJleHAiOjE1OTE4ODIwMzIsInVzZXJfaWQiOjIwMDB9.EODpXW6mpb961TV_TVPJCK9GtpkV6SOJVUB5LqYzb7w"]
             Body = <no character encoding set>
    Session Attrs = {}

Handler:
             Type = flexi.fegcentral.backend.controllers.data.modules.market.ProductController
           Method = public flexi.fegcentral.backend.dto.data.modules.market.ProductDTO flexi.fegcentral.backend.controllers.data.modules.market.ProductController.create(flexi.fegcentral.backend.dto.data.modules.market.ProductDTO) throws java.lang.Exception

Async:
    Async started = false
     Async result = null

Resolved Exception:
             Type = null

ModelAndView:
        View name = null
             View = null
            Model = null

FlashMap:
       Attributes = null

MockHttpServletResponse:
           Status = 200
    Error message = null
          Headers = [Content-Type:"application/json;charset=UTF-8"]
     Content type = application/json;charset=UTF-8
             Body = {"id":176,"createdOn":"2020-06-10T13:27:13.899533800Z","createdBy":"","name":"34fd77c6-6304-437a-bf5e-690dd8e80158","deliveryTimeStart":"2020-06-10T17:57:13.896532800Z","deliveryTimeEnd":"2020-06-10T18:12:13.896532800Z","closesAt":"2020-06-10T16:57:13.896532800Z","period":"MINUTES15","productStatus":"OPEN","user":null,"latestSellOrder":null,"latestBuyOrder":null,"marketCode":"CY","hasOrders":false,"totalOrders":0}
    Forwarded URL = null
   Redirected URL = null
          Cookies = []

MockHttpServletRequest:
      HTTP Method = POST
      Request URI = /modules/market/products
       Parameters = {}
          Headers = [Content-Type:"application/json", "application/json", Authorization:"Bearer eyJhbGciOiJIUzI1NiJ9.eyJqdGkiOiI3MzUwOGQ1MS1hYjllLTQ0NjMtOGYyYS1mZWJmNTk2N2I5ZjciLCJpYXQiOjE1OTE3OTU2MzIsInN1YiI6ImFkbWluIiwiaXNzIjoiZmxleGl0cmFuc3RvcmUuZXUiLCJleHAiOjE1OTE4ODIwMzIsInVzZXJfaWQiOjIwMDB9.EODpXW6mpb961TV_TVPJCK9GtpkV6SOJVUB5LqYzb7w"]
             Body = <no character encoding set>
    Session Attrs = {}

Handler:
             Type = flexi.fegcentral.backend.controllers.data.modules.market.ProductController
           Method = public flexi.fegcentral.backend.dto.data.modules.market.ProductDTO flexi.fegcentral.backend.controllers.data.modules.market.ProductController.create(flexi.fegcentral.backend.dto.data.modules.market.ProductDTO) throws java.lang.Exception

Async:
    Async started = false
     Async result = null

Resolved Exception:
             Type = null

ModelAndView:
        View name = null
             View = null
            Model = null

FlashMap:
       Attributes = null

MockHttpServletResponse:
           Status = 200
    Error message = null
          Headers = [Content-Type:"application/json;charset=UTF-8"]
     Content type = application/json;charset=UTF-8
             Body = {"id":177,"createdOn":"2020-06-10T13:27:13.926533400Z","createdBy":"","name":"4e522b63-a2fb-40cb-ab7d-e39cced74d95","deliveryTimeStart":"2020-06-10T17:28:13.923532900Z","deliveryTimeEnd":"2020-06-10T17:43:13.923532900Z","closesAt":"2020-06-10T16:28:13.923532900Z","period":"MINUTES15","productStatus":"OPEN","user":null,"latestSellOrder":null,"latestBuyOrder":null,"marketCode":"CY","hasOrders":false,"totalOrders":0}
    Forwarded URL = null
   Redirected URL = null
          Cookies = []

MockHttpServletRequest:
      HTTP Method = POST
      Request URI = /modules/market/products
       Parameters = {}
          Headers = [Content-Type:"application/json", "application/json", Authorization:"Bearer eyJhbGciOiJIUzI1NiJ9.eyJqdGkiOiI3MzUwOGQ1MS1hYjllLTQ0NjMtOGYyYS1mZWJmNTk2N2I5ZjciLCJpYXQiOjE1OTE3OTU2MzIsInN1YiI6ImFkbWluIiwiaXNzIjoiZmxleGl0cmFuc3RvcmUuZXUiLCJleHAiOjE1OTE4ODIwMzIsInVzZXJfaWQiOjIwMDB9.EODpXW6mpb961TV_TVPJCK9GtpkV6SOJVUB5LqYzb7w"]
             Body = <no character encoding set>
    Session Attrs = {}

Handler:
             Type = flexi.fegcentral.backend.controllers.data.modules.market.ProductController
           Method = public flexi.fegcentral.backend.dto.data.modules.market.ProductDTO flexi.fegcentral.backend.controllers.data.modules.market.ProductController.create(flexi.fegcentral.backend.dto.data.modules.market.ProductDTO) throws java.lang.Exception

Async:
    Async started = false
     Async result = null

Resolved Exception:
             Type = null

ModelAndView:
        View name = null
             View = null
            Model = null

FlashMap:
       Attributes = null

MockHttpServletResponse:
           Status = 200
    Error message = null
          Headers = [Content-Type:"application/json;charset=UTF-8"]
     Content type = application/json;charset=UTF-8
             Body = {"id":178,"createdOn":"2020-06-10T13:27:13.940532900Z","createdBy":"","name":"fbee7330-8c0b-465e-962c-9c2a9fddb0d0","deliveryTimeStart":"2020-06-10T21:40:13.937534200Z","deliveryTimeEnd":"2020-06-10T21:55:13.937534200Z","closesAt":"2020-06-10T20:40:13.937534200Z","period":"MINUTES15","productStatus":"OPEN","user":null,"latestSellOrder":null,"latestBuyOrder":null,"marketCode":"CY","hasOrders":false,"totalOrders":0}
    Forwarded URL = null
   Redirected URL = null
          Cookies = []

MockHttpServletRequest:
      HTTP Method = POST
      Request URI = /modules/market/products
       Parameters = {}
          Headers = [Content-Type:"application/json", "application/json", Authorization:"Bearer eyJhbGciOiJIUzI1NiJ9.eyJqdGkiOiI3MzUwOGQ1MS1hYjllLTQ0NjMtOGYyYS1mZWJmNTk2N2I5ZjciLCJpYXQiOjE1OTE3OTU2MzIsInN1YiI6ImFkbWluIiwiaXNzIjoiZmxleGl0cmFuc3RvcmUuZXUiLCJleHAiOjE1OTE4ODIwMzIsInVzZXJfaWQiOjIwMDB9.EODpXW6mpb961TV_TVPJCK9GtpkV6SOJVUB5LqYzb7w"]
             Body = <no character encoding set>
    Session Attrs = {}

Handler:
             Type = flexi.fegcentral.backend.controllers.data.modules.market.ProductController
           Method = public flexi.fegcentral.backend.dto.data.modules.market.ProductDTO flexi.fegcentral.backend.controllers.data.modules.market.ProductController.create(flexi.fegcentral.backend.dto.data.modules.market.ProductDTO) throws java.lang.Exception

Async:
    Async started = false
     Async result = null

Resolved Exception:
             Type = null

ModelAndView:
        View name = null
             View = null
            Model = null

FlashMap:
       Attributes = null

MockHttpServletResponse:
           Status = 200
    Error message = null
          Headers = [Content-Type:"application/json;charset=UTF-8"]
     Content type = application/json;charset=UTF-8
             Body = {"id":179,"createdOn":"2020-06-10T13:27:13.950531800Z","createdBy":"","name":"9f66dd7a-cd7f-4e70-96e9-de5ee8138c0e","deliveryTimeStart":"2020-06-10T22:18:13.947533500Z","deliveryTimeEnd":"2020-06-10T22:33:13.947533500Z","closesAt":"2020-06-10T21:18:13.947533500Z","period":"MINUTES15","productStatus":"OPEN","user":null,"latestSellOrder":null,"latestBuyOrder":null,"marketCode":"CY","hasOrders":false,"totalOrders":0}
    Forwarded URL = null
   Redirected URL = null
          Cookies = []

MockHttpServletRequest:
      HTTP Method = POST
      Request URI = /modules/market/products
       Parameters = {}
          Headers = [Content-Type:"application/json", "application/json", Authorization:"Bearer eyJhbGciOiJIUzI1NiJ9.eyJqdGkiOiI3MzUwOGQ1MS1hYjllLTQ0NjMtOGYyYS1mZWJmNTk2N2I5ZjciLCJpYXQiOjE1OTE3OTU2MzIsInN1YiI6ImFkbWluIiwiaXNzIjoiZmxleGl0cmFuc3RvcmUuZXUiLCJleHAiOjE1OTE4ODIwMzIsInVzZXJfaWQiOjIwMDB9.EODpXW6mpb961TV_TVPJCK9GtpkV6SOJVUB5LqYzb7w"]
             Body = <no character encoding set>
    Session Attrs = {}

Handler:
             Type = flexi.fegcentral.backend.controllers.data.modules.market.ProductController
           Method = public flexi.fegcentral.backend.dto.data.modules.market.ProductDTO flexi.fegcentral.backend.controllers.data.modules.market.ProductController.create(flexi.fegcentral.backend.dto.data.modules.market.ProductDTO) throws java.lang.Exception

Async:
    Async started = false
     Async result = null

Resolved Exception:
             Type = null

ModelAndView:
        View name = null
             View = null
            Model = null

FlashMap:
       Attributes = null

MockHttpServletResponse:
           Status = 200
    Error message = null
          Headers = [Content-Type:"application/json;charset=UTF-8"]
     Content type = application/json;charset=UTF-8
             Body = {"id":180,"createdOn":"2020-06-10T13:27:13.973533200Z","createdBy":"","name":"10f88703-de83-4b96-ac12-a6c13f24b922","deliveryTimeStart":"2020-06-10T16:57:13.970532700Z","deliveryTimeEnd":"2020-06-10T17:12:13.970532700Z","closesAt":"2020-06-10T15:57:13.970532700Z","period":"MINUTES15","productStatus":"OPEN","user":null,"latestSellOrder":null,"latestBuyOrder":null,"marketCode":"CY","hasOrders":false,"totalOrders":0}
    Forwarded URL = null
   Redirected URL = null
          Cookies = []

MockHttpServletRequest:
      HTTP Method = POST
      Request URI = /modules/market/products
       Parameters = {}
          Headers = [Content-Type:"application/json", "application/json", Authorization:"Bearer eyJhbGciOiJIUzI1NiJ9.eyJqdGkiOiI3MzUwOGQ1MS1hYjllLTQ0NjMtOGYyYS1mZWJmNTk2N2I5ZjciLCJpYXQiOjE1OTE3OTU2MzIsInN1YiI6ImFkbWluIiwiaXNzIjoiZmxleGl0cmFuc3RvcmUuZXUiLCJleHAiOjE1OTE4ODIwMzIsInVzZXJfaWQiOjIwMDB9.EODpXW6mpb961TV_TVPJCK9GtpkV6SOJVUB5LqYzb7w"]
             Body = <no character encoding set>
    Session Attrs = {}

Handler:
             Type = flexi.fegcentral.backend.controllers.data.modules.market.ProductController
           Method = public flexi.fegcentral.backend.dto.data.modules.market.ProductDTO flexi.fegcentral.backend.controllers.data.modules.market.ProductController.create(flexi.fegcentral.backend.dto.data.modules.market.ProductDTO) throws java.lang.Exception

Async:
    Async started = false
     Async result = null

Resolved Exception:
             Type = null

ModelAndView:
        View name = null
             View = null
            Model = null

FlashMap:
       Attributes = null

MockHttpServletResponse:
           Status = 200
    Error message = null
          Headers = [Content-Type:"application/json;charset=UTF-8"]
     Content type = application/json;charset=UTF-8
             Body = {"id":181,"createdOn":"2020-06-10T13:27:13.993533Z","createdBy":"","name":"8fcb2f88-3129-47f6-8785-0d09949e0fab","deliveryTimeStart":"2020-06-10T20:11:13.987534100Z","deliveryTimeEnd":"2020-06-10T20:26:13.987534100Z","closesAt":"2020-06-10T19:11:13.987534100Z","period":"MINUTES15","productStatus":"OPEN","user":null,"latestSellOrder":null,"latestBuyOrder":null,"marketCode":"CY","hasOrders":false,"totalOrders":0}
    Forwarded URL = null
   Redirected URL = null
          Cookies = []

MockHttpServletRequest:
      HTTP Method = POST
      Request URI = /modules/market/products
       Parameters = {}
          Headers = [Content-Type:"application/json", "application/json", Authorization:"Bearer eyJhbGciOiJIUzI1NiJ9.eyJqdGkiOiI3MzUwOGQ1MS1hYjllLTQ0NjMtOGYyYS1mZWJmNTk2N2I5ZjciLCJpYXQiOjE1OTE3OTU2MzIsInN1YiI6ImFkbWluIiwiaXNzIjoiZmxleGl0cmFuc3RvcmUuZXUiLCJleHAiOjE1OTE4ODIwMzIsInVzZXJfaWQiOjIwMDB9.EODpXW6mpb961TV_TVPJCK9GtpkV6SOJVUB5LqYzb7w"]
             Body = <no character encoding set>
    Session Attrs = {}

Handler:
             Type = flexi.fegcentral.backend.controllers.data.modules.market.ProductController
           Method = public flexi.fegcentral.backend.dto.data.modules.market.ProductDTO flexi.fegcentral.backend.controllers.data.modules.market.ProductController.create(flexi.fegcentral.backend.dto.data.modules.market.ProductDTO) throws java.lang.Exception

Async:
    Async started = false
     Async result = null

Resolved Exception:
             Type = null

ModelAndView:
        View name = null
             View = null
            Model = null

FlashMap:
       Attributes = null

MockHttpServletResponse:
           Status = 200
    Error message = null
          Headers = [Content-Type:"application/json;charset=UTF-8"]
     Content type = application/json;charset=UTF-8
             Body = {"id":182,"createdOn":"2020-06-10T13:27:14.009533900Z","createdBy":"","name":"72956b82-8e48-44c3-a277-e98bb6acd8d2","deliveryTimeStart":"2020-06-10T19:05:14.005535400Z","deliveryTimeEnd":"2020-06-10T19:20:14.005535400Z","closesAt":"2020-06-10T18:05:14.005535400Z","period":"MINUTES15","productStatus":"OPEN","user":null,"latestSellOrder":null,"latestBuyOrder":null,"marketCode":"CY","hasOrders":false,"totalOrders":0}
    Forwarded URL = null
   Redirected URL = null
          Cookies = []

MockHttpServletRequest:
      HTTP Method = POST
      Request URI = /modules/market/products
       Parameters = {}
          Headers = [Content-Type:"application/json", "application/json", Authorization:"Bearer eyJhbGciOiJIUzI1NiJ9.eyJqdGkiOiI3MzUwOGQ1MS1hYjllLTQ0NjMtOGYyYS1mZWJmNTk2N2I5ZjciLCJpYXQiOjE1OTE3OTU2MzIsInN1YiI6ImFkbWluIiwiaXNzIjoiZmxleGl0cmFuc3RvcmUuZXUiLCJleHAiOjE1OTE4ODIwMzIsInVzZXJfaWQiOjIwMDB9.EODpXW6mpb961TV_TVPJCK9GtpkV6SOJVUB5LqYzb7w"]
             Body = <no character encoding set>
    Session Attrs = {}

Handler:
             Type = flexi.fegcentral.backend.controllers.data.modules.market.ProductController
           Method = public flexi.fegcentral.backend.dto.data.modules.market.ProductDTO flexi.fegcentral.backend.controllers.data.modules.market.ProductController.create(flexi.fegcentral.backend.dto.data.modules.market.ProductDTO) throws java.lang.Exception

Async:
    Async started = false
     Async result = null

Resolved Exception:
             Type = null

ModelAndView:
        View name = null
             View = null
            Model = null

FlashMap:
       Attributes = null

MockHttpServletResponse:
           Status = 200
    Error message = null
          Headers = [Content-Type:"application/json;charset=UTF-8"]
     Content type = application/json;charset=UTF-8
             Body = {"id":183,"createdOn":"2020-06-10T13:27:14.025533300Z","createdBy":"","name":"2ac45c75-461c-4f72-9d16-b8f3fd3caaf0","deliveryTimeStart":"2020-06-10T16:29:14.021533Z","deliveryTimeEnd":"2020-06-10T16:44:14.021533Z","closesAt":"2020-06-10T15:29:14.021533Z","period":"MINUTES15","productStatus":"OPEN","user":null,"latestSellOrder":null,"latestBuyOrder":null,"marketCode":"CY","hasOrders":false,"totalOrders":0}
    Forwarded URL = null
   Redirected URL = null
          Cookies = []

MockHttpServletRequest:
      HTTP Method = POST
      Request URI = /modules/market/products
       Parameters = {}
          Headers = [Content-Type:"application/json", "application/json", Authorization:"Bearer eyJhbGciOiJIUzI1NiJ9.eyJqdGkiOiI3MzUwOGQ1MS1hYjllLTQ0NjMtOGYyYS1mZWJmNTk2N2I5ZjciLCJpYXQiOjE1OTE3OTU2MzIsInN1YiI6ImFkbWluIiwiaXNzIjoiZmxleGl0cmFuc3RvcmUuZXUiLCJleHAiOjE1OTE4ODIwMzIsInVzZXJfaWQiOjIwMDB9.EODpXW6mpb961TV_TVPJCK9GtpkV6SOJVUB5LqYzb7w"]
             Body = <no character encoding set>
    Session Attrs = {}

Handler:
             Type = flexi.fegcentral.backend.controllers.data.modules.market.ProductController
           Method = public flexi.fegcentral.backend.dto.data.modules.market.ProductDTO flexi.fegcentral.backend.controllers.data.modules.market.ProductController.create(flexi.fegcentral.backend.dto.data.modules.market.ProductDTO) throws java.lang.Exception

Async:
    Async started = false
     Async result = null

Resolved Exception:
             Type = null

ModelAndView:
        View name = null
             View = null
            Model = null

FlashMap:
       Attributes = null

MockHttpServletResponse:
           Status = 200
    Error message = null
          Headers = [Content-Type:"application/json;charset=UTF-8"]
     Content type = application/json;charset=UTF-8
             Body = {"id":184,"createdOn":"2020-06-10T13:27:14.047533900Z","createdBy":"","name":"673d7707-854e-4d03-bc97-afc4d8672b16","deliveryTimeStart":"2020-06-10T18:25:14.035533300Z","deliveryTimeEnd":"2020-06-10T18:40:14.035533300Z","closesAt":"2020-06-10T17:25:14.035533300Z","period":"MINUTES15","productStatus":"OPEN","user":null,"latestSellOrder":null,"latestBuyOrder":null,"marketCode":"CY","hasOrders":false,"totalOrders":0}
    Forwarded URL = null
   Redirected URL = null
          Cookies = []

MockHttpServletRequest:
      HTTP Method = POST
      Request URI = /modules/market/products
       Parameters = {}
          Headers = [Content-Type:"application/json", "application/json", Authorization:"Bearer eyJhbGciOiJIUzI1NiJ9.eyJqdGkiOiI3MzUwOGQ1MS1hYjllLTQ0NjMtOGYyYS1mZWJmNTk2N2I5ZjciLCJpYXQiOjE1OTE3OTU2MzIsInN1YiI6ImFkbWluIiwiaXNzIjoiZmxleGl0cmFuc3RvcmUuZXUiLCJleHAiOjE1OTE4ODIwMzIsInVzZXJfaWQiOjIwMDB9.EODpXW6mpb961TV_TVPJCK9GtpkV6SOJVUB5LqYzb7w"]
             Body = <no character encoding set>
    Session Attrs = {}

Handler:
             Type = flexi.fegcentral.backend.controllers.data.modules.market.ProductController
           Method = public flexi.fegcentral.backend.dto.data.modules.market.ProductDTO flexi.fegcentral.backend.controllers.data.modules.market.ProductController.create(flexi.fegcentral.backend.dto.data.modules.market.ProductDTO) throws java.lang.Exception

Async:
    Async started = false
     Async result = null

Resolved Exception:
             Type = null

ModelAndView:
        View name = null
             View = null
            Model = null

FlashMap:
       Attributes = null

MockHttpServletResponse:
           Status = 200
    Error message = null
          Headers = [Content-Type:"application/json;charset=UTF-8"]
     Content type = application/json;charset=UTF-8
             Body = {"id":185,"createdOn":"2020-06-10T13:27:14.059534600Z","createdBy":"","name":"700b3331-90c5-449d-b1b5-8cc8115f6fee","deliveryTimeStart":"2020-06-10T19:10:14.056533400Z","deliveryTimeEnd":"2020-06-10T19:25:14.056533400Z","closesAt":"2020-06-10T18:10:14.056533400Z","period":"MINUTES15","productStatus":"OPEN","user":null,"latestSellOrder":null,"latestBuyOrder":null,"marketCode":"CY","hasOrders":false,"totalOrders":0}
    Forwarded URL = null
   Redirected URL = null
          Cookies = []

MockHttpServletRequest:
      HTTP Method = POST
      Request URI = /modules/market/products
       Parameters = {}
          Headers = [Content-Type:"application/json", "application/json", Authorization:"Bearer eyJhbGciOiJIUzI1NiJ9.eyJqdGkiOiI3MzUwOGQ1MS1hYjllLTQ0NjMtOGYyYS1mZWJmNTk2N2I5ZjciLCJpYXQiOjE1OTE3OTU2MzIsInN1YiI6ImFkbWluIiwiaXNzIjoiZmxleGl0cmFuc3RvcmUuZXUiLCJleHAiOjE1OTE4ODIwMzIsInVzZXJfaWQiOjIwMDB9.EODpXW6mpb961TV_TVPJCK9GtpkV6SOJVUB5LqYzb7w"]
             Body = <no character encoding set>
    Session Attrs = {}

Handler:
             Type = flexi.fegcentral.backend.controllers.data.modules.market.ProductController
           Method = public flexi.fegcentral.backend.dto.data.modules.market.ProductDTO flexi.fegcentral.backend.controllers.data.modules.market.ProductController.create(flexi.fegcentral.backend.dto.data.modules.market.ProductDTO) throws java.lang.Exception

Async:
    Async started = false
     Async result = null

Resolved Exception:
             Type = null

ModelAndView:
        View name = null
             View = null
            Model = null

FlashMap:
       Attributes = null

MockHttpServletResponse:
           Status = 200
    Error message = null
          Headers = [Content-Type:"application/json;charset=UTF-8"]
     Content type = application/json;charset=UTF-8
             Body = {"id":186,"createdOn":"2020-06-10T13:27:14.100532100Z","createdBy":"","name":"6decc92c-c68c-4fe7-bebb-8eebed318e21","deliveryTimeStart":"2020-06-10T16:36:14.068533900Z","deliveryTimeEnd":"2020-06-10T16:51:14.068533900Z","closesAt":"2020-06-10T15:36:14.068533900Z","period":"MINUTES15","productStatus":"OPEN","user":null,"latestSellOrder":null,"latestBuyOrder":null,"marketCode":"CY","hasOrders":false,"totalOrders":0}
    Forwarded URL = null
   Redirected URL = null
          Cookies = []

MockHttpServletRequest:
      HTTP Method = POST
      Request URI = /modules/market/products
       Parameters = {}
          Headers = [Content-Type:"application/json", "application/json", Authorization:"Bearer eyJhbGciOiJIUzI1NiJ9.eyJqdGkiOiI3MzUwOGQ1MS1hYjllLTQ0NjMtOGYyYS1mZWJmNTk2N2I5ZjciLCJpYXQiOjE1OTE3OTU2MzIsInN1YiI6ImFkbWluIiwiaXNzIjoiZmxleGl0cmFuc3RvcmUuZXUiLCJleHAiOjE1OTE4ODIwMzIsInVzZXJfaWQiOjIwMDB9.EODpXW6mpb961TV_TVPJCK9GtpkV6SOJVUB5LqYzb7w"]
             Body = <no character encoding set>
    Session Attrs = {}

Handler:
             Type = flexi.fegcentral.backend.controllers.data.modules.market.ProductController
           Method = public flexi.fegcentral.backend.dto.data.modules.market.ProductDTO flexi.fegcentral.backend.controllers.data.modules.market.ProductController.create(flexi.fegcentral.backend.dto.data.modules.market.ProductDTO) throws java.lang.Exception

Async:
    Async started = false
     Async result = null

Resolved Exception:
             Type = null

ModelAndView:
        View name = null
             View = null
            Model = null

FlashMap:
       Attributes = null

MockHttpServletResponse:
           Status = 200
    Error message = null
          Headers = [Content-Type:"application/json;charset=UTF-8"]
     Content type = application/json;charset=UTF-8
             Body = {"id":187,"createdOn":"2020-06-10T13:27:14.110533400Z","createdBy":"","name":"96f1663b-fff0-4249-b969-1390d5d4e00c","deliveryTimeStart":"2020-06-10T21:06:14.107534Z","deliveryTimeEnd":"2020-06-10T21:21:14.107534Z","closesAt":"2020-06-10T20:06:14.107534Z","period":"MINUTES15","productStatus":"OPEN","user":null,"latestSellOrder":null,"latestBuyOrder":null,"marketCode":"CY","hasOrders":false,"totalOrders":0}
    Forwarded URL = null
   Redirected URL = null
          Cookies = []

MockHttpServletRequest:
      HTTP Method = POST
      Request URI = /modules/market/products
       Parameters = {}
          Headers = [Content-Type:"application/json", "application/json", Authorization:"Bearer eyJhbGciOiJIUzI1NiJ9.eyJqdGkiOiI3MzUwOGQ1MS1hYjllLTQ0NjMtOGYyYS1mZWJmNTk2N2I5ZjciLCJpYXQiOjE1OTE3OTU2MzIsInN1YiI6ImFkbWluIiwiaXNzIjoiZmxleGl0cmFuc3RvcmUuZXUiLCJleHAiOjE1OTE4ODIwMzIsInVzZXJfaWQiOjIwMDB9.EODpXW6mpb961TV_TVPJCK9GtpkV6SOJVUB5LqYzb7w"]
             Body = <no character encoding set>
    Session Attrs = {}

Handler:
             Type = flexi.fegcentral.backend.controllers.data.modules.market.ProductController
           Method = public flexi.fegcentral.backend.dto.data.modules.market.ProductDTO flexi.fegcentral.backend.controllers.data.modules.market.ProductController.create(flexi.fegcentral.backend.dto.data.modules.market.ProductDTO) throws java.lang.Exception

Async:
    Async started = false
     Async result = null

Resolved Exception:
             Type = null

ModelAndView:
        View name = null
             View = null
            Model = null

FlashMap:
       Attributes = null

MockHttpServletResponse:
           Status = 200
    Error message = null
          Headers = [Content-Type:"application/json;charset=UTF-8"]
     Content type = application/json;charset=UTF-8
             Body = {"id":188,"createdOn":"2020-06-10T13:27:14.123532900Z","createdBy":"","name":"16288f2d-9d67-4c24-94f5-498fc76375c0","deliveryTimeStart":"2020-06-10T20:04:14.120534500Z","deliveryTimeEnd":"2020-06-10T20:19:14.120534500Z","closesAt":"2020-06-10T19:04:14.120534500Z","period":"MINUTES15","productStatus":"OPEN","user":null,"latestSellOrder":null,"latestBuyOrder":null,"marketCode":"CY","hasOrders":false,"totalOrders":0}
    Forwarded URL = null
   Redirected URL = null
          Cookies = []

MockHttpServletRequest:
      HTTP Method = POST
      Request URI = /modules/market/products
       Parameters = {}
          Headers = [Content-Type:"application/json", "application/json", Authorization:"Bearer eyJhbGciOiJIUzI1NiJ9.eyJqdGkiOiI3MzUwOGQ1MS1hYjllLTQ0NjMtOGYyYS1mZWJmNTk2N2I5ZjciLCJpYXQiOjE1OTE3OTU2MzIsInN1YiI6ImFkbWluIiwiaXNzIjoiZmxleGl0cmFuc3RvcmUuZXUiLCJleHAiOjE1OTE4ODIwMzIsInVzZXJfaWQiOjIwMDB9.EODpXW6mpb961TV_TVPJCK9GtpkV6SOJVUB5LqYzb7w"]
             Body = <no character encoding set>
    Session Attrs = {}

Handler:
             Type = flexi.fegcentral.backend.controllers.data.modules.market.ProductController
           Method = public flexi.fegcentral.backend.dto.data.modules.market.ProductDTO flexi.fegcentral.backend.controllers.data.modules.market.ProductController.create(flexi.fegcentral.backend.dto.data.modules.market.ProductDTO) throws java.lang.Exception

Async:
    Async started = false
     Async result = null

Resolved Exception:
             Type = null

ModelAndView:
        View name = null
             View = null
            Model = null

FlashMap:
       Attributes = null

MockHttpServletResponse:
           Status = 200
    Error message = null
          Headers = [Content-Type:"application/json;charset=UTF-8"]
     Content type = application/json;charset=UTF-8
             Body = {"id":189,"createdOn":"2020-06-10T13:27:14.138534400Z","createdBy":"","name":"4780b09b-19ef-4ed9-a499-ab0cecb7dd71","deliveryTimeStart":"2020-06-10T17:28:14.135536600Z","deliveryTimeEnd":"2020-06-10T17:43:14.135536600Z","closesAt":"2020-06-10T16:28:14.135536600Z","period":"MINUTES15","productStatus":"OPEN","user":null,"latestSellOrder":null,"latestBuyOrder":null,"marketCode":"CY","hasOrders":false,"totalOrders":0}
    Forwarded URL = null
   Redirected URL = null
          Cookies = []

MockHttpServletRequest:
      HTTP Method = POST
      Request URI = /modules/market/products
       Parameters = {}
          Headers = [Content-Type:"application/json", "application/json", Authorization:"Bearer eyJhbGciOiJIUzI1NiJ9.eyJqdGkiOiI3MzUwOGQ1MS1hYjllLTQ0NjMtOGYyYS1mZWJmNTk2N2I5ZjciLCJpYXQiOjE1OTE3OTU2MzIsInN1YiI6ImFkbWluIiwiaXNzIjoiZmxleGl0cmFuc3RvcmUuZXUiLCJleHAiOjE1OTE4ODIwMzIsInVzZXJfaWQiOjIwMDB9.EODpXW6mpb961TV_TVPJCK9GtpkV6SOJVUB5LqYzb7w"]
             Body = <no character encoding set>
    Session Attrs = {}

Handler:
             Type = flexi.fegcentral.backend.controllers.data.modules.market.ProductController
           Method = public flexi.fegcentral.backend.dto.data.modules.market.ProductDTO flexi.fegcentral.backend.controllers.data.modules.market.ProductController.create(flexi.fegcentral.backend.dto.data.modules.market.ProductDTO) throws java.lang.Exception

Async:
    Async started = false
     Async result = null

Resolved Exception:
             Type = null

ModelAndView:
        View name = null
             View = null
            Model = null

FlashMap:
       Attributes = null

MockHttpServletResponse:
           Status = 200
    Error message = null
          Headers = [Content-Type:"application/json;charset=UTF-8"]
     Content type = application/json;charset=UTF-8
             Body = {"id":190,"createdOn":"2020-06-10T13:27:14.153533200Z","createdBy":"","name":"0e075b8c-111b-49cf-9f4f-e06b44da89b8","deliveryTimeStart":"2020-06-10T22:07:14.149533200Z","deliveryTimeEnd":"2020-06-10T22:22:14.149533200Z","closesAt":"2020-06-10T21:07:14.149533200Z","period":"MINUTES15","productStatus":"OPEN","user":null,"latestSellOrder":null,"latestBuyOrder":null,"marketCode":"CY","hasOrders":false,"totalOrders":0}
    Forwarded URL = null
   Redirected URL = null
          Cookies = []

MockHttpServletRequest:
      HTTP Method = POST
      Request URI = /modules/market/products
       Parameters = {}
          Headers = [Content-Type:"application/json", "application/json", Authorization:"Bearer eyJhbGciOiJIUzI1NiJ9.eyJqdGkiOiI3MzUwOGQ1MS1hYjllLTQ0NjMtOGYyYS1mZWJmNTk2N2I5ZjciLCJpYXQiOjE1OTE3OTU2MzIsInN1YiI6ImFkbWluIiwiaXNzIjoiZmxleGl0cmFuc3RvcmUuZXUiLCJleHAiOjE1OTE4ODIwMzIsInVzZXJfaWQiOjIwMDB9.EODpXW6mpb961TV_TVPJCK9GtpkV6SOJVUB5LqYzb7w"]
             Body = <no character encoding set>
    Session Attrs = {}

Handler:
             Type = flexi.fegcentral.backend.controllers.data.modules.market.ProductController
           Method = public flexi.fegcentral.backend.dto.data.modules.market.ProductDTO flexi.fegcentral.backend.controllers.data.modules.market.ProductController.create(flexi.fegcentral.backend.dto.data.modules.market.ProductDTO) throws java.lang.Exception

Async:
    Async started = false
     Async result = null

Resolved Exception:
             Type = null

ModelAndView:
        View name = null
             View = null
            Model = null

FlashMap:
       Attributes = null

MockHttpServletResponse:
           Status = 200
    Error message = null
          Headers = [Content-Type:"application/json;charset=UTF-8"]
     Content type = application/json;charset=UTF-8
             Body = {"id":191,"createdOn":"2020-06-10T13:27:14.165534600Z","createdBy":"","name":"a6cbb1d3-3b75-49d7-9a32-939cb6a58288","deliveryTimeStart":"2020-06-10T19:57:14.162533700Z","deliveryTimeEnd":"2020-06-10T20:12:14.162533700Z","closesAt":"2020-06-10T18:57:14.162533700Z","period":"MINUTES15","productStatus":"OPEN","user":null,"latestSellOrder":null,"latestBuyOrder":null,"marketCode":"CY","hasOrders":false,"totalOrders":0}
    Forwarded URL = null
   Redirected URL = null
          Cookies = []

MockHttpServletRequest:
      HTTP Method = POST
      Request URI = /modules/market/products
       Parameters = {}
          Headers = [Content-Type:"application/json", "application/json", Authorization:"Bearer eyJhbGciOiJIUzI1NiJ9.eyJqdGkiOiI3MzUwOGQ1MS1hYjllLTQ0NjMtOGYyYS1mZWJmNTk2N2I5ZjciLCJpYXQiOjE1OTE3OTU2MzIsInN1YiI6ImFkbWluIiwiaXNzIjoiZmxleGl0cmFuc3RvcmUuZXUiLCJleHAiOjE1OTE4ODIwMzIsInVzZXJfaWQiOjIwMDB9.EODpXW6mpb961TV_TVPJCK9GtpkV6SOJVUB5LqYzb7w"]
             Body = <no character encoding set>
    Session Attrs = {}

Handler:
             Type = flexi.fegcentral.backend.controllers.data.modules.market.ProductController
           Method = public flexi.fegcentral.backend.dto.data.modules.market.ProductDTO flexi.fegcentral.backend.controllers.data.modules.market.ProductController.create(flexi.fegcentral.backend.dto.data.modules.market.ProductDTO) throws java.lang.Exception

Async:
    Async started = false
     Async result = null

Resolved Exception:
             Type = null

ModelAndView:
        View name = null
             View = null
            Model = null

FlashMap:
       Attributes = null

MockHttpServletResponse:
           Status = 200
    Error message = null
          Headers = [Content-Type:"application/json;charset=UTF-8"]
     Content type = application/json;charset=UTF-8
             Body = {"id":192,"createdOn":"2020-06-10T13:27:14.180533100Z","createdBy":"","name":"3a588e9f-41f8-4156-abe0-88bc98baaebf","deliveryTimeStart":"2020-06-10T17:46:14.176534500Z","deliveryTimeEnd":"2020-06-10T18:01:14.176534500Z","closesAt":"2020-06-10T16:46:14.176534500Z","period":"MINUTES15","productStatus":"OPEN","user":null,"latestSellOrder":null,"latestBuyOrder":null,"marketCode":"CY","hasOrders":false,"totalOrders":0}
    Forwarded URL = null
   Redirected URL = null
          Cookies = []

MockHttpServletRequest:
      HTTP Method = POST
      Request URI = /modules/market/products
       Parameters = {}
          Headers = [Content-Type:"application/json", "application/json", Authorization:"Bearer eyJhbGciOiJIUzI1NiJ9.eyJqdGkiOiI3MzUwOGQ1MS1hYjllLTQ0NjMtOGYyYS1mZWJmNTk2N2I5ZjciLCJpYXQiOjE1OTE3OTU2MzIsInN1YiI6ImFkbWluIiwiaXNzIjoiZmxleGl0cmFuc3RvcmUuZXUiLCJleHAiOjE1OTE4ODIwMzIsInVzZXJfaWQiOjIwMDB9.EODpXW6mpb961TV_TVPJCK9GtpkV6SOJVUB5LqYzb7w"]
             Body = <no character encoding set>
    Session Attrs = {}

Handler:
             Type = flexi.fegcentral.backend.controllers.data.modules.market.ProductController
           Method = public flexi.fegcentral.backend.dto.data.modules.market.ProductDTO flexi.fegcentral.backend.controllers.data.modules.market.ProductController.create(flexi.fegcentral.backend.dto.data.modules.market.ProductDTO) throws java.lang.Exception

Async:
    Async started = false
     Async result = null

Resolved Exception:
             Type = null

ModelAndView:
        View name = null
             View = null
            Model = null

FlashMap:
       Attributes = null

MockHttpServletResponse:
           Status = 200
    Error message = null
          Headers = [Content-Type:"application/json;charset=UTF-8"]
     Content type = application/json;charset=UTF-8
             Body = {"id":193,"createdOn":"2020-06-10T13:27:14.199532700Z","createdBy":"","name":"cdc15cd6-9497-4622-baa9-8e9a8c023bb8","deliveryTimeStart":"2020-06-10T19:33:14.195537200Z","deliveryTimeEnd":"2020-06-10T19:48:14.195537200Z","closesAt":"2020-06-10T18:33:14.195537200Z","period":"MINUTES15","productStatus":"OPEN","user":null,"latestSellOrder":null,"latestBuyOrder":null,"marketCode":"CY","hasOrders":false,"totalOrders":0}
    Forwarded URL = null
   Redirected URL = null
          Cookies = []

MockHttpServletRequest:
      HTTP Method = POST
      Request URI = /modules/market/products
       Parameters = {}
          Headers = [Content-Type:"application/json", "application/json", Authorization:"Bearer eyJhbGciOiJIUzI1NiJ9.eyJqdGkiOiI3MzUwOGQ1MS1hYjllLTQ0NjMtOGYyYS1mZWJmNTk2N2I5ZjciLCJpYXQiOjE1OTE3OTU2MzIsInN1YiI6ImFkbWluIiwiaXNzIjoiZmxleGl0cmFuc3RvcmUuZXUiLCJleHAiOjE1OTE4ODIwMzIsInVzZXJfaWQiOjIwMDB9.EODpXW6mpb961TV_TVPJCK9GtpkV6SOJVUB5LqYzb7w"]
             Body = <no character encoding set>
    Session Attrs = {}

Handler:
             Type = flexi.fegcentral.backend.controllers.data.modules.market.ProductController
           Method = public flexi.fegcentral.backend.dto.data.modules.market.ProductDTO flexi.fegcentral.backend.controllers.data.modules.market.ProductController.create(flexi.fegcentral.backend.dto.data.modules.market.ProductDTO) throws java.lang.Exception

Async:
    Async started = false
     Async result = null

Resolved Exception:
             Type = null

ModelAndView:
        View name = null
             View = null
            Model = null

FlashMap:
       Attributes = null

MockHttpServletResponse:
           Status = 200
    Error message = null
          Headers = [Content-Type:"application/json;charset=UTF-8"]
     Content type = application/json;charset=UTF-8
             Body = {"id":194,"createdOn":"2020-06-10T13:27:14.210532300Z","createdBy":"","name":"d3435575-e278-40bd-b4e0-98902842f78d","deliveryTimeStart":"2020-06-10T21:55:14.207534500Z","deliveryTimeEnd":"2020-06-10T22:10:14.207534500Z","closesAt":"2020-06-10T20:55:14.207534500Z","period":"MINUTES15","productStatus":"OPEN","user":null,"latestSellOrder":null,"latestBuyOrder":null,"marketCode":"CY","hasOrders":false,"totalOrders":0}
    Forwarded URL = null
   Redirected URL = null
          Cookies = []

MockHttpServletRequest:
      HTTP Method = POST
      Request URI = /modules/market/products
       Parameters = {}
          Headers = [Content-Type:"application/json", "application/json", Authorization:"Bearer eyJhbGciOiJIUzI1NiJ9.eyJqdGkiOiI3MzUwOGQ1MS1hYjllLTQ0NjMtOGYyYS1mZWJmNTk2N2I5ZjciLCJpYXQiOjE1OTE3OTU2MzIsInN1YiI6ImFkbWluIiwiaXNzIjoiZmxleGl0cmFuc3RvcmUuZXUiLCJleHAiOjE1OTE4ODIwMzIsInVzZXJfaWQiOjIwMDB9.EODpXW6mpb961TV_TVPJCK9GtpkV6SOJVUB5LqYzb7w"]
             Body = <no character encoding set>
    Session Attrs = {}

Handler:
             Type = flexi.fegcentral.backend.controllers.data.modules.market.ProductController
           Method = public flexi.fegcentral.backend.dto.data.modules.market.ProductDTO flexi.fegcentral.backend.controllers.data.modules.market.ProductController.create(flexi.fegcentral.backend.dto.data.modules.market.ProductDTO) throws java.lang.Exception

Async:
    Async started = false
     Async result = null

Resolved Exception:
             Type = null

ModelAndView:
        View name = null
             View = null
            Model = null

FlashMap:
       Attributes = null

MockHttpServletResponse:
           Status = 200
    Error message = null
          Headers = [Content-Type:"application/json;charset=UTF-8"]
     Content type = application/json;charset=UTF-8
             Body = {"id":195,"createdOn":"2020-06-10T13:27:14.222532800Z","createdBy":"","name":"5cfd2a20-5413-4baf-b29d-13a3a00baeec","deliveryTimeStart":"2020-06-10T20:59:14.219537200Z","deliveryTimeEnd":"2020-06-10T21:14:14.219537200Z","closesAt":"2020-06-10T19:59:14.219537200Z","period":"MINUTES15","productStatus":"OPEN","user":null,"latestSellOrder":null,"latestBuyOrder":null,"marketCode":"CY","hasOrders":false,"totalOrders":0}
    Forwarded URL = null
   Redirected URL = null
          Cookies = []

MockHttpServletRequest:
      HTTP Method = POST
      Request URI = /modules/market/products
       Parameters = {}
          Headers = [Content-Type:"application/json", "application/json", Authorization:"Bearer eyJhbGciOiJIUzI1NiJ9.eyJqdGkiOiI3MzUwOGQ1MS1hYjllLTQ0NjMtOGYyYS1mZWJmNTk2N2I5ZjciLCJpYXQiOjE1OTE3OTU2MzIsInN1YiI6ImFkbWluIiwiaXNzIjoiZmxleGl0cmFuc3RvcmUuZXUiLCJleHAiOjE1OTE4ODIwMzIsInVzZXJfaWQiOjIwMDB9.EODpXW6mpb961TV_TVPJCK9GtpkV6SOJVUB5LqYzb7w"]
             Body = <no character encoding set>
    Session Attrs = {}

Handler:
             Type = flexi.fegcentral.backend.controllers.data.modules.market.ProductController
           Method = public flexi.fegcentral.backend.dto.data.modules.market.ProductDTO flexi.fegcentral.backend.controllers.data.modules.market.ProductController.create(flexi.fegcentral.backend.dto.data.modules.market.ProductDTO) throws java.lang.Exception

Async:
    Async started = false
     Async result = null

Resolved Exception:
             Type = null

ModelAndView:
        View name = null
             View = null
            Model = null

FlashMap:
       Attributes = null

MockHttpServletResponse:
           Status = 200
    Error message = null
          Headers = [Content-Type:"application/json;charset=UTF-8"]
     Content type = application/json;charset=UTF-8
             Body = {"id":196,"createdOn":"2020-06-10T13:27:14.233533Z","createdBy":"","name":"fecb7703-c02d-485b-a60b-b36c96039b02","deliveryTimeStart":"2020-06-10T18:30:14.229532800Z","deliveryTimeEnd":"2020-06-10T18:45:14.229532800Z","closesAt":"2020-06-10T17:30:14.229532800Z","period":"MINUTES15","productStatus":"OPEN","user":null,"latestSellOrder":null,"latestBuyOrder":null,"marketCode":"CY","hasOrders":false,"totalOrders":0}
    Forwarded URL = null
   Redirected URL = null
          Cookies = []

MockHttpServletRequest:
      HTTP Method = POST
      Request URI = /modules/market/products
       Parameters = {}
          Headers = [Content-Type:"application/json", "application/json", Authorization:"Bearer eyJhbGciOiJIUzI1NiJ9.eyJqdGkiOiI3MzUwOGQ1MS1hYjllLTQ0NjMtOGYyYS1mZWJmNTk2N2I5ZjciLCJpYXQiOjE1OTE3OTU2MzIsInN1YiI6ImFkbWluIiwiaXNzIjoiZmxleGl0cmFuc3RvcmUuZXUiLCJleHAiOjE1OTE4ODIwMzIsInVzZXJfaWQiOjIwMDB9.EODpXW6mpb961TV_TVPJCK9GtpkV6SOJVUB5LqYzb7w"]
             Body = <no character encoding set>
    Session Attrs = {}

Handler:
             Type = flexi.fegcentral.backend.controllers.data.modules.market.ProductController
           Method = public flexi.fegcentral.backend.dto.data.modules.market.ProductDTO flexi.fegcentral.backend.controllers.data.modules.market.ProductController.create(flexi.fegcentral.backend.dto.data.modules.market.ProductDTO) throws java.lang.Exception

Async:
    Async started = false
     Async result = null

Resolved Exception:
             Type = null

ModelAndView:
        View name = null
             View = null
            Model = null

FlashMap:
       Attributes = null

MockHttpServletResponse:
           Status = 200
    Error message = null
          Headers = [Content-Type:"application/json;charset=UTF-8"]
     Content type = application/json;charset=UTF-8
             Body = {"id":197,"createdOn":"2020-06-10T13:27:14.243533300Z","createdBy":"","name":"397a4ca9-9b0c-4399-ade9-d6715a496f08","deliveryTimeStart":"2020-06-10T18:00:14.240533500Z","deliveryTimeEnd":"2020-06-10T18:15:14.240533500Z","closesAt":"2020-06-10T17:00:14.240533500Z","period":"MINUTES15","productStatus":"OPEN","user":null,"latestSellOrder":null,"latestBuyOrder":null,"marketCode":"CY","hasOrders":false,"totalOrders":0}
    Forwarded URL = null
   Redirected URL = null
          Cookies = []

MockHttpServletRequest:
      HTTP Method = POST
      Request URI = /modules/market/products
       Parameters = {}
          Headers = [Content-Type:"application/json", "application/json", Authorization:"Bearer eyJhbGciOiJIUzI1NiJ9.eyJqdGkiOiI3MzUwOGQ1MS1hYjllLTQ0NjMtOGYyYS1mZWJmNTk2N2I5ZjciLCJpYXQiOjE1OTE3OTU2MzIsInN1YiI6ImFkbWluIiwiaXNzIjoiZmxleGl0cmFuc3RvcmUuZXUiLCJleHAiOjE1OTE4ODIwMzIsInVzZXJfaWQiOjIwMDB9.EODpXW6mpb961TV_TVPJCK9GtpkV6SOJVUB5LqYzb7w"]
             Body = <no character encoding set>
    Session Attrs = {}

Handler:
             Type = flexi.fegcentral.backend.controllers.data.modules.market.ProductController
           Method = public flexi.fegcentral.backend.dto.data.modules.market.ProductDTO flexi.fegcentral.backend.controllers.data.modules.market.ProductController.create(flexi.fegcentral.backend.dto.data.modules.market.ProductDTO) throws java.lang.Exception

Async:
    Async started = false
     Async result = null

Resolved Exception:
             Type = null

ModelAndView:
        View name = null
             View = null
            Model = null

FlashMap:
       Attributes = null

MockHttpServletResponse:
           Status = 200
    Error message = null
          Headers = [Content-Type:"application/json;charset=UTF-8"]
     Content type = application/json;charset=UTF-8
             Body = {"id":198,"createdOn":"2020-06-10T13:27:14.260532300Z","createdBy":"","name":"d8aaaf50-dbc6-4b5f-b764-fc81e9d90552","deliveryTimeStart":"2020-06-10T19:30:14.257533Z","deliveryTimeEnd":"2020-06-10T19:45:14.257533Z","closesAt":"2020-06-10T18:30:14.257533Z","period":"MINUTES15","productStatus":"OPEN","user":null,"latestSellOrder":null,"latestBuyOrder":null,"marketCode":"CY","hasOrders":false,"totalOrders":0}
    Forwarded URL = null
   Redirected URL = null
          Cookies = []

MockHttpServletRequest:
      HTTP Method = POST
      Request URI = /modules/market/products
       Parameters = {}
          Headers = [Content-Type:"application/json", "application/json", Authorization:"Bearer eyJhbGciOiJIUzI1NiJ9.eyJqdGkiOiI3MzUwOGQ1MS1hYjllLTQ0NjMtOGYyYS1mZWJmNTk2N2I5ZjciLCJpYXQiOjE1OTE3OTU2MzIsInN1YiI6ImFkbWluIiwiaXNzIjoiZmxleGl0cmFuc3RvcmUuZXUiLCJleHAiOjE1OTE4ODIwMzIsInVzZXJfaWQiOjIwMDB9.EODpXW6mpb961TV_TVPJCK9GtpkV6SOJVUB5LqYzb7w"]
             Body = <no character encoding set>
    Session Attrs = {}

Handler:
             Type = flexi.fegcentral.backend.controllers.data.modules.market.ProductController
           Method = public flexi.fegcentral.backend.dto.data.modules.market.ProductDTO flexi.fegcentral.backend.controllers.data.modules.market.ProductController.create(flexi.fegcentral.backend.dto.data.modules.market.ProductDTO) throws java.lang.Exception

Async:
    Async started = false
     Async result = null

Resolved Exception:
             Type = null

ModelAndView:
        View name = null
             View = null
            Model = null

FlashMap:
       Attributes = null

MockHttpServletResponse:
           Status = 200
    Error message = null
          Headers = [Content-Type:"application/json;charset=UTF-8"]
     Content type = application/json;charset=UTF-8
             Body = {"id":199,"createdOn":"2020-06-10T13:27:14.270532600Z","createdBy":"","name":"c36b034a-d780-451c-800b-c319f254fa60","deliveryTimeStart":"2020-06-10T20:49:14.267532Z","deliveryTimeEnd":"2020-06-10T21:04:14.267532Z","closesAt":"2020-06-10T19:49:14.267532Z","period":"MINUTES15","productStatus":"OPEN","user":null,"latestSellOrder":null,"latestBuyOrder":null,"marketCode":"CY","hasOrders":false,"totalOrders":0}
    Forwarded URL = null
   Redirected URL = null
          Cookies = []

MockHttpServletRequest:
      HTTP Method = POST
      Request URI = /modules/market/products
       Parameters = {}
          Headers = [Content-Type:"application/json", "application/json", Authorization:"Bearer eyJhbGciOiJIUzI1NiJ9.eyJqdGkiOiI3MzUwOGQ1MS1hYjllLTQ0NjMtOGYyYS1mZWJmNTk2N2I5ZjciLCJpYXQiOjE1OTE3OTU2MzIsInN1YiI6ImFkbWluIiwiaXNzIjoiZmxleGl0cmFuc3RvcmUuZXUiLCJleHAiOjE1OTE4ODIwMzIsInVzZXJfaWQiOjIwMDB9.EODpXW6mpb961TV_TVPJCK9GtpkV6SOJVUB5LqYzb7w"]
             Body = <no character encoding set>
    Session Attrs = {}

Handler:
             Type = flexi.fegcentral.backend.controllers.data.modules.market.ProductController
           Method = public flexi.fegcentral.backend.dto.data.modules.market.ProductDTO flexi.fegcentral.backend.controllers.data.modules.market.ProductController.create(flexi.fegcentral.backend.dto.data.modules.market.ProductDTO) throws java.lang.Exception

Async:
    Async started = false
     Async result = null

Resolved Exception:
             Type = null

ModelAndView:
        View name = null
             View = null
            Model = null

FlashMap:
       Attributes = null

MockHttpServletResponse:
           Status = 200
    Error message = null
          Headers = [Content-Type:"application/json;charset=UTF-8"]
     Content type = application/json;charset=UTF-8
             Body = {"id":200,"createdOn":"2020-06-10T13:27:14.281533100Z","createdBy":"","name":"1f2dbb3d-58d1-4420-b770-751d985f5bd7","deliveryTimeStart":"2020-06-10T16:45:14.278537400Z","deliveryTimeEnd":"2020-06-10T17:00:14.278537400Z","closesAt":"2020-06-10T15:45:14.278537400Z","period":"MINUTES15","productStatus":"OPEN","user":null,"latestSellOrder":null,"latestBuyOrder":null,"marketCode":"CY","hasOrders":false,"totalOrders":0}
    Forwarded URL = null
   Redirected URL = null
          Cookies = []

MockHttpServletRequest:
      HTTP Method = POST
      Request URI = /modules/market/products
       Parameters = {}
          Headers = [Content-Type:"application/json", "application/json", Authorization:"Bearer eyJhbGciOiJIUzI1NiJ9.eyJqdGkiOiI3MzUwOGQ1MS1hYjllLTQ0NjMtOGYyYS1mZWJmNTk2N2I5ZjciLCJpYXQiOjE1OTE3OTU2MzIsInN1YiI6ImFkbWluIiwiaXNzIjoiZmxleGl0cmFuc3RvcmUuZXUiLCJleHAiOjE1OTE4ODIwMzIsInVzZXJfaWQiOjIwMDB9.EODpXW6mpb961TV_TVPJCK9GtpkV6SOJVUB5LqYzb7w"]
             Body = <no character encoding set>
    Session Attrs = {}

Handler:
             Type = flexi.fegcentral.backend.controllers.data.modules.market.ProductController
           Method = public flexi.fegcentral.backend.dto.data.modules.market.ProductDTO flexi.fegcentral.backend.controllers.data.modules.market.ProductController.create(flexi.fegcentral.backend.dto.data.modules.market.ProductDTO) throws java.lang.Exception

Async:
    Async started = false
     Async result = null

Resolved Exception:
             Type = null

ModelAndView:
        View name = null
             View = null
            Model = null

FlashMap:
       Attributes = null

MockHttpServletResponse:
           Status = 200
    Error message = null
          Headers = [Content-Type:"application/json;charset=UTF-8"]
     Content type = application/json;charset=UTF-8
             Body = {"id":201,"createdOn":"2020-06-10T13:27:14.291532Z","createdBy":"","name":"8fd4773f-188d-485e-a6cd-72d844221207","deliveryTimeStart":"2020-06-10T17:14:14.289532500Z","deliveryTimeEnd":"2020-06-10T17:29:14.289532500Z","closesAt":"2020-06-10T16:14:14.289532500Z","period":"MINUTES15","productStatus":"OPEN","user":null,"latestSellOrder":null,"latestBuyOrder":null,"marketCode":"CY","hasOrders":false,"totalOrders":0}
    Forwarded URL = null
   Redirected URL = null
          Cookies = []

MockHttpServletRequest:
      HTTP Method = POST
      Request URI = /modules/market/products
       Parameters = {}
          Headers = [Content-Type:"application/json", "application/json", Authorization:"Bearer eyJhbGciOiJIUzI1NiJ9.eyJqdGkiOiI3MzUwOGQ1MS1hYjllLTQ0NjMtOGYyYS1mZWJmNTk2N2I5ZjciLCJpYXQiOjE1OTE3OTU2MzIsInN1YiI6ImFkbWluIiwiaXNzIjoiZmxleGl0cmFuc3RvcmUuZXUiLCJleHAiOjE1OTE4ODIwMzIsInVzZXJfaWQiOjIwMDB9.EODpXW6mpb961TV_TVPJCK9GtpkV6SOJVUB5LqYzb7w"]
             Body = <no character encoding set>
    Session Attrs = {}

Handler:
             Type = flexi.fegcentral.backend.controllers.data.modules.market.ProductController
           Method = public flexi.fegcentral.backend.dto.data.modules.market.ProductDTO flexi.fegcentral.backend.controllers.data.modules.market.ProductController.create(flexi.fegcentral.backend.dto.data.modules.market.ProductDTO) throws java.lang.Exception

Async:
    Async started = false
     Async result = null

Resolved Exception:
             Type = null

ModelAndView:
        View name = null
             View = null
            Model = null

FlashMap:
       Attributes = null

MockHttpServletResponse:
           Status = 200
    Error message = null
          Headers = [Content-Type:"application/json;charset=UTF-8"]
     Content type = application/json;charset=UTF-8
             Body = {"id":202,"createdOn":"2020-06-10T13:27:14.303536600Z","createdBy":"","name":"a07ad6f8-294d-4438-a444-9e46f7de55be","deliveryTimeStart":"2020-06-10T18:17:14.299536900Z","deliveryTimeEnd":"2020-06-10T18:32:14.299536900Z","closesAt":"2020-06-10T17:17:14.299536900Z","period":"MINUTES15","productStatus":"OPEN","user":null,"latestSellOrder":null,"latestBuyOrder":null,"marketCode":"CY","hasOrders":false,"totalOrders":0}
    Forwarded URL = null
   Redirected URL = null
          Cookies = []

MockHttpServletRequest:
      HTTP Method = POST
      Request URI = /modules/market/products
       Parameters = {}
          Headers = [Content-Type:"application/json", "application/json", Authorization:"Bearer eyJhbGciOiJIUzI1NiJ9.eyJqdGkiOiI3MzUwOGQ1MS1hYjllLTQ0NjMtOGYyYS1mZWJmNTk2N2I5ZjciLCJpYXQiOjE1OTE3OTU2MzIsInN1YiI6ImFkbWluIiwiaXNzIjoiZmxleGl0cmFuc3RvcmUuZXUiLCJleHAiOjE1OTE4ODIwMzIsInVzZXJfaWQiOjIwMDB9.EODpXW6mpb961TV_TVPJCK9GtpkV6SOJVUB5LqYzb7w"]
             Body = <no character encoding set>
    Session Attrs = {}

Handler:
             Type = flexi.fegcentral.backend.controllers.data.modules.market.ProductController
           Method = public flexi.fegcentral.backend.dto.data.modules.market.ProductDTO flexi.fegcentral.backend.controllers.data.modules.market.ProductController.create(flexi.fegcentral.backend.dto.data.modules.market.ProductDTO) throws java.lang.Exception

Async:
    Async started = false
     Async result = null

Resolved Exception:
             Type = null

ModelAndView:
        View name = null
             View = null
            Model = null

FlashMap:
       Attributes = null

MockHttpServletResponse:
           Status = 200
    Error message = null
          Headers = [Content-Type:"application/json;charset=UTF-8"]
     Content type = application/json;charset=UTF-8
             Body = {"id":203,"createdOn":"2020-06-10T13:27:14.317534100Z","createdBy":"","name":"a522a891-4d85-4ca3-ab0e-7b22ed6e16c2","deliveryTimeStart":"2020-06-10T20:21:14.313534200Z","deliveryTimeEnd":"2020-06-10T20:36:14.313534200Z","closesAt":"2020-06-10T19:21:14.313534200Z","period":"MINUTES15","productStatus":"OPEN","user":null,"latestSellOrder":null,"latestBuyOrder":null,"marketCode":"CY","hasOrders":false,"totalOrders":0}
    Forwarded URL = null
   Redirected URL = null
          Cookies = []

MockHttpServletRequest:
      HTTP Method = POST
      Request URI = /modules/market/products
       Parameters = {}
          Headers = [Content-Type:"application/json", "application/json", Authorization:"Bearer eyJhbGciOiJIUzI1NiJ9.eyJqdGkiOiI3MzUwOGQ1MS1hYjllLTQ0NjMtOGYyYS1mZWJmNTk2N2I5ZjciLCJpYXQiOjE1OTE3OTU2MzIsInN1YiI6ImFkbWluIiwiaXNzIjoiZmxleGl0cmFuc3RvcmUuZXUiLCJleHAiOjE1OTE4ODIwMzIsInVzZXJfaWQiOjIwMDB9.EODpXW6mpb961TV_TVPJCK9GtpkV6SOJVUB5LqYzb7w"]
             Body = <no character encoding set>
    Session Attrs = {}

Handler:
             Type = flexi.fegcentral.backend.controllers.data.modules.market.ProductController
           Method = public flexi.fegcentral.backend.dto.data.modules.market.ProductDTO flexi.fegcentral.backend.controllers.data.modules.market.ProductController.create(flexi.fegcentral.backend.dto.data.modules.market.ProductDTO) throws java.lang.Exception

Async:
    Async started = false
     Async result = null

Resolved Exception:
             Type = null

ModelAndView:
        View name = null
             View = null
            Model = null

FlashMap:
       Attributes = null

MockHttpServletResponse:
           Status = 200
    Error message = null
          Headers = [Content-Type:"application/json;charset=UTF-8"]
     Content type = application/json;charset=UTF-8
             Body = {"id":204,"createdOn":"2020-06-10T13:27:14.340534100Z","createdBy":"","name":"7ad60d5a-16c7-44bc-ac0e-f4b4878d8856","deliveryTimeStart":"2020-06-10T18:22:14.337533600Z","deliveryTimeEnd":"2020-06-10T18:37:14.337533600Z","closesAt":"2020-06-10T17:22:14.337533600Z","period":"MINUTES15","productStatus":"OPEN","user":null,"latestSellOrder":null,"latestBuyOrder":null,"marketCode":"CY","hasOrders":false,"totalOrders":0}
    Forwarded URL = null
   Redirected URL = null
          Cookies = []

MockHttpServletRequest:
      HTTP Method = POST
      Request URI = /modules/market/products
       Parameters = {}
          Headers = [Content-Type:"application/json", "application/json", Authorization:"Bearer eyJhbGciOiJIUzI1NiJ9.eyJqdGkiOiI3MzUwOGQ1MS1hYjllLTQ0NjMtOGYyYS1mZWJmNTk2N2I5ZjciLCJpYXQiOjE1OTE3OTU2MzIsInN1YiI6ImFkbWluIiwiaXNzIjoiZmxleGl0cmFuc3RvcmUuZXUiLCJleHAiOjE1OTE4ODIwMzIsInVzZXJfaWQiOjIwMDB9.EODpXW6mpb961TV_TVPJCK9GtpkV6SOJVUB5LqYzb7w"]
             Body = <no character encoding set>
    Session Attrs = {}

Handler:
             Type = flexi.fegcentral.backend.controllers.data.modules.market.ProductController
           Method = public flexi.fegcentral.backend.dto.data.modules.market.ProductDTO flexi.fegcentral.backend.controllers.data.modules.market.ProductController.create(flexi.fegcentral.backend.dto.data.modules.market.ProductDTO) throws java.lang.Exception

Async:
    Async started = false
     Async result = null

Resolved Exception:
             Type = null

ModelAndView:
        View name = null
             View = null
            Model = null

FlashMap:
       Attributes = null

MockHttpServletResponse:
           Status = 200
    Error message = null
          Headers = [Content-Type:"application/json;charset=UTF-8"]
     Content type = application/json;charset=UTF-8
             Body = {"id":205,"createdOn":"2020-06-10T13:27:14.353533600Z","createdBy":"","name":"344a5906-ba27-461e-8275-5223c01f920f","deliveryTimeStart":"2020-06-10T21:27:14.350534900Z","deliveryTimeEnd":"2020-06-10T21:42:14.350534900Z","closesAt":"2020-06-10T20:27:14.350534900Z","period":"MINUTES15","productStatus":"OPEN","user":null,"latestSellOrder":null,"latestBuyOrder":null,"marketCode":"CY","hasOrders":false,"totalOrders":0}
    Forwarded URL = null
   Redirected URL = null
          Cookies = []

MockHttpServletRequest:
      HTTP Method = POST
      Request URI = /modules/market/products
       Parameters = {}
          Headers = [Content-Type:"application/json", "application/json", Authorization:"Bearer eyJhbGciOiJIUzI1NiJ9.eyJqdGkiOiI3MzUwOGQ1MS1hYjllLTQ0NjMtOGYyYS1mZWJmNTk2N2I5ZjciLCJpYXQiOjE1OTE3OTU2MzIsInN1YiI6ImFkbWluIiwiaXNzIjoiZmxleGl0cmFuc3RvcmUuZXUiLCJleHAiOjE1OTE4ODIwMzIsInVzZXJfaWQiOjIwMDB9.EODpXW6mpb961TV_TVPJCK9GtpkV6SOJVUB5LqYzb7w"]
             Body = <no character encoding set>
    Session Attrs = {}

Handler:
             Type = flexi.fegcentral.backend.controllers.data.modules.market.ProductController
           Method = public flexi.fegcentral.backend.dto.data.modules.market.ProductDTO flexi.fegcentral.backend.controllers.data.modules.market.ProductController.create(flexi.fegcentral.backend.dto.data.modules.market.ProductDTO) throws java.lang.Exception

Async:
    Async started = false
     Async result = null

Resolved Exception:
             Type = null

ModelAndView:
        View name = null
             View = null
            Model = null

FlashMap:
       Attributes = null

MockHttpServletResponse:
           Status = 200
    Error message = null
          Headers = [Content-Type:"application/json;charset=UTF-8"]
     Content type = application/json;charset=UTF-8
             Body = {"id":206,"createdOn":"2020-06-10T13:27:14.368534300Z","createdBy":"","name":"ec1414f8-e120-4c9c-a7d3-1a9868f255ff","deliveryTimeStart":"2020-06-10T17:40:14.365533100Z","deliveryTimeEnd":"2020-06-10T17:55:14.365533100Z","closesAt":"2020-06-10T16:40:14.365533100Z","period":"MINUTES15","productStatus":"OPEN","user":null,"latestSellOrder":null,"latestBuyOrder":null,"marketCode":"CY","hasOrders":false,"totalOrders":0}
    Forwarded URL = null
   Redirected URL = null
          Cookies = []

MockHttpServletRequest:
      HTTP Method = POST
      Request URI = /modules/market/products
       Parameters = {}
          Headers = [Content-Type:"application/json", "application/json", Authorization:"Bearer eyJhbGciOiJIUzI1NiJ9.eyJqdGkiOiI3MzUwOGQ1MS1hYjllLTQ0NjMtOGYyYS1mZWJmNTk2N2I5ZjciLCJpYXQiOjE1OTE3OTU2MzIsInN1YiI6ImFkbWluIiwiaXNzIjoiZmxleGl0cmFuc3RvcmUuZXUiLCJleHAiOjE1OTE4ODIwMzIsInVzZXJfaWQiOjIwMDB9.EODpXW6mpb961TV_TVPJCK9GtpkV6SOJVUB5LqYzb7w"]
             Body = <no character encoding set>
    Session Attrs = {}

Handler:
             Type = flexi.fegcentral.backend.controllers.data.modules.market.ProductController
           Method = public flexi.fegcentral.backend.dto.data.modules.market.ProductDTO flexi.fegcentral.backend.controllers.data.modules.market.ProductController.create(flexi.fegcentral.backend.dto.data.modules.market.ProductDTO) throws java.lang.Exception

Async:
    Async started = false
     Async result = null

Resolved Exception:
             Type = null

ModelAndView:
        View name = null
             View = null
            Model = null

FlashMap:
       Attributes = null

MockHttpServletResponse:
           Status = 200
    Error message = null
          Headers = [Content-Type:"application/json;charset=UTF-8"]
     Content type = application/json;charset=UTF-8
             Body = {"id":207,"createdOn":"2020-06-10T13:27:14.386533800Z","createdBy":"","name":"f992b3c7-832c-4db2-abff-d3994dd7714f","deliveryTimeStart":"2020-06-10T22:11:14.383533800Z","deliveryTimeEnd":"2020-06-10T22:26:14.383533800Z","closesAt":"2020-06-10T21:11:14.383533800Z","period":"MINUTES15","productStatus":"OPEN","user":null,"latestSellOrder":null,"latestBuyOrder":null,"marketCode":"CY","hasOrders":false,"totalOrders":0}
    Forwarded URL = null
   Redirected URL = null
          Cookies = []

MockHttpServletRequest:
      HTTP Method = POST
      Request URI = /modules/market/products
       Parameters = {}
          Headers = [Content-Type:"application/json", "application/json", Authorization:"Bearer eyJhbGciOiJIUzI1NiJ9.eyJqdGkiOiI3MzUwOGQ1MS1hYjllLTQ0NjMtOGYyYS1mZWJmNTk2N2I5ZjciLCJpYXQiOjE1OTE3OTU2MzIsInN1YiI6ImFkbWluIiwiaXNzIjoiZmxleGl0cmFuc3RvcmUuZXUiLCJleHAiOjE1OTE4ODIwMzIsInVzZXJfaWQiOjIwMDB9.EODpXW6mpb961TV_TVPJCK9GtpkV6SOJVUB5LqYzb7w"]
             Body = <no character encoding set>
    Session Attrs = {}

Handler:
             Type = flexi.fegcentral.backend.controllers.data.modules.market.ProductController
           Method = public flexi.fegcentral.backend.dto.data.modules.market.ProductDTO flexi.fegcentral.backend.controllers.data.modules.market.ProductController.create(flexi.fegcentral.backend.dto.data.modules.market.ProductDTO) throws java.lang.Exception

Async:
    Async started = false
     Async result = null

Resolved Exception:
             Type = null

ModelAndView:
        View name = null
             View = null
            Model = null

FlashMap:
       Attributes = null

MockHttpServletResponse:
           Status = 200
    Error message = null
          Headers = [Content-Type:"application/json;charset=UTF-8"]
     Content type = application/json;charset=UTF-8
             Body = {"id":208,"createdOn":"2020-06-10T13:27:14.404533400Z","createdBy":"","name":"40232cc0-3828-40a8-a38d-130b6138f5b3","deliveryTimeStart":"2020-06-10T22:23:14.400534200Z","deliveryTimeEnd":"2020-06-10T22:38:14.400534200Z","closesAt":"2020-06-10T21:23:14.400534200Z","period":"MINUTES15","productStatus":"OPEN","user":null,"latestSellOrder":null,"latestBuyOrder":null,"marketCode":"CY","hasOrders":false,"totalOrders":0}
    Forwarded URL = null
   Redirected URL = null
          Cookies = []

MockHttpServletRequest:
      HTTP Method = POST
      Request URI = /modules/market/products
       Parameters = {}
          Headers = [Content-Type:"application/json", "application/json", Authorization:"Bearer eyJhbGciOiJIUzI1NiJ9.eyJqdGkiOiI3MzUwOGQ1MS1hYjllLTQ0NjMtOGYyYS1mZWJmNTk2N2I5ZjciLCJpYXQiOjE1OTE3OTU2MzIsInN1YiI6ImFkbWluIiwiaXNzIjoiZmxleGl0cmFuc3RvcmUuZXUiLCJleHAiOjE1OTE4ODIwMzIsInVzZXJfaWQiOjIwMDB9.EODpXW6mpb961TV_TVPJCK9GtpkV6SOJVUB5LqYzb7w"]
             Body = <no character encoding set>
    Session Attrs = {}

Handler:
             Type = flexi.fegcentral.backend.controllers.data.modules.market.ProductController
           Method = public flexi.fegcentral.backend.dto.data.modules.market.ProductDTO flexi.fegcentral.backend.controllers.data.modules.market.ProductController.create(flexi.fegcentral.backend.dto.data.modules.market.ProductDTO) throws java.lang.Exception

Async:
    Async started = false
     Async result = null

Resolved Exception:
             Type = null

ModelAndView:
        View name = null
             View = null
            Model = null

FlashMap:
       Attributes = null

MockHttpServletResponse:
           Status = 200
    Error message = null
          Headers = [Content-Type:"application/json;charset=UTF-8"]
     Content type = application/json;charset=UTF-8
             Body = {"id":209,"createdOn":"2020-06-10T13:27:14.420535300Z","createdBy":"","name":"6dd0841e-319c-4713-8db2-43cd82ad2e09","deliveryTimeStart":"2020-06-10T20:29:14.417534600Z","deliveryTimeEnd":"2020-06-10T20:44:14.417534600Z","closesAt":"2020-06-10T19:29:14.417534600Z","period":"MINUTES15","productStatus":"OPEN","user":null,"latestSellOrder":null,"latestBuyOrder":null,"marketCode":"CY","hasOrders":false,"totalOrders":0}
    Forwarded URL = null
   Redirected URL = null
          Cookies = []

MockHttpServletRequest:
      HTTP Method = GET
      Request URI = /modules/market/products/active/
       Parameters = {}
          Headers = [Content-Type:"application/json", "application/json", Authorization:"Bearer eyJhbGciOiJIUzI1NiJ9.eyJqdGkiOiI3MzUwOGQ1MS1hYjllLTQ0NjMtOGYyYS1mZWJmNTk2N2I5ZjciLCJpYXQiOjE1OTE3OTU2MzIsInN1YiI6ImFkbWluIiwiaXNzIjoiZmxleGl0cmFuc3RvcmUuZXUiLCJleHAiOjE1OTE4ODIwMzIsInVzZXJfaWQiOjIwMDB9.EODpXW6mpb961TV_TVPJCK9GtpkV6SOJVUB5LqYzb7w"]
             Body = <no character encoding set>
    Session Attrs = {}

Handler:
             Type = flexi.fegcentral.backend.controllers.data.modules.market.ProductController
           Method = public java.util.List<flexi.fegcentral.backend.dto.data.modules.market.ProductDTO> flexi.fegcentral.backend.controllers.data.modules.market.ProductController.getActiveProducts(java.lang.String)

Async:
    Async started = false
     Async result = null

Resolved Exception:
             Type = org.springframework.web.server.ResponseStatusException

ModelAndView:
        View name = null
             View = null
            Model = null

FlashMap:
       Attributes = null

MockHttpServletResponse:
           Status = 500
    Error message = Unable to retrieve scenario
          Headers = []
     Content type = null
             Body = 
    Forwarded URL = null
   Redirected URL = null
          Cookies = []
]]></system-out>
  <system-err><![CDATA[]]></system-err>
</testsuite>
